[0.007s] Invoking command in '/home/usman/ros2_ws/build/zed_ros2': CMAKE_PREFIX_PATH=/home/usman/ros2_ws/install/zed_wrapper:/home/usman/ros2_ws/install/zed_components:/home/usman/ros2_ws/install/zed_interfaces:/home/usman/ros2_ws/install/zed_ros2:/home/usman/ros2_ws/install/rgbd_pdf_exporter:/home/usman/ros2_ws/install/rgbd_converter:/opt/ros/humble /usr/bin/cmake --build /home/usman/ros2_ws/build/zed_ros2 -- -j16 -l16
[0.030s] Invoked command in '/home/usman/ros2_ws/build/zed_ros2' returned '0': CMAKE_PREFIX_PATH=/home/usman/ros2_ws/install/zed_wrapper:/home/usman/ros2_ws/install/zed_components:/home/usman/ros2_ws/install/zed_interfaces:/home/usman/ros2_ws/install/zed_ros2:/home/usman/ros2_ws/install/rgbd_pdf_exporter:/home/usman/ros2_ws/install/rgbd_converter:/opt/ros/humble /usr/bin/cmake --build /home/usman/ros2_ws/build/zed_ros2 -- -j16 -l16
[0.044s] Invoking command in '/home/usman/ros2_ws/build/zed_ros2': CMAKE_PREFIX_PATH=/home/usman/ros2_ws/install/zed_wrapper:/home/usman/ros2_ws/install/zed_components:/home/usman/ros2_ws/install/zed_interfaces:/home/usman/ros2_ws/install/zed_ros2:/home/usman/ros2_ws/install/rgbd_pdf_exporter:/home/usman/ros2_ws/install/rgbd_converter:/opt/ros/humble /usr/bin/cmake --install /home/usman/ros2_ws/build/zed_ros2
[0.049s] -- Install configuration: "Release"
[0.049s] -- Execute custom install script
[0.049s] -- Up-to-date symlink: /home/usman/ros2_ws/install/zed_ros2/share/ament_index/resource_index/package_run_dependencies/zed_ros2
[0.049s] -- Up-to-date symlink: /home/usman/ros2_ws/install/zed_ros2/share/ament_index/resource_index/parent_prefix_path/zed_ros2
[0.049s] -- Up-to-date symlink: /home/usman/ros2_ws/install/zed_ros2/share/zed_ros2/environment/ament_prefix_path.sh
[0.049s] -- Up-to-date symlink: /home/usman/ros2_ws/install/zed_ros2/share/zed_ros2/environment/ament_prefix_path.dsv
[0.049s] -- Up-to-date symlink: /home/usman/ros2_ws/install/zed_ros2/share/zed_ros2/environment/path.sh
[0.049s] -- Up-to-date symlink: /home/usman/ros2_ws/install/zed_ros2/share/zed_ros2/environment/path.dsv
[0.049s] -- Up-to-date symlink: /home/usman/ros2_ws/install/zed_ros2/share/zed_ros2/local_setup.bash
[0.050s] -- Up-to-date symlink: /home/usman/ros2_ws/install/zed_ros2/share/zed_ros2/local_setup.sh
[0.050s] -- Up-to-date symlink: /home/usman/ros2_ws/install/zed_ros2/share/zed_ros2/local_setup.zsh
[0.050s] -- Up-to-date symlink: /home/usman/ros2_ws/install/zed_ros2/share/zed_ros2/local_setup.dsv
[0.050s] -- Symlinking: /home/usman/ros2_ws/install/zed_ros2/share/zed_ros2/package.dsv
[0.055s] -- Up-to-date symlink: /home/usman/ros2_ws/install/zed_ros2/share/ament_index/resource_index/packages/zed_ros2
[0.055s] -- Up-to-date symlink: /home/usman/ros2_ws/install/zed_ros2/share/zed_ros2/cmake/zed_ros2Config.cmake
[0.055s] -- Up-to-date symlink: /home/usman/ros2_ws/install/zed_ros2/share/zed_ros2/cmake/zed_ros2Config-version.cmake
[0.055s] -- Up-to-date symlink: /home/usman/ros2_ws/install/zed_ros2/share/zed_ros2/package.xml
[0.057s] Invoked command in '/home/usman/ros2_ws/build/zed_ros2' returned '0': CMAKE_PREFIX_PATH=/home/usman/ros2_ws/install/zed_wrapper:/home/usman/ros2_ws/install/zed_components:/home/usman/ros2_ws/install/zed_interfaces:/home/usman/ros2_ws/install/zed_ros2:/home/usman/ros2_ws/install/rgbd_pdf_exporter:/home/usman/ros2_ws/install/rgbd_converter:/opt/ros/humble /usr/bin/cmake --install /home/usman/ros2_ws/build/zed_ros2
