[0.363s] Invoking command in '/home/usman/ros2_ws/src/rgbd_observer': PYTHONPATH=/home/usman/ros2_ws/build/rgbd_observer/prefix_override:/usr/lib/python3/dist-packages/colcon_core/task/python/colcon_distutils_commands:/home/usman/ros2_ws/install/rgbd_observer/lib/python3.10/site-packages:${PYTHONPATH} /usr/bin/python3 -W ignore:setup.py install is deprecated setup.py egg_info --egg-base ../../build/rgbd_observer build --build-base /home/usman/ros2_ws/build/rgbd_observer/build install --record /home/usman/ros2_ws/build/rgbd_observer/install.log --single-version-externally-managed install_data
[0.489s] running egg_info
[0.490s] writing ../../build/rgbd_observer/rgbd_observer.egg-info/PKG-INFO
[0.490s] writing dependency_links to ../../build/rgbd_observer/rgbd_observer.egg-info/dependency_links.txt
[0.490s] writing entry points to ../../build/rgbd_observer/rgbd_observer.egg-info/entry_points.txt
[0.490s] writing requirements to ../../build/rgbd_observer/rgbd_observer.egg-info/requires.txt
[0.490s] writing top-level names to ../../build/rgbd_observer/rgbd_observer.egg-info/top_level.txt
[0.491s] reading manifest file '../../build/rgbd_observer/rgbd_observer.egg-info/SOURCES.txt'
[0.491s] writing manifest file '../../build/rgbd_observer/rgbd_observer.egg-info/SOURCES.txt'
[0.491s] running build
[0.491s] running build_py
[0.492s] running install
[0.492s] running install_lib
[0.493s] running install_data
[0.493s] running install_egg_info
[0.494s] removing '/home/usman/ros2_ws/install/rgbd_observer/lib/python3.10/site-packages/rgbd_observer-0.0.0-py3.10.egg-info' (and everything under it)
[0.494s] Copying ../../build/rgbd_observer/rgbd_observer.egg-info to /home/usman/ros2_ws/install/rgbd_observer/lib/python3.10/site-packages/rgbd_observer-0.0.0-py3.10.egg-info
[0.494s] running install_scripts
[0.505s] Installing rgbd_observer script to /home/usman/ros2_ws/install/rgbd_observer/lib/rgbd_observer
[0.506s] writing list of installed files to '/home/usman/ros2_ws/build/rgbd_observer/install.log'
[0.517s] Invoked command in '/home/usman/ros2_ws/src/rgbd_observer' returned '0': PYTHONPATH=/home/usman/ros2_ws/build/rgbd_observer/prefix_override:/usr/lib/python3/dist-packages/colcon_core/task/python/colcon_distutils_commands:/home/usman/ros2_ws/install/rgbd_observer/lib/python3.10/site-packages:${PYTHONPATH} /usr/bin/python3 -W ignore:setup.py install is deprecated setup.py egg_info --egg-base ../../build/rgbd_observer build --build-base /home/usman/ros2_ws/build/rgbd_observer/build install --record /home/usman/ros2_ws/build/rgbd_observer/install.log --single-version-externally-managed install_data
