[0.507s] Invoking command in '/home/usman/ros2_ws/src/rgbd_converter': PYTHONPATH=/home/usman/ros2_ws/build/rgbd_converter/prefix_override:/usr/lib/python3/dist-packages/colcon_core/task/python/colcon_distutils_commands:/home/usman/ros2_ws/install/rgbd_converter/lib/python3.10/site-packages:${PYTHONPATH} /usr/bin/python3 -W ignore:setup.py install is deprecated setup.py egg_info --egg-base ../../build/rgbd_converter build --build-base /home/usman/ros2_ws/build/rgbd_converter/build install --record /home/usman/ros2_ws/build/rgbd_converter/install.log --single-version-externally-managed install_data
[0.647s] running egg_info
[0.648s] writing ../../build/rgbd_converter/rgbd_converter.egg-info/PKG-INFO
[0.648s] writing dependency_links to ../../build/rgbd_converter/rgbd_converter.egg-info/dependency_links.txt
[0.648s] writing entry points to ../../build/rgbd_converter/rgbd_converter.egg-info/entry_points.txt
[0.648s] writing requirements to ../../build/rgbd_converter/rgbd_converter.egg-info/requires.txt
[0.648s] writing top-level names to ../../build/rgbd_converter/rgbd_converter.egg-info/top_level.txt
[0.649s] reading manifest file '../../build/rgbd_converter/rgbd_converter.egg-info/SOURCES.txt'
[0.650s] writing manifest file '../../build/rgbd_converter/rgbd_converter.egg-info/SOURCES.txt'
[0.650s] running build
[0.650s] running build_py
[0.651s] running install
[0.651s] running install_lib
[0.652s] running install_data
[0.652s] running install_egg_info
[0.653s] removing '/home/usman/ros2_ws/install/rgbd_converter/lib/python3.10/site-packages/rgbd_converter-0.0.0-py3.10.egg-info' (and everything under it)
[0.654s] Copying ../../build/rgbd_converter/rgbd_converter.egg-info to /home/usman/ros2_ws/install/rgbd_converter/lib/python3.10/site-packages/rgbd_converter-0.0.0-py3.10.egg-info
[0.654s] running install_scripts
[0.667s] Installing rgbd_node script to /home/usman/ros2_ws/install/rgbd_converter/lib/rgbd_converter
[0.667s] writing list of installed files to '/home/usman/ros2_ws/build/rgbd_converter/install.log'
[0.680s] Invoked command in '/home/usman/ros2_ws/src/rgbd_converter' returned '0': PYTHONPATH=/home/usman/ros2_ws/build/rgbd_converter/prefix_override:/usr/lib/python3/dist-packages/colcon_core/task/python/colcon_distutils_commands:/home/usman/ros2_ws/install/rgbd_converter/lib/python3.10/site-packages:${PYTHONPATH} /usr/bin/python3 -W ignore:setup.py install is deprecated setup.py egg_info --egg-base ../../build/rgbd_converter build --build-base /home/usman/ros2_ws/build/rgbd_converter/build install --record /home/usman/ros2_ws/build/rgbd_converter/install.log --single-version-externally-managed install_data
