[0.006s] Invoking command in '/home/usman/ros2_ws/build/zed_interfaces': CMAKE_PREFIX_PATH=/opt/ros/humble /usr/bin/cmake /home/usman/ros2_ws/src/zed-ros2-wrapper/zed-ros2-interfaces -DCMAKE_BUILD_TYPE=Release -DAMENT_CMAKE_SYMLINK_INSTALL=1 -DCMAKE_INSTALL_PREFIX=/home/usman/ros2_ws/install/zed_interfaces
[0.015s] -- Found ament_cmake_auto: 1.3.9 (/opt/ros/humble/share/ament_cmake_auto/cmake)
[0.106s] -- Found Python3: /usr/bin/python3 (found version "3.10.12") found components: Interpreter 
[0.141s] -- Override CMake install command with custom implementation using symlinks instead of copying resources
[0.211s] -- Found rosidl_generator_c: 3.1.5 (/opt/ros/humble/share/rosidl_generator_c/cmake)
[0.214s] -- Found rosidl_adapter: 3.1.5 (/opt/ros/humble/share/rosidl_adapter/cmake)
[0.219s] -- Found rosidl_generator_cpp: 3.1.5 (/opt/ros/humble/share/rosidl_generator_cpp/cmake)
[0.227s] -- Using all available rosidl_typesupport_c: rosidl_typesupport_fastrtps_c;rosidl_typesupport_introspection_c
[0.238s] -- Using all available rosidl_typesupport_cpp: rosidl_typesupport_fastrtps_cpp;rosidl_typesupport_introspection_cpp
[0.332s] -- Found ament_lint_auto: 0.12.11 (/opt/ros/humble/share/ament_lint_auto/cmake)
[0.528s] -- Found ament_cmake_ros: 0.10.0 (/opt/ros/humble/share/ament_cmake_ros/cmake)
[0.779s] -- Using all available rosidl_typesupport_c: rosidl_typesupport_fastrtps_c;rosidl_typesupport_introspection_c
[0.877s] -- Using all available rosidl_typesupport_cpp: rosidl_typesupport_fastrtps_cpp;rosidl_typesupport_introspection_cpp
[0.891s] -- Found PythonInterp: /usr/bin/python3 (found suitable version "3.10.12", minimum required is "3.6") 
[0.891s] -- Found python_cmake_module: 0.10.0 (/opt/ros/humble/share/python_cmake_module/cmake)
[0.907s] -- Found PythonLibs: /usr/lib/x86_64-linux-gnu/libpython3.10.so (found suitable version "3.10.12", minimum required is "3.5") 
[0.907s] -- Using PYTHON_EXECUTABLE: /usr/bin/python3
[0.907s] -- Using PYTHON_INCLUDE_DIRS: /usr/include/python3.10
[0.907s] -- Using PYTHON_LIBRARIES: /usr/lib/x86_64-linux-gnu/libpython3.10.so
[0.920s] -- Found PythonExtra: .so  
[0.962s] -- Added test 'copyright' to check source files copyright and LICENSE
[0.964s] -- Added test 'lint_cmake' to check CMake code style
[0.966s] -- Added test 'xmllint' to check XML markup files
[0.970s] -- Configuring done
[1.011s] -- Generating done
[1.013s] -- Build files have been written to: /home/usman/ros2_ws/build/zed_interfaces
[1.017s] Invoked command in '/home/usman/ros2_ws/build/zed_interfaces' returned '0': CMAKE_PREFIX_PATH=/opt/ros/humble /usr/bin/cmake /home/usman/ros2_ws/src/zed-ros2-wrapper/zed-ros2-interfaces -DCMAKE_BUILD_TYPE=Release -DAMENT_CMAKE_SYMLINK_INSTALL=1 -DCMAKE_INSTALL_PREFIX=/home/usman/ros2_ws/install/zed_interfaces
[1.019s] Invoking command in '/home/usman/ros2_ws/build/zed_interfaces': CMAKE_PREFIX_PATH=/opt/ros/humble /usr/bin/cmake --build /home/usman/ros2_ws/build/zed_interfaces -- -j16 -l16
[1.052s] [  0%] [34m[1mGenerating C code for ROS interfaces[0m
[1.059s] [  0%] [34m[1mGenerating C++ code for ROS interfaces[0m
[1.064s] [  0%] Built target ament_cmake_python_symlink_zed_interfaces
[1.195s] running egg_info
[1.196s] creating zed_interfaces.egg-info
[1.196s] writing zed_interfaces.egg-info/PKG-INFO
[1.196s] writing dependency_links to zed_interfaces.egg-info/dependency_links.txt
[1.196s] writing top-level names to zed_interfaces.egg-info/top_level.txt
[1.196s] writing manifest file 'zed_interfaces.egg-info/SOURCES.txt'
[1.197s] reading manifest file 'zed_interfaces.egg-info/SOURCES.txt'
[1.197s] writing manifest file 'zed_interfaces.egg-info/SOURCES.txt'
[1.212s] [  0%] Built target ament_cmake_python_build_zed_interfaces_egg
[2.066s] [  0%] Built target zed_interfaces__cpp
[2.076s] [  1%] [34m[1mGenerating C++ type support dispatch for ROS interfaces[0m
[2.077s] [  2%] [34m[1mGenerating C++ type support for eProsima Fast-RTPS[0m
[2.078s] [  2%] [34m[1mGenerating C++ introspection for ROS interfaces[0m
[2.136s] [  3%] [32mBuilding C object CMakeFiles/zed_interfaces__rosidl_generator_c.dir/rosidl_generator_c/zed_interfaces/msg/detail/object__functions.c.o[0m
[2.136s] [  4%] [32mBuilding C object CMakeFiles/zed_interfaces__rosidl_generator_c.dir/rosidl_generator_c/zed_interfaces/msg/detail/keypoint2_di__functions.c.o[0m
[2.136s] [  4%] [32mBuilding C object CMakeFiles/zed_interfaces__rosidl_generator_c.dir/rosidl_generator_c/zed_interfaces/msg/detail/objects_stamped__functions.c.o[0m
[2.136s] [  6%] [32mBuilding C object CMakeFiles/zed_interfaces__rosidl_generator_c.dir/rosidl_generator_c/zed_interfaces/msg/detail/keypoint2_df__functions.c.o[0m
[2.136s] [  6%] [32mBuilding C object CMakeFiles/zed_interfaces__rosidl_generator_c.dir/rosidl_generator_c/zed_interfaces/msg/detail/bounding_box2_di__functions.c.o[0m
[2.137s] [  6%] [32mBuilding C object CMakeFiles/zed_interfaces__rosidl_generator_c.dir/rosidl_generator_c/zed_interfaces/msg/detail/keypoint3_d__functions.c.o[0m
[2.137s] [  7%] [32mBuilding C object CMakeFiles/zed_interfaces__rosidl_generator_c.dir/rosidl_generator_c/zed_interfaces/msg/detail/bounding_box3_d__functions.c.o[0m
[2.137s] [  8%] [32mBuilding C object CMakeFiles/zed_interfaces__rosidl_generator_c.dir/rosidl_generator_c/zed_interfaces/msg/detail/skeleton3_d__functions.c.o[0m
[2.137s] [  8%] [32mBuilding C object CMakeFiles/zed_interfaces__rosidl_generator_c.dir/rosidl_generator_c/zed_interfaces/msg/detail/bounding_box2_df__functions.c.o[0m
[2.137s] [  9%] [32mBuilding C object CMakeFiles/zed_interfaces__rosidl_generator_c.dir/rosidl_generator_c/zed_interfaces/msg/detail/depth_info_stamped__functions.c.o[0m
[2.138s] [  9%] [32mBuilding C object CMakeFiles/zed_interfaces__rosidl_generator_c.dir/rosidl_generator_c/zed_interfaces/msg/detail/plane_stamped__functions.c.o[0m
[2.138s] [  9%] [32mBuilding C object CMakeFiles/zed_interfaces__rosidl_generator_c.dir/rosidl_generator_c/zed_interfaces/msg/detail/skeleton2_d__functions.c.o[0m
[2.142s] [ 10%] [32mBuilding C object CMakeFiles/zed_interfaces__rosidl_generator_c.dir/rosidl_generator_c/zed_interfaces/msg/detail/pos_track_status__functions.c.o[0m
[2.213s] [ 10%] [32mBuilding C object CMakeFiles/zed_interfaces__rosidl_generator_c.dir/rosidl_generator_c/zed_interfaces/msg/detail/gnss_fusion_status__functions.c.o[0m
[2.213s] [ 10%] [32mBuilding C object CMakeFiles/zed_interfaces__rosidl_generator_c.dir/rosidl_generator_c/zed_interfaces/srv/detail/set_roi__functions.c.o[0m
[2.213s] [ 11%] [32mBuilding C object CMakeFiles/zed_interfaces__rosidl_generator_c.dir/rosidl_generator_c/zed_interfaces/msg/detail/heartbeat__functions.c.o[0m
[2.214s] [ 11%] [32mBuilding C object CMakeFiles/zed_interfaces__rosidl_generator_c.dir/rosidl_generator_c/zed_interfaces/msg/detail/mag_heading_status__functions.c.o[0m
[2.215s] [ 12%] [32mBuilding C object CMakeFiles/zed_interfaces__rosidl_generator_c.dir/rosidl_generator_c/zed_interfaces/srv/detail/set_pose__functions.c.o[0m
[2.215s] [ 13%] [32mBuilding C object CMakeFiles/zed_interfaces__rosidl_generator_c.dir/rosidl_generator_c/zed_interfaces/srv/detail/start_svo_rec__functions.c.o[0m
[2.324s] [ 14%] [32m[1mLinking C shared library libzed_interfaces__rosidl_generator_c.so[0m
[2.354s] [ 14%] Built target zed_interfaces__rosidl_generator_c
[2.361s] [ 15%] [34m[1mGenerating C type support dispatch for ROS interfaces[0m
[2.361s] [ 16%] [34m[1mGenerating C introspection for ROS interfaces[0m
[2.361s] [ 17%] [34m[1mGenerating C type support for eProsima Fast-RTPS[0m
[2.865s] [ 17%] [32mBuilding CXX object CMakeFiles/zed_interfaces__rosidl_typesupport_cpp.dir/rosidl_typesupport_cpp/zed_interfaces/msg/object__type_support.cpp.o[0m
[2.866s] [ 18%] [32mBuilding CXX object CMakeFiles/zed_interfaces__rosidl_typesupport_cpp.dir/rosidl_typesupport_cpp/zed_interfaces/msg/keypoint2_di__type_support.cpp.o[0m
[2.866s] [ 19%] [32mBuilding CXX object CMakeFiles/zed_interfaces__rosidl_typesupport_cpp.dir/rosidl_typesupport_cpp/zed_interfaces/msg/keypoint3_d__type_support.cpp.o[0m
[2.866s] [ 20%] [32mBuilding CXX object CMakeFiles/zed_interfaces__rosidl_typesupport_cpp.dir/rosidl_typesupport_cpp/zed_interfaces/msg/objects_stamped__type_support.cpp.o[0m
[2.867s] [ 21%] [32mBuilding CXX object CMakeFiles/zed_interfaces__rosidl_typesupport_cpp.dir/rosidl_typesupport_cpp/zed_interfaces/msg/bounding_box2_df__type_support.cpp.o[0m
[2.867s] [ 21%] [32mBuilding CXX object CMakeFiles/zed_interfaces__rosidl_typesupport_cpp.dir/rosidl_typesupport_cpp/zed_interfaces/msg/keypoint2_df__type_support.cpp.o[0m
[2.867s] [ 21%] [32mBuilding CXX object CMakeFiles/zed_interfaces__rosidl_typesupport_cpp.dir/rosidl_typesupport_cpp/zed_interfaces/msg/bounding_box3_d__type_support.cpp.o[0m
[2.867s] [ 21%] [32mBuilding CXX object CMakeFiles/zed_interfaces__rosidl_typesupport_cpp.dir/rosidl_typesupport_cpp/zed_interfaces/msg/bounding_box2_di__type_support.cpp.o[0m
[2.867s] [ 21%] [32mBuilding CXX object CMakeFiles/zed_interfaces__rosidl_typesupport_cpp.dir/rosidl_typesupport_cpp/zed_interfaces/msg/depth_info_stamped__type_support.cpp.o[0m
[2.868s] [ 22%] [32mBuilding CXX object CMakeFiles/zed_interfaces__rosidl_typesupport_cpp.dir/rosidl_typesupport_cpp/zed_interfaces/msg/skeleton2_d__type_support.cpp.o[0m
[2.868s] [ 23%] [32mBuilding CXX object CMakeFiles/zed_interfaces__rosidl_typesupport_cpp.dir/rosidl_typesupport_cpp/zed_interfaces/msg/skeleton3_d__type_support.cpp.o[0m
[3.100s] [ 24%] [32mBuilding CXX object CMakeFiles/zed_interfaces__rosidl_typesupport_cpp.dir/rosidl_typesupport_cpp/zed_interfaces/msg/plane_stamped__type_support.cpp.o[0m
[3.102s] [ 24%] [32mBuilding CXX object CMakeFiles/zed_interfaces__rosidl_typesupport_cpp.dir/rosidl_typesupport_cpp/zed_interfaces/msg/pos_track_status__type_support.cpp.o[0m
[3.102s] [ 25%] [32mBuilding CXX object CMakeFiles/zed_interfaces__rosidl_typesupport_cpp.dir/rosidl_typesupport_cpp/zed_interfaces/msg/gnss_fusion_status__type_support.cpp.o[0m
[3.102s] [ 25%] [32mBuilding CXX object CMakeFiles/zed_interfaces__rosidl_typesupport_cpp.dir/rosidl_typesupport_cpp/zed_interfaces/msg/heartbeat__type_support.cpp.o[0m
[3.107s] [ 26%] [32mBuilding CXX object CMakeFiles/zed_interfaces__rosidl_typesupport_cpp.dir/rosidl_typesupport_cpp/zed_interfaces/msg/mag_heading_status__type_support.cpp.o[0m
[3.109s] [ 27%] [32mBuilding CXX object CMakeFiles/zed_interfaces__rosidl_typesupport_cpp.dir/rosidl_typesupport_cpp/zed_interfaces/srv/start_svo_rec__type_support.cpp.o[0m
[3.109s] [ 27%] [32mBuilding CXX object CMakeFiles/zed_interfaces__rosidl_typesupport_cpp.dir/rosidl_typesupport_cpp/zed_interfaces/srv/set_pose__type_support.cpp.o[0m
[3.112s] [ 28%] [32mBuilding CXX object CMakeFiles/zed_interfaces__rosidl_typesupport_cpp.dir/rosidl_typesupport_cpp/zed_interfaces/srv/set_roi__type_support.cpp.o[0m
[3.201s] [ 29%] [32mBuilding CXX object CMakeFiles/zed_interfaces__rosidl_typesupport_introspection_cpp.dir/rosidl_typesupport_introspection_cpp/zed_interfaces/msg/detail/object__type_support.cpp.o[0m
[3.206s] [ 29%] [32mBuilding CXX object CMakeFiles/zed_interfaces__rosidl_typesupport_introspection_cpp.dir/rosidl_typesupport_introspection_cpp/zed_interfaces/msg/detail/objects_stamped__type_support.cpp.o[0m
[3.208s] [ 30%] [32mBuilding CXX object CMakeFiles/zed_interfaces__rosidl_typesupport_introspection_cpp.dir/rosidl_typesupport_introspection_cpp/zed_interfaces/msg/detail/keypoint2_di__type_support.cpp.o[0m
[3.325s] [ 31%] [32mBuilding CXX object CMakeFiles/zed_interfaces__rosidl_typesupport_fastrtps_cpp.dir/rosidl_typesupport_fastrtps_cpp/zed_interfaces/msg/detail/dds_fastrtps/object__type_support.cpp.o[0m
[3.337s] [ 32%] [32mBuilding CXX object CMakeFiles/zed_interfaces__rosidl_typesupport_fastrtps_cpp.dir/rosidl_typesupport_fastrtps_cpp/zed_interfaces/msg/detail/dds_fastrtps/keypoint2_di__type_support.cpp.o[0m
[3.337s] [ 32%] [32mBuilding CXX object CMakeFiles/zed_interfaces__rosidl_typesupport_fastrtps_cpp.dir/rosidl_typesupport_fastrtps_cpp/zed_interfaces/msg/detail/dds_fastrtps/objects_stamped__type_support.cpp.o[0m
[3.341s] [ 33%] [32mBuilding CXX object CMakeFiles/zed_interfaces__rosidl_typesupport_fastrtps_cpp.dir/rosidl_typesupport_fastrtps_cpp/zed_interfaces/msg/detail/dds_fastrtps/keypoint3_d__type_support.cpp.o[0m
[3.342s] [ 33%] [32mBuilding CXX object CMakeFiles/zed_interfaces__rosidl_typesupport_fastrtps_cpp.dir/rosidl_typesupport_fastrtps_cpp/zed_interfaces/msg/detail/dds_fastrtps/keypoint2_df__type_support.cpp.o[0m
[3.342s] [ 34%] [32mBuilding CXX object CMakeFiles/zed_interfaces__rosidl_typesupport_introspection_cpp.dir/rosidl_typesupport_introspection_cpp/zed_interfaces/msg/detail/keypoint3_d__type_support.cpp.o[0m
[3.343s] [ 34%] [32mBuilding CXX object CMakeFiles/zed_interfaces__rosidl_typesupport_introspection_cpp.dir/rosidl_typesupport_introspection_cpp/zed_interfaces/msg/detail/keypoint2_df__type_support.cpp.o[0m
[3.344s] [ 34%] [32mBuilding CXX object CMakeFiles/zed_interfaces__rosidl_typesupport_fastrtps_cpp.dir/rosidl_typesupport_fastrtps_cpp/zed_interfaces/msg/detail/dds_fastrtps/bounding_box2_di__type_support.cpp.o[0m
[3.350s] [ 35%] [32mBuilding CXX object CMakeFiles/zed_interfaces__rosidl_typesupport_introspection_cpp.dir/rosidl_typesupport_introspection_cpp/zed_interfaces/msg/detail/bounding_box2_di__type_support.cpp.o[0m
[3.354s] [ 35%] [32m[1mLinking CXX shared library libzed_interfaces__rosidl_typesupport_cpp.so[0m
[3.355s] [ 35%] [32mBuilding CXX object CMakeFiles/zed_interfaces__rosidl_typesupport_c.dir/rosidl_typesupport_c/zed_interfaces/msg/object__type_support.cpp.o[0m
[3.386s] [ 36%] [32mBuilding CXX object CMakeFiles/zed_interfaces__rosidl_typesupport_c.dir/rosidl_typesupport_c/zed_interfaces/msg/objects_stamped__type_support.cpp.o[0m
[3.420s] [ 36%] [32mBuilding CXX object CMakeFiles/zed_interfaces__rosidl_typesupport_c.dir/rosidl_typesupport_c/zed_interfaces/msg/keypoint2_di__type_support.cpp.o[0m
[3.424s] [ 36%] Built target zed_interfaces__rosidl_typesupport_cpp
[3.433s] [ 36%] [32mBuilding CXX object CMakeFiles/zed_interfaces__rosidl_typesupport_introspection_cpp.dir/rosidl_typesupport_introspection_cpp/zed_interfaces/msg/detail/bounding_box2_df__type_support.cpp.o[0m
[3.460s] [ 37%] [32mBuilding CXX object CMakeFiles/zed_interfaces__rosidl_typesupport_c.dir/rosidl_typesupport_c/zed_interfaces/msg/keypoint2_df__type_support.cpp.o[0m
[3.492s] [ 38%] [32mBuilding CXX object CMakeFiles/zed_interfaces__rosidl_typesupport_c.dir/rosidl_typesupport_c/zed_interfaces/msg/keypoint3_d__type_support.cpp.o[0m
[3.528s] [ 38%] [32mBuilding CXX object CMakeFiles/zed_interfaces__rosidl_typesupport_c.dir/rosidl_typesupport_c/zed_interfaces/msg/bounding_box2_di__type_support.cpp.o[0m
[3.567s] [ 39%] [32mBuilding CXX object CMakeFiles/zed_interfaces__rosidl_typesupport_c.dir/rosidl_typesupport_c/zed_interfaces/msg/bounding_box2_df__type_support.cpp.o[0m
[3.611s] [ 39%] [32mBuilding CXX object CMakeFiles/zed_interfaces__rosidl_typesupport_c.dir/rosidl_typesupport_c/zed_interfaces/msg/bounding_box3_d__type_support.cpp.o[0m
[3.643s] [ 40%] [32mBuilding CXX object CMakeFiles/zed_interfaces__rosidl_typesupport_c.dir/rosidl_typesupport_c/zed_interfaces/msg/skeleton2_d__type_support.cpp.o[0m
[3.645s] [ 41%] [32mBuilding CXX object CMakeFiles/zed_interfaces__rosidl_typesupport_introspection_cpp.dir/rosidl_typesupport_introspection_cpp/zed_interfaces/msg/detail/bounding_box3_d__type_support.cpp.o[0m
[3.652s] [ 41%] [32mBuilding CXX object CMakeFiles/zed_interfaces__rosidl_typesupport_c.dir/rosidl_typesupport_c/zed_interfaces/msg/skeleton3_d__type_support.cpp.o[0m
[3.665s] [ 41%] [32mBuilding CXX object CMakeFiles/zed_interfaces__rosidl_typesupport_introspection_cpp.dir/rosidl_typesupport_introspection_cpp/zed_interfaces/msg/detail/skeleton2_d__type_support.cpp.o[0m
[3.676s] [ 42%] [32mBuilding CXX object CMakeFiles/zed_interfaces__rosidl_typesupport_fastrtps_cpp.dir/rosidl_typesupport_fastrtps_cpp/zed_interfaces/msg/detail/dds_fastrtps/bounding_box2_df__type_support.cpp.o[0m
[3.681s] [ 43%] [32mBuilding CXX object CMakeFiles/zed_interfaces__rosidl_typesupport_c.dir/rosidl_typesupport_c/zed_interfaces/msg/depth_info_stamped__type_support.cpp.o[0m
[3.694s] [ 44%] [32mBuilding CXX object CMakeFiles/zed_interfaces__rosidl_typesupport_fastrtps_cpp.dir/rosidl_typesupport_fastrtps_cpp/zed_interfaces/msg/detail/dds_fastrtps/bounding_box3_d__type_support.cpp.o[0m
[3.694s] [ 45%] [32mBuilding CXX object CMakeFiles/zed_interfaces__rosidl_typesupport_introspection_cpp.dir/rosidl_typesupport_introspection_cpp/zed_interfaces/msg/detail/skeleton3_d__type_support.cpp.o[0m
[3.703s] [ 45%] [32mBuilding CXX object CMakeFiles/zed_interfaces__rosidl_typesupport_fastrtps_cpp.dir/rosidl_typesupport_fastrtps_cpp/zed_interfaces/msg/detail/dds_fastrtps/skeleton2_d__type_support.cpp.o[0m
[3.705s] [ 45%] [32mBuilding CXX object CMakeFiles/zed_interfaces__rosidl_typesupport_introspection_cpp.dir/rosidl_typesupport_introspection_cpp/zed_interfaces/msg/detail/depth_info_stamped__type_support.cpp.o[0m
[3.706s] [ 46%] [32mBuilding CXX object CMakeFiles/zed_interfaces__rosidl_typesupport_fastrtps_cpp.dir/rosidl_typesupport_fastrtps_cpp/zed_interfaces/msg/detail/dds_fastrtps/skeleton3_d__type_support.cpp.o[0m
[3.715s] [ 47%] [32mBuilding CXX object CMakeFiles/zed_interfaces__rosidl_typesupport_c.dir/rosidl_typesupport_c/zed_interfaces/msg/plane_stamped__type_support.cpp.o[0m
[3.717s] [ 48%] [32mBuilding C object CMakeFiles/zed_interfaces__rosidl_typesupport_introspection_c.dir/rosidl_typesupport_introspection_c/zed_interfaces/msg/detail/object__type_support.c.o[0m
[3.717s] [ 49%] [32mBuilding CXX object CMakeFiles/zed_interfaces__rosidl_typesupport_introspection_cpp.dir/rosidl_typesupport_introspection_cpp/zed_interfaces/msg/detail/plane_stamped__type_support.cpp.o[0m
[3.724s] [ 50%] [32mBuilding CXX object CMakeFiles/zed_interfaces__rosidl_typesupport_introspection_cpp.dir/rosidl_typesupport_introspection_cpp/zed_interfaces/msg/detail/pos_track_status__type_support.cpp.o[0m
[3.728s] [ 50%] [32mBuilding CXX object CMakeFiles/zed_interfaces__rosidl_typesupport_fastrtps_cpp.dir/rosidl_typesupport_fastrtps_cpp/zed_interfaces/msg/detail/dds_fastrtps/depth_info_stamped__type_support.cpp.o[0m
[3.745s] [ 50%] [32mBuilding CXX object CMakeFiles/zed_interfaces__rosidl_typesupport_fastrtps_c.dir/rosidl_typesupport_fastrtps_c/zed_interfaces/msg/detail/object__type_support_c.cpp.o[0m
[3.747s] [ 50%] [32mBuilding CXX object CMakeFiles/zed_interfaces__rosidl_typesupport_c.dir/rosidl_typesupport_c/zed_interfaces/msg/pos_track_status__type_support.cpp.o[0m
[3.779s] [ 51%] [32mBuilding C object CMakeFiles/zed_interfaces__rosidl_typesupport_introspection_c.dir/rosidl_typesupport_introspection_c/zed_interfaces/msg/detail/objects_stamped__type_support.c.o[0m
[3.780s] [ 51%] [32mBuilding CXX object CMakeFiles/zed_interfaces__rosidl_typesupport_c.dir/rosidl_typesupport_c/zed_interfaces/msg/gnss_fusion_status__type_support.cpp.o[0m
[3.780s] [ 51%] [32mBuilding CXX object CMakeFiles/zed_interfaces__rosidl_typesupport_introspection_cpp.dir/rosidl_typesupport_introspection_cpp/zed_interfaces/msg/detail/gnss_fusion_status__type_support.cpp.o[0m
[3.813s] [ 51%] [32mBuilding CXX object CMakeFiles/zed_interfaces__rosidl_typesupport_c.dir/rosidl_typesupport_c/zed_interfaces/msg/heartbeat__type_support.cpp.o[0m
[3.827s] [ 52%] [32mBuilding C object CMakeFiles/zed_interfaces__rosidl_typesupport_introspection_c.dir/rosidl_typesupport_introspection_c/zed_interfaces/msg/detail/keypoint2_di__type_support.c.o[0m
[3.846s] [ 53%] [32mBuilding CXX object CMakeFiles/zed_interfaces__rosidl_typesupport_c.dir/rosidl_typesupport_c/zed_interfaces/msg/mag_heading_status__type_support.cpp.o[0m
[3.867s] [ 54%] [32mBuilding CXX object CMakeFiles/zed_interfaces__rosidl_typesupport_fastrtps_cpp.dir/rosidl_typesupport_fastrtps_cpp/zed_interfaces/msg/detail/dds_fastrtps/plane_stamped__type_support.cpp.o[0m
[3.871s] [ 54%] [32mBuilding C object CMakeFiles/zed_interfaces__rosidl_typesupport_introspection_c.dir/rosidl_typesupport_introspection_c/zed_interfaces/msg/detail/keypoint2_df__type_support.c.o[0m
[3.880s] [ 54%] [32mBuilding CXX object CMakeFiles/zed_interfaces__rosidl_typesupport_c.dir/rosidl_typesupport_c/zed_interfaces/srv/set_pose__type_support.cpp.o[0m
[3.915s] [ 55%] [32mBuilding C object CMakeFiles/zed_interfaces__rosidl_typesupport_introspection_c.dir/rosidl_typesupport_introspection_c/zed_interfaces/msg/detail/keypoint3_d__type_support.c.o[0m
[3.918s] [ 56%] [32mBuilding CXX object CMakeFiles/zed_interfaces__rosidl_typesupport_c.dir/rosidl_typesupport_c/zed_interfaces/srv/start_svo_rec__type_support.cpp.o[0m
[3.954s] [ 57%] [32mBuilding CXX object CMakeFiles/zed_interfaces__rosidl_typesupport_c.dir/rosidl_typesupport_c/zed_interfaces/srv/set_roi__type_support.cpp.o[0m
[3.958s] [ 57%] [32mBuilding C object CMakeFiles/zed_interfaces__rosidl_typesupport_introspection_c.dir/rosidl_typesupport_introspection_c/zed_interfaces/msg/detail/bounding_box2_di__type_support.c.o[0m
[3.990s] [ 57%] [32m[1mLinking CXX shared library libzed_interfaces__rosidl_typesupport_c.so[0m
[3.997s] [ 57%] [32mBuilding CXX object CMakeFiles/zed_interfaces__rosidl_typesupport_introspection_cpp.dir/rosidl_typesupport_introspection_cpp/zed_interfaces/msg/detail/mag_heading_status__type_support.cpp.o[0m
[3.999s] [ 58%] [32mBuilding CXX object CMakeFiles/zed_interfaces__rosidl_typesupport_introspection_cpp.dir/rosidl_typesupport_introspection_cpp/zed_interfaces/msg/detail/heartbeat__type_support.cpp.o[0m
[4.002s] [ 59%] [32mBuilding C object CMakeFiles/zed_interfaces__rosidl_typesupport_introspection_c.dir/rosidl_typesupport_introspection_c/zed_interfaces/msg/detail/bounding_box2_df__type_support.c.o[0m
[4.041s] [ 59%] Built target zed_interfaces__rosidl_typesupport_c
[4.049s] [ 60%] [32mBuilding C object CMakeFiles/zed_interfaces__rosidl_typesupport_introspection_c.dir/rosidl_typesupport_introspection_c/zed_interfaces/msg/detail/bounding_box3_d__type_support.c.o[0m
[4.049s] [ 60%] [32mBuilding C object CMakeFiles/zed_interfaces__rosidl_typesupport_introspection_c.dir/rosidl_typesupport_introspection_c/zed_interfaces/msg/detail/skeleton2_d__type_support.c.o[0m
[4.050s] [ 61%] [32mBuilding C object CMakeFiles/zed_interfaces__rosidl_typesupport_introspection_c.dir/rosidl_typesupport_introspection_c/zed_interfaces/msg/detail/skeleton3_d__type_support.c.o[0m
[4.050s] [ 61%] [32mBuilding C object CMakeFiles/zed_interfaces__rosidl_typesupport_introspection_c.dir/rosidl_typesupport_introspection_c/zed_interfaces/msg/detail/depth_info_stamped__type_support.c.o[0m
[4.052s] [ 62%] [32mBuilding CXX object CMakeFiles/zed_interfaces__rosidl_typesupport_introspection_cpp.dir/rosidl_typesupport_introspection_cpp/zed_interfaces/srv/detail/set_pose__type_support.cpp.o[0m
[4.054s] [ 63%] [32mBuilding CXX object CMakeFiles/zed_interfaces__rosidl_typesupport_fastrtps_c.dir/rosidl_typesupport_fastrtps_c/zed_interfaces/msg/detail/objects_stamped__type_support_c.cpp.o[0m
[4.058s] [ 63%] [32mBuilding CXX object CMakeFiles/zed_interfaces__rosidl_typesupport_introspection_cpp.dir/rosidl_typesupport_introspection_cpp/zed_interfaces/srv/detail/start_svo_rec__type_support.cpp.o[0m
[4.063s] [ 63%] [32mBuilding CXX object CMakeFiles/zed_interfaces__rosidl_typesupport_fastrtps_cpp.dir/rosidl_typesupport_fastrtps_cpp/zed_interfaces/msg/detail/dds_fastrtps/pos_track_status__type_support.cpp.o[0m
[4.072s] [ 64%] [32mBuilding CXX object CMakeFiles/zed_interfaces__rosidl_typesupport_introspection_cpp.dir/rosidl_typesupport_introspection_cpp/zed_interfaces/srv/detail/set_roi__type_support.cpp.o[0m
[4.085s] [ 65%] [32mBuilding CXX object CMakeFiles/zed_interfaces__rosidl_typesupport_fastrtps_cpp.dir/rosidl_typesupport_fastrtps_cpp/zed_interfaces/msg/detail/dds_fastrtps/gnss_fusion_status__type_support.cpp.o[0m
[4.087s] [ 66%] [32mBuilding C object CMakeFiles/zed_interfaces__rosidl_typesupport_introspection_c.dir/rosidl_typesupport_introspection_c/zed_interfaces/msg/detail/plane_stamped__type_support.c.o[0m
[4.089s] [ 66%] [32mBuilding C object CMakeFiles/zed_interfaces__rosidl_typesupport_introspection_c.dir/rosidl_typesupport_introspection_c/zed_interfaces/msg/detail/pos_track_status__type_support.c.o[0m
[4.090s] [ 67%] [32mBuilding C object CMakeFiles/zed_interfaces__rosidl_typesupport_introspection_c.dir/rosidl_typesupport_introspection_c/zed_interfaces/msg/detail/gnss_fusion_status__type_support.c.o[0m
[4.095s] [ 68%] [32mBuilding CXX object CMakeFiles/zed_interfaces__rosidl_typesupport_fastrtps_c.dir/rosidl_typesupport_fastrtps_c/zed_interfaces/msg/detail/keypoint2_di__type_support_c.cpp.o[0m
[4.096s] [ 69%] [32mBuilding C object CMakeFiles/zed_interfaces__rosidl_typesupport_introspection_c.dir/rosidl_typesupport_introspection_c/zed_interfaces/msg/detail/heartbeat__type_support.c.o[0m
[4.124s] [ 70%] [32mBuilding C object CMakeFiles/zed_interfaces__rosidl_typesupport_introspection_c.dir/rosidl_typesupport_introspection_c/zed_interfaces/srv/detail/start_svo_rec__type_support.c.o[0m
[4.124s] [ 70%] [32mBuilding C object CMakeFiles/zed_interfaces__rosidl_typesupport_introspection_c.dir/rosidl_typesupport_introspection_c/zed_interfaces/srv/detail/set_pose__type_support.c.o[0m
[4.124s] [ 70%] [32mBuilding C object CMakeFiles/zed_interfaces__rosidl_typesupport_introspection_c.dir/rosidl_typesupport_introspection_c/zed_interfaces/msg/detail/mag_heading_status__type_support.c.o[0m
[4.126s] [ 70%] [32mBuilding CXX object CMakeFiles/zed_interfaces__rosidl_typesupport_fastrtps_c.dir/rosidl_typesupport_fastrtps_c/zed_interfaces/msg/detail/keypoint2_df__type_support_c.cpp.o[0m
[4.132s] [ 71%] [32mBuilding C object CMakeFiles/zed_interfaces__rosidl_typesupport_introspection_c.dir/rosidl_typesupport_introspection_c/zed_interfaces/srv/detail/set_roi__type_support.c.o[0m
[4.136s] [ 72%] [32mBuilding CXX object CMakeFiles/zed_interfaces__rosidl_typesupport_fastrtps_cpp.dir/rosidl_typesupport_fastrtps_cpp/zed_interfaces/msg/detail/dds_fastrtps/heartbeat__type_support.cpp.o[0m
[4.160s] [ 72%] [32mBuilding CXX object CMakeFiles/zed_interfaces__rosidl_typesupport_fastrtps_cpp.dir/rosidl_typesupport_fastrtps_cpp/zed_interfaces/msg/detail/dds_fastrtps/mag_heading_status__type_support.cpp.o[0m
[4.167s] [ 73%] [32mBuilding CXX object CMakeFiles/zed_interfaces__rosidl_typesupport_fastrtps_cpp.dir/rosidl_typesupport_fastrtps_cpp/zed_interfaces/srv/detail/dds_fastrtps/set_pose__type_support.cpp.o[0m
[4.172s] [ 74%] [32mBuilding CXX object CMakeFiles/zed_interfaces__rosidl_typesupport_fastrtps_c.dir/rosidl_typesupport_fastrtps_c/zed_interfaces/msg/detail/keypoint3_d__type_support_c.cpp.o[0m
[4.182s] [ 74%] [32m[1mLinking C shared library libzed_interfaces__rosidl_typesupport_introspection_c.so[0m
[4.223s] [ 74%] Built target zed_interfaces__rosidl_typesupport_introspection_c
[4.233s] [ 74%] [32mBuilding CXX object CMakeFiles/zed_interfaces__rosidl_typesupport_fastrtps_c.dir/rosidl_typesupport_fastrtps_c/zed_interfaces/msg/detail/bounding_box2_di__type_support_c.cpp.o[0m
[4.260s] [ 75%] [32mBuilding CXX object CMakeFiles/zed_interfaces__rosidl_typesupport_fastrtps_c.dir/rosidl_typesupport_fastrtps_c/zed_interfaces/msg/detail/bounding_box2_df__type_support_c.cpp.o[0m
[4.346s] [ 75%] [32mBuilding CXX object CMakeFiles/zed_interfaces__rosidl_typesupport_fastrtps_cpp.dir/rosidl_typesupport_fastrtps_cpp/zed_interfaces/srv/detail/dds_fastrtps/start_svo_rec__type_support.cpp.o[0m
[4.348s] [ 75%] [32mBuilding CXX object CMakeFiles/zed_interfaces__rosidl_typesupport_fastrtps_c.dir/rosidl_typesupport_fastrtps_c/zed_interfaces/msg/detail/bounding_box3_d__type_support_c.cpp.o[0m
[4.376s] [ 76%] [32mBuilding CXX object CMakeFiles/zed_interfaces__rosidl_typesupport_fastrtps_c.dir/rosidl_typesupport_fastrtps_c/zed_interfaces/msg/detail/skeleton2_d__type_support_c.cpp.o[0m
[4.411s] [ 77%] [32mBuilding CXX object CMakeFiles/zed_interfaces__rosidl_typesupport_fastrtps_c.dir/rosidl_typesupport_fastrtps_c/zed_interfaces/msg/detail/skeleton3_d__type_support_c.cpp.o[0m
[4.417s] [ 77%] [32mBuilding CXX object CMakeFiles/zed_interfaces__rosidl_typesupport_fastrtps_c.dir/rosidl_typesupport_fastrtps_c/zed_interfaces/msg/detail/depth_info_stamped__type_support_c.cpp.o[0m
[4.419s] [ 79%] [32m[1mLinking CXX shared library libzed_interfaces__rosidl_typesupport_introspection_cpp.so[0m
[4.419s] [ 79%] [32mBuilding CXX object CMakeFiles/zed_interfaces__rosidl_typesupport_fastrtps_c.dir/rosidl_typesupport_fastrtps_c/zed_interfaces/msg/detail/plane_stamped__type_support_c.cpp.o[0m
[4.425s] [ 79%] [32mBuilding CXX object CMakeFiles/zed_interfaces__rosidl_typesupport_fastrtps_c.dir/rosidl_typesupport_fastrtps_c/zed_interfaces/msg/detail/pos_track_status__type_support_c.cpp.o[0m
[4.427s] [ 80%] [32mBuilding CXX object CMakeFiles/zed_interfaces__rosidl_typesupport_fastrtps_c.dir/rosidl_typesupport_fastrtps_c/zed_interfaces/msg/detail/gnss_fusion_status__type_support_c.cpp.o[0m
[4.450s] [ 80%] [32mBuilding CXX object CMakeFiles/zed_interfaces__rosidl_typesupport_fastrtps_c.dir/rosidl_typesupport_fastrtps_c/zed_interfaces/msg/detail/heartbeat__type_support_c.cpp.o[0m
[4.485s] [ 80%] Built target zed_interfaces__rosidl_typesupport_introspection_cpp
[4.488s] [ 81%] [32mBuilding CXX object CMakeFiles/zed_interfaces__rosidl_typesupport_fastrtps_c.dir/rosidl_typesupport_fastrtps_c/zed_interfaces/msg/detail/mag_heading_status__type_support_c.cpp.o[0m
[4.494s] [ 82%] [32mBuilding CXX object CMakeFiles/zed_interfaces__rosidl_typesupport_fastrtps_c.dir/rosidl_typesupport_fastrtps_c/zed_interfaces/srv/detail/set_pose__type_support_c.cpp.o[0m
[4.516s] [ 83%] [32mBuilding CXX object CMakeFiles/zed_interfaces__rosidl_typesupport_fastrtps_cpp.dir/rosidl_typesupport_fastrtps_cpp/zed_interfaces/srv/detail/dds_fastrtps/set_roi__type_support.cpp.o[0m
[4.541s] [ 83%] [32mBuilding CXX object CMakeFiles/zed_interfaces__rosidl_typesupport_fastrtps_c.dir/rosidl_typesupport_fastrtps_c/zed_interfaces/srv/detail/start_svo_rec__type_support_c.cpp.o[0m
[4.552s] [ 84%] [32mBuilding CXX object CMakeFiles/zed_interfaces__rosidl_typesupport_fastrtps_c.dir/rosidl_typesupport_fastrtps_c/zed_interfaces/srv/detail/set_roi__type_support_c.cpp.o[0m
[4.848s] [ 84%] [32m[1mLinking CXX shared library libzed_interfaces__rosidl_typesupport_fastrtps_c.so[0m
[4.850s] [ 84%] [32m[1mLinking CXX shared library libzed_interfaces__rosidl_typesupport_fastrtps_cpp.so[0m
[4.898s] [ 84%] Built target zed_interfaces__rosidl_typesupport_fastrtps_c
[4.899s] [ 84%] Built target zed_interfaces__rosidl_typesupport_fastrtps_cpp
[4.913s] [ 84%] Built target zed_interfaces
[4.929s] [ 85%] [34m[1mGenerating Python code for ROS interfaces[0m
[6.807s] [ 85%] Built target zed_interfaces__py
[6.823s] [ 85%] [32mBuilding C object CMakeFiles/zed_interfaces__rosidl_generator_py.dir/rosidl_generator_py/zed_interfaces/msg/_object_s.c.o[0m
[6.824s] [ 86%] [32mBuilding C object CMakeFiles/zed_interfaces__rosidl_generator_py.dir/rosidl_generator_py/zed_interfaces/msg/_objects_stamped_s.c.o[0m
[6.824s] [ 86%] [32mBuilding C object CMakeFiles/zed_interfaces__rosidl_generator_py.dir/rosidl_generator_py/zed_interfaces/msg/_keypoint2_di_s.c.o[0m
[6.824s] [ 87%] [32mBuilding C object CMakeFiles/zed_interfaces__rosidl_generator_py.dir/rosidl_generator_py/zed_interfaces/msg/_keypoint2_df_s.c.o[0m
[6.824s] [ 87%] [32mBuilding C object CMakeFiles/zed_interfaces__rosidl_generator_py.dir/rosidl_generator_py/zed_interfaces/msg/_bounding_box2_di_s.c.o[0m
[6.824s] [ 88%] [32mBuilding C object CMakeFiles/zed_interfaces__rosidl_generator_py.dir/rosidl_generator_py/zed_interfaces/msg/_keypoint3_d_s.c.o[0m
[6.825s] [ 88%] [32mBuilding C object CMakeFiles/zed_interfaces__rosidl_generator_py.dir/rosidl_generator_py/zed_interfaces/msg/_bounding_box3_d_s.c.o[0m
[6.825s] [ 90%] [32mBuilding C object CMakeFiles/zed_interfaces__rosidl_generator_py.dir/rosidl_generator_py/zed_interfaces/msg/_bounding_box2_df_s.c.o[0m
[6.825s] [ 90%] [32mBuilding C object CMakeFiles/zed_interfaces__rosidl_generator_py.dir/rosidl_generator_py/zed_interfaces/msg/_skeleton2_d_s.c.o[0m
[6.825s] [ 90%] [32mBuilding C object CMakeFiles/zed_interfaces__rosidl_generator_py.dir/rosidl_generator_py/zed_interfaces/msg/_skeleton3_d_s.c.o[0m
[6.826s] [ 91%] [32mBuilding C object CMakeFiles/zed_interfaces__rosidl_generator_py.dir/rosidl_generator_py/zed_interfaces/msg/_plane_stamped_s.c.o[0m
[6.826s] [ 92%] [32mBuilding C object CMakeFiles/zed_interfaces__rosidl_generator_py.dir/rosidl_generator_py/zed_interfaces/msg/_pos_track_status_s.c.o[0m
[6.826s] [ 93%] [32mBuilding C object CMakeFiles/zed_interfaces__rosidl_generator_py.dir/rosidl_generator_py/zed_interfaces/msg/_depth_info_stamped_s.c.o[0m
[6.826s] [ 93%] [32mBuilding C object CMakeFiles/zed_interfaces__rosidl_generator_py.dir/rosidl_generator_py/zed_interfaces/msg/_gnss_fusion_status_s.c.o[0m
[6.826s] [ 93%] [32mBuilding C object CMakeFiles/zed_interfaces__rosidl_generator_py.dir/rosidl_generator_py/zed_interfaces/msg/_heartbeat_s.c.o[0m
[6.826s] [ 94%] [32mBuilding C object CMakeFiles/zed_interfaces__rosidl_generator_py.dir/rosidl_generator_py/zed_interfaces/msg/_mag_heading_status_s.c.o[0m
[6.972s] [ 96%] [32mBuilding C object CMakeFiles/zed_interfaces__rosidl_generator_py.dir/rosidl_generator_py/zed_interfaces/srv/_start_svo_rec_s.c.o[0m
[6.973s] [ 96%] [32mBuilding C object CMakeFiles/zed_interfaces__rosidl_generator_py.dir/rosidl_generator_py/zed_interfaces/srv/_set_pose_s.c.o[0m
[6.973s] [ 96%] [32mBuilding C object CMakeFiles/zed_interfaces__rosidl_generator_py.dir/rosidl_generator_py/zed_interfaces/srv/_set_roi_s.c.o[0m
[7.061s] [ 96%] [32m[1mLinking C shared library rosidl_generator_py/zed_interfaces/libzed_interfaces__rosidl_generator_py.so[0m
[7.093s] [ 96%] Built target zed_interfaces__rosidl_generator_py
[7.108s] [ 98%] [32mBuilding C object CMakeFiles/zed_interfaces__rosidl_typesupport_fastrtps_c__pyext.dir/rosidl_generator_py/zed_interfaces/_zed_interfaces_s.ep.rosidl_typesupport_fastrtps_c.c.o[0m
[7.108s] [ 98%] [32mBuilding C object CMakeFiles/zed_interfaces__rosidl_typesupport_c__pyext.dir/rosidl_generator_py/zed_interfaces/_zed_interfaces_s.ep.rosidl_typesupport_c.c.o[0m
[7.108s] [ 99%] [32mBuilding C object CMakeFiles/zed_interfaces__rosidl_typesupport_introspection_c__pyext.dir/rosidl_generator_py/zed_interfaces/_zed_interfaces_s.ep.rosidl_typesupport_introspection_c.c.o[0m
[7.313s] [100%] [32m[1mLinking C shared library rosidl_generator_py/zed_interfaces/zed_interfaces_s__rosidl_typesupport_c.cpython-310-x86_64-linux-gnu.so[0m
[7.313s] [100%] [32m[1mLinking C shared library rosidl_generator_py/zed_interfaces/zed_interfaces_s__rosidl_typesupport_fastrtps_c.cpython-310-x86_64-linux-gnu.so[0m
[7.313s] [100%] [32m[1mLinking C shared library rosidl_generator_py/zed_interfaces/zed_interfaces_s__rosidl_typesupport_introspection_c.cpython-310-x86_64-linux-gnu.so[0m
[7.342s] [100%] Built target zed_interfaces__rosidl_typesupport_c__pyext
[7.342s] [100%] Built target zed_interfaces__rosidl_typesupport_fastrtps_c__pyext
[7.342s] [100%] Built target zed_interfaces__rosidl_typesupport_introspection_c__pyext
[7.352s] Invoked command in '/home/usman/ros2_ws/build/zed_interfaces' returned '0': CMAKE_PREFIX_PATH=/opt/ros/humble /usr/bin/cmake --build /home/usman/ros2_ws/build/zed_interfaces -- -j16 -l16
[7.654s] Invoking command in '/home/usman/ros2_ws/build/zed_interfaces': CMAKE_PREFIX_PATH=/opt/ros/humble /usr/bin/cmake --install /home/usman/ros2_ws/build/zed_interfaces
[7.659s] -- Install configuration: "Release"
[7.660s] -- Execute custom install script
[7.660s] -- Symlinking: /home/usman/ros2_ws/install/zed_interfaces/share/ament_index/resource_index/rosidl_interfaces/zed_interfaces
[7.667s] -- Symlinking: /home/usman/ros2_ws/install/zed_interfaces/include/zed_interfaces/zed_interfaces/msg/bounding_box2_df.h
[7.673s] -- Symlinking: /home/usman/ros2_ws/install/zed_interfaces/include/zed_interfaces/zed_interfaces/msg/bounding_box2_di.h
[7.679s] -- Symlinking: /home/usman/ros2_ws/install/zed_interfaces/include/zed_interfaces/zed_interfaces/msg/bounding_box3_d.h
[7.685s] -- Symlinking: /home/usman/ros2_ws/install/zed_interfaces/include/zed_interfaces/zed_interfaces/msg/depth_info_stamped.h
[7.692s] -- Symlinking: /home/usman/ros2_ws/install/zed_interfaces/include/zed_interfaces/zed_interfaces/msg/detail/bounding_box2_df__functions.h
[7.698s] -- Symlinking: /home/usman/ros2_ws/install/zed_interfaces/include/zed_interfaces/zed_interfaces/msg/detail/bounding_box2_df__struct.h
[7.704s] -- Symlinking: /home/usman/ros2_ws/install/zed_interfaces/include/zed_interfaces/zed_interfaces/msg/detail/bounding_box2_df__type_support.h
[7.710s] -- Symlinking: /home/usman/ros2_ws/install/zed_interfaces/include/zed_interfaces/zed_interfaces/msg/detail/bounding_box2_di__functions.h
[7.717s] -- Symlinking: /home/usman/ros2_ws/install/zed_interfaces/include/zed_interfaces/zed_interfaces/msg/detail/bounding_box2_di__struct.h
[7.723s] -- Symlinking: /home/usman/ros2_ws/install/zed_interfaces/include/zed_interfaces/zed_interfaces/msg/detail/bounding_box2_di__type_support.h
[7.729s] -- Symlinking: /home/usman/ros2_ws/install/zed_interfaces/include/zed_interfaces/zed_interfaces/msg/detail/bounding_box3_d__functions.h
[7.735s] -- Symlinking: /home/usman/ros2_ws/install/zed_interfaces/include/zed_interfaces/zed_interfaces/msg/detail/bounding_box3_d__struct.h
[7.741s] -- Symlinking: /home/usman/ros2_ws/install/zed_interfaces/include/zed_interfaces/zed_interfaces/msg/detail/bounding_box3_d__type_support.h
[7.747s] -- Symlinking: /home/usman/ros2_ws/install/zed_interfaces/include/zed_interfaces/zed_interfaces/msg/detail/depth_info_stamped__functions.h
[7.754s] -- Symlinking: /home/usman/ros2_ws/install/zed_interfaces/include/zed_interfaces/zed_interfaces/msg/detail/depth_info_stamped__struct.h
[7.760s] -- Symlinking: /home/usman/ros2_ws/install/zed_interfaces/include/zed_interfaces/zed_interfaces/msg/detail/depth_info_stamped__type_support.h
[7.766s] -- Symlinking: /home/usman/ros2_ws/install/zed_interfaces/include/zed_interfaces/zed_interfaces/msg/detail/gnss_fusion_status__functions.h
[7.772s] -- Symlinking: /home/usman/ros2_ws/install/zed_interfaces/include/zed_interfaces/zed_interfaces/msg/detail/gnss_fusion_status__struct.h
[7.778s] -- Symlinking: /home/usman/ros2_ws/install/zed_interfaces/include/zed_interfaces/zed_interfaces/msg/detail/gnss_fusion_status__type_support.h
[7.785s] -- Symlinking: /home/usman/ros2_ws/install/zed_interfaces/include/zed_interfaces/zed_interfaces/msg/detail/heartbeat__functions.h
[7.791s] -- Symlinking: /home/usman/ros2_ws/install/zed_interfaces/include/zed_interfaces/zed_interfaces/msg/detail/heartbeat__struct.h
[7.797s] -- Symlinking: /home/usman/ros2_ws/install/zed_interfaces/include/zed_interfaces/zed_interfaces/msg/detail/heartbeat__type_support.h
[7.803s] -- Symlinking: /home/usman/ros2_ws/install/zed_interfaces/include/zed_interfaces/zed_interfaces/msg/detail/keypoint2_df__functions.h
[7.809s] -- Symlinking: /home/usman/ros2_ws/install/zed_interfaces/include/zed_interfaces/zed_interfaces/msg/detail/keypoint2_df__struct.h
[7.816s] -- Symlinking: /home/usman/ros2_ws/install/zed_interfaces/include/zed_interfaces/zed_interfaces/msg/detail/keypoint2_df__type_support.h
[7.822s] -- Symlinking: /home/usman/ros2_ws/install/zed_interfaces/include/zed_interfaces/zed_interfaces/msg/detail/keypoint2_di__functions.h
[7.828s] -- Symlinking: /home/usman/ros2_ws/install/zed_interfaces/include/zed_interfaces/zed_interfaces/msg/detail/keypoint2_di__struct.h
[7.835s] -- Symlinking: /home/usman/ros2_ws/install/zed_interfaces/include/zed_interfaces/zed_interfaces/msg/detail/keypoint2_di__type_support.h
[7.841s] -- Symlinking: /home/usman/ros2_ws/install/zed_interfaces/include/zed_interfaces/zed_interfaces/msg/detail/keypoint3_d__functions.h
[7.847s] -- Symlinking: /home/usman/ros2_ws/install/zed_interfaces/include/zed_interfaces/zed_interfaces/msg/detail/keypoint3_d__struct.h
[7.853s] -- Symlinking: /home/usman/ros2_ws/install/zed_interfaces/include/zed_interfaces/zed_interfaces/msg/detail/keypoint3_d__type_support.h
[7.859s] -- Symlinking: /home/usman/ros2_ws/install/zed_interfaces/include/zed_interfaces/zed_interfaces/msg/detail/mag_heading_status__functions.h
[7.866s] -- Symlinking: /home/usman/ros2_ws/install/zed_interfaces/include/zed_interfaces/zed_interfaces/msg/detail/mag_heading_status__struct.h
[7.872s] -- Symlinking: /home/usman/ros2_ws/install/zed_interfaces/include/zed_interfaces/zed_interfaces/msg/detail/mag_heading_status__type_support.h
[7.878s] -- Symlinking: /home/usman/ros2_ws/install/zed_interfaces/include/zed_interfaces/zed_interfaces/msg/detail/object__functions.h
[7.884s] -- Symlinking: /home/usman/ros2_ws/install/zed_interfaces/include/zed_interfaces/zed_interfaces/msg/detail/object__struct.h
[7.891s] -- Symlinking: /home/usman/ros2_ws/install/zed_interfaces/include/zed_interfaces/zed_interfaces/msg/detail/object__type_support.h
[7.897s] -- Symlinking: /home/usman/ros2_ws/install/zed_interfaces/include/zed_interfaces/zed_interfaces/msg/detail/objects_stamped__functions.h
[7.903s] -- Symlinking: /home/usman/ros2_ws/install/zed_interfaces/include/zed_interfaces/zed_interfaces/msg/detail/objects_stamped__struct.h
[7.909s] -- Symlinking: /home/usman/ros2_ws/install/zed_interfaces/include/zed_interfaces/zed_interfaces/msg/detail/objects_stamped__type_support.h
[7.916s] -- Symlinking: /home/usman/ros2_ws/install/zed_interfaces/include/zed_interfaces/zed_interfaces/msg/detail/plane_stamped__functions.h
[7.922s] -- Symlinking: /home/usman/ros2_ws/install/zed_interfaces/include/zed_interfaces/zed_interfaces/msg/detail/plane_stamped__struct.h
[7.928s] -- Symlinking: /home/usman/ros2_ws/install/zed_interfaces/include/zed_interfaces/zed_interfaces/msg/detail/plane_stamped__type_support.h
[7.934s] -- Symlinking: /home/usman/ros2_ws/install/zed_interfaces/include/zed_interfaces/zed_interfaces/msg/detail/pos_track_status__functions.h
[7.940s] -- Symlinking: /home/usman/ros2_ws/install/zed_interfaces/include/zed_interfaces/zed_interfaces/msg/detail/pos_track_status__struct.h
[7.946s] -- Symlinking: /home/usman/ros2_ws/install/zed_interfaces/include/zed_interfaces/zed_interfaces/msg/detail/pos_track_status__type_support.h
[7.953s] -- Symlinking: /home/usman/ros2_ws/install/zed_interfaces/include/zed_interfaces/zed_interfaces/msg/detail/skeleton2_d__functions.h
[7.959s] -- Symlinking: /home/usman/ros2_ws/install/zed_interfaces/include/zed_interfaces/zed_interfaces/msg/detail/skeleton2_d__struct.h
[7.965s] -- Symlinking: /home/usman/ros2_ws/install/zed_interfaces/include/zed_interfaces/zed_interfaces/msg/detail/skeleton2_d__type_support.h
[7.971s] -- Symlinking: /home/usman/ros2_ws/install/zed_interfaces/include/zed_interfaces/zed_interfaces/msg/detail/skeleton3_d__functions.h
[7.977s] -- Symlinking: /home/usman/ros2_ws/install/zed_interfaces/include/zed_interfaces/zed_interfaces/msg/detail/skeleton3_d__struct.h
[7.983s] -- Symlinking: /home/usman/ros2_ws/install/zed_interfaces/include/zed_interfaces/zed_interfaces/msg/detail/skeleton3_d__type_support.h
[7.990s] -- Symlinking: /home/usman/ros2_ws/install/zed_interfaces/include/zed_interfaces/zed_interfaces/msg/gnss_fusion_status.h
[7.996s] -- Symlinking: /home/usman/ros2_ws/install/zed_interfaces/include/zed_interfaces/zed_interfaces/msg/heartbeat.h
[8.002s] -- Symlinking: /home/usman/ros2_ws/install/zed_interfaces/include/zed_interfaces/zed_interfaces/msg/keypoint2_df.h
[8.008s] -- Symlinking: /home/usman/ros2_ws/install/zed_interfaces/include/zed_interfaces/zed_interfaces/msg/keypoint2_di.h
[8.015s] -- Symlinking: /home/usman/ros2_ws/install/zed_interfaces/include/zed_interfaces/zed_interfaces/msg/keypoint3_d.h
[8.021s] -- Symlinking: /home/usman/ros2_ws/install/zed_interfaces/include/zed_interfaces/zed_interfaces/msg/mag_heading_status.h
[8.027s] -- Symlinking: /home/usman/ros2_ws/install/zed_interfaces/include/zed_interfaces/zed_interfaces/msg/object.h
[8.033s] -- Symlinking: /home/usman/ros2_ws/install/zed_interfaces/include/zed_interfaces/zed_interfaces/msg/objects_stamped.h
[8.040s] -- Symlinking: /home/usman/ros2_ws/install/zed_interfaces/include/zed_interfaces/zed_interfaces/msg/plane_stamped.h
[8.046s] -- Symlinking: /home/usman/ros2_ws/install/zed_interfaces/include/zed_interfaces/zed_interfaces/msg/pos_track_status.h
[8.052s] -- Symlinking: /home/usman/ros2_ws/install/zed_interfaces/include/zed_interfaces/zed_interfaces/msg/rosidl_generator_c__visibility_control.h
[8.058s] -- Symlinking: /home/usman/ros2_ws/install/zed_interfaces/include/zed_interfaces/zed_interfaces/msg/skeleton2_d.h
[8.064s] -- Symlinking: /home/usman/ros2_ws/install/zed_interfaces/include/zed_interfaces/zed_interfaces/msg/skeleton3_d.h
[8.071s] -- Symlinking: /home/usman/ros2_ws/install/zed_interfaces/include/zed_interfaces/zed_interfaces/srv/detail/set_pose__functions.h
[8.077s] -- Symlinking: /home/usman/ros2_ws/install/zed_interfaces/include/zed_interfaces/zed_interfaces/srv/detail/set_pose__struct.h
[8.083s] -- Symlinking: /home/usman/ros2_ws/install/zed_interfaces/include/zed_interfaces/zed_interfaces/srv/detail/set_pose__type_support.h
[8.089s] -- Symlinking: /home/usman/ros2_ws/install/zed_interfaces/include/zed_interfaces/zed_interfaces/srv/detail/set_roi__functions.h
[8.096s] -- Symlinking: /home/usman/ros2_ws/install/zed_interfaces/include/zed_interfaces/zed_interfaces/srv/detail/set_roi__struct.h
[8.102s] -- Symlinking: /home/usman/ros2_ws/install/zed_interfaces/include/zed_interfaces/zed_interfaces/srv/detail/set_roi__type_support.h
[8.108s] -- Symlinking: /home/usman/ros2_ws/install/zed_interfaces/include/zed_interfaces/zed_interfaces/srv/detail/start_svo_rec__functions.h
[8.114s] -- Symlinking: /home/usman/ros2_ws/install/zed_interfaces/include/zed_interfaces/zed_interfaces/srv/detail/start_svo_rec__struct.h
[8.121s] -- Symlinking: /home/usman/ros2_ws/install/zed_interfaces/include/zed_interfaces/zed_interfaces/srv/detail/start_svo_rec__type_support.h
[8.127s] -- Symlinking: /home/usman/ros2_ws/install/zed_interfaces/include/zed_interfaces/zed_interfaces/srv/set_pose.h
[8.133s] -- Symlinking: /home/usman/ros2_ws/install/zed_interfaces/include/zed_interfaces/zed_interfaces/srv/set_roi.h
[8.139s] -- Symlinking: /home/usman/ros2_ws/install/zed_interfaces/include/zed_interfaces/zed_interfaces/srv/start_svo_rec.h
[8.146s] -- Symlinking: /home/usman/ros2_ws/install/zed_interfaces/share/zed_interfaces/environment/library_path.sh
[8.152s] -- Symlinking: /home/usman/ros2_ws/install/zed_interfaces/share/zed_interfaces/environment/library_path.dsv
[8.159s] -- Symlinking: /home/usman/ros2_ws/install/zed_interfaces/include/zed_interfaces/zed_interfaces/msg/detail/bounding_box2_df__rosidl_typesupport_fastrtps_c.h
[8.165s] -- Symlinking: /home/usman/ros2_ws/install/zed_interfaces/include/zed_interfaces/zed_interfaces/msg/detail/bounding_box2_di__rosidl_typesupport_fastrtps_c.h
[8.171s] -- Symlinking: /home/usman/ros2_ws/install/zed_interfaces/include/zed_interfaces/zed_interfaces/msg/detail/bounding_box3_d__rosidl_typesupport_fastrtps_c.h
[8.177s] -- Symlinking: /home/usman/ros2_ws/install/zed_interfaces/include/zed_interfaces/zed_interfaces/msg/detail/depth_info_stamped__rosidl_typesupport_fastrtps_c.h
[8.183s] -- Symlinking: /home/usman/ros2_ws/install/zed_interfaces/include/zed_interfaces/zed_interfaces/msg/detail/gnss_fusion_status__rosidl_typesupport_fastrtps_c.h
[8.190s] -- Symlinking: /home/usman/ros2_ws/install/zed_interfaces/include/zed_interfaces/zed_interfaces/msg/detail/heartbeat__rosidl_typesupport_fastrtps_c.h
[8.196s] -- Symlinking: /home/usman/ros2_ws/install/zed_interfaces/include/zed_interfaces/zed_interfaces/msg/detail/keypoint2_df__rosidl_typesupport_fastrtps_c.h
[8.202s] -- Symlinking: /home/usman/ros2_ws/install/zed_interfaces/include/zed_interfaces/zed_interfaces/msg/detail/keypoint2_di__rosidl_typesupport_fastrtps_c.h
[8.208s] -- Symlinking: /home/usman/ros2_ws/install/zed_interfaces/include/zed_interfaces/zed_interfaces/msg/detail/keypoint3_d__rosidl_typesupport_fastrtps_c.h
[8.215s] -- Symlinking: /home/usman/ros2_ws/install/zed_interfaces/include/zed_interfaces/zed_interfaces/msg/detail/mag_heading_status__rosidl_typesupport_fastrtps_c.h
[8.221s] -- Symlinking: /home/usman/ros2_ws/install/zed_interfaces/include/zed_interfaces/zed_interfaces/msg/detail/object__rosidl_typesupport_fastrtps_c.h
[8.227s] -- Symlinking: /home/usman/ros2_ws/install/zed_interfaces/include/zed_interfaces/zed_interfaces/msg/detail/objects_stamped__rosidl_typesupport_fastrtps_c.h
[8.233s] -- Symlinking: /home/usman/ros2_ws/install/zed_interfaces/include/zed_interfaces/zed_interfaces/msg/detail/plane_stamped__rosidl_typesupport_fastrtps_c.h
[8.239s] -- Symlinking: /home/usman/ros2_ws/install/zed_interfaces/include/zed_interfaces/zed_interfaces/msg/detail/pos_track_status__rosidl_typesupport_fastrtps_c.h
[8.246s] -- Symlinking: /home/usman/ros2_ws/install/zed_interfaces/include/zed_interfaces/zed_interfaces/msg/detail/skeleton2_d__rosidl_typesupport_fastrtps_c.h
[8.252s] -- Symlinking: /home/usman/ros2_ws/install/zed_interfaces/include/zed_interfaces/zed_interfaces/msg/detail/skeleton3_d__rosidl_typesupport_fastrtps_c.h
[8.258s] -- Symlinking: /home/usman/ros2_ws/install/zed_interfaces/include/zed_interfaces/zed_interfaces/msg/rosidl_typesupport_fastrtps_c__visibility_control.h
[8.264s] -- Symlinking: /home/usman/ros2_ws/install/zed_interfaces/include/zed_interfaces/zed_interfaces/srv/detail/set_pose__rosidl_typesupport_fastrtps_c.h
[8.270s] -- Symlinking: /home/usman/ros2_ws/install/zed_interfaces/include/zed_interfaces/zed_interfaces/srv/detail/set_roi__rosidl_typesupport_fastrtps_c.h
[8.277s] -- Symlinking: /home/usman/ros2_ws/install/zed_interfaces/include/zed_interfaces/zed_interfaces/srv/detail/start_svo_rec__rosidl_typesupport_fastrtps_c.h
[8.284s] -- Symlinking: /home/usman/ros2_ws/install/zed_interfaces/include/zed_interfaces/zed_interfaces/msg/bounding_box2_df.hpp
[8.290s] -- Symlinking: /home/usman/ros2_ws/install/zed_interfaces/include/zed_interfaces/zed_interfaces/msg/bounding_box2_di.hpp
[8.296s] -- Symlinking: /home/usman/ros2_ws/install/zed_interfaces/include/zed_interfaces/zed_interfaces/msg/bounding_box3_d.hpp
[8.302s] -- Symlinking: /home/usman/ros2_ws/install/zed_interfaces/include/zed_interfaces/zed_interfaces/msg/depth_info_stamped.hpp
[8.308s] -- Symlinking: /home/usman/ros2_ws/install/zed_interfaces/include/zed_interfaces/zed_interfaces/msg/detail/bounding_box2_df__builder.hpp
[8.315s] -- Symlinking: /home/usman/ros2_ws/install/zed_interfaces/include/zed_interfaces/zed_interfaces/msg/detail/bounding_box2_df__struct.hpp
[8.321s] -- Symlinking: /home/usman/ros2_ws/install/zed_interfaces/include/zed_interfaces/zed_interfaces/msg/detail/bounding_box2_df__traits.hpp
[8.327s] -- Symlinking: /home/usman/ros2_ws/install/zed_interfaces/include/zed_interfaces/zed_interfaces/msg/detail/bounding_box2_di__builder.hpp
[8.334s] -- Symlinking: /home/usman/ros2_ws/install/zed_interfaces/include/zed_interfaces/zed_interfaces/msg/detail/bounding_box2_di__struct.hpp
[8.340s] -- Symlinking: /home/usman/ros2_ws/install/zed_interfaces/include/zed_interfaces/zed_interfaces/msg/detail/bounding_box2_di__traits.hpp
[8.346s] -- Symlinking: /home/usman/ros2_ws/install/zed_interfaces/include/zed_interfaces/zed_interfaces/msg/detail/bounding_box3_d__builder.hpp
[8.352s] -- Symlinking: /home/usman/ros2_ws/install/zed_interfaces/include/zed_interfaces/zed_interfaces/msg/detail/bounding_box3_d__struct.hpp
[8.358s] -- Symlinking: /home/usman/ros2_ws/install/zed_interfaces/include/zed_interfaces/zed_interfaces/msg/detail/bounding_box3_d__traits.hpp
[8.365s] -- Symlinking: /home/usman/ros2_ws/install/zed_interfaces/include/zed_interfaces/zed_interfaces/msg/detail/depth_info_stamped__builder.hpp
[8.371s] -- Symlinking: /home/usman/ros2_ws/install/zed_interfaces/include/zed_interfaces/zed_interfaces/msg/detail/depth_info_stamped__struct.hpp
[8.377s] -- Symlinking: /home/usman/ros2_ws/install/zed_interfaces/include/zed_interfaces/zed_interfaces/msg/detail/depth_info_stamped__traits.hpp
[8.383s] -- Symlinking: /home/usman/ros2_ws/install/zed_interfaces/include/zed_interfaces/zed_interfaces/msg/detail/gnss_fusion_status__builder.hpp
[8.390s] -- Symlinking: /home/usman/ros2_ws/install/zed_interfaces/include/zed_interfaces/zed_interfaces/msg/detail/gnss_fusion_status__struct.hpp
[8.396s] -- Symlinking: /home/usman/ros2_ws/install/zed_interfaces/include/zed_interfaces/zed_interfaces/msg/detail/gnss_fusion_status__traits.hpp
[8.402s] -- Symlinking: /home/usman/ros2_ws/install/zed_interfaces/include/zed_interfaces/zed_interfaces/msg/detail/heartbeat__builder.hpp
[8.408s] -- Symlinking: /home/usman/ros2_ws/install/zed_interfaces/include/zed_interfaces/zed_interfaces/msg/detail/heartbeat__struct.hpp
[8.415s] -- Symlinking: /home/usman/ros2_ws/install/zed_interfaces/include/zed_interfaces/zed_interfaces/msg/detail/heartbeat__traits.hpp
[8.421s] -- Symlinking: /home/usman/ros2_ws/install/zed_interfaces/include/zed_interfaces/zed_interfaces/msg/detail/keypoint2_df__builder.hpp
[8.427s] -- Symlinking: /home/usman/ros2_ws/install/zed_interfaces/include/zed_interfaces/zed_interfaces/msg/detail/keypoint2_df__struct.hpp
[8.433s] -- Symlinking: /home/usman/ros2_ws/install/zed_interfaces/include/zed_interfaces/zed_interfaces/msg/detail/keypoint2_df__traits.hpp
[8.440s] -- Symlinking: /home/usman/ros2_ws/install/zed_interfaces/include/zed_interfaces/zed_interfaces/msg/detail/keypoint2_di__builder.hpp
[8.446s] -- Symlinking: /home/usman/ros2_ws/install/zed_interfaces/include/zed_interfaces/zed_interfaces/msg/detail/keypoint2_di__struct.hpp
[8.452s] -- Symlinking: /home/usman/ros2_ws/install/zed_interfaces/include/zed_interfaces/zed_interfaces/msg/detail/keypoint2_di__traits.hpp
[8.458s] -- Symlinking: /home/usman/ros2_ws/install/zed_interfaces/include/zed_interfaces/zed_interfaces/msg/detail/keypoint3_d__builder.hpp
[8.464s] -- Symlinking: /home/usman/ros2_ws/install/zed_interfaces/include/zed_interfaces/zed_interfaces/msg/detail/keypoint3_d__struct.hpp
[8.471s] -- Symlinking: /home/usman/ros2_ws/install/zed_interfaces/include/zed_interfaces/zed_interfaces/msg/detail/keypoint3_d__traits.hpp
[8.477s] -- Symlinking: /home/usman/ros2_ws/install/zed_interfaces/include/zed_interfaces/zed_interfaces/msg/detail/mag_heading_status__builder.hpp
[8.483s] -- Symlinking: /home/usman/ros2_ws/install/zed_interfaces/include/zed_interfaces/zed_interfaces/msg/detail/mag_heading_status__struct.hpp
[8.489s] -- Symlinking: /home/usman/ros2_ws/install/zed_interfaces/include/zed_interfaces/zed_interfaces/msg/detail/mag_heading_status__traits.hpp
[8.496s] -- Symlinking: /home/usman/ros2_ws/install/zed_interfaces/include/zed_interfaces/zed_interfaces/msg/detail/object__builder.hpp
[8.502s] -- Symlinking: /home/usman/ros2_ws/install/zed_interfaces/include/zed_interfaces/zed_interfaces/msg/detail/object__struct.hpp
[8.508s] -- Symlinking: /home/usman/ros2_ws/install/zed_interfaces/include/zed_interfaces/zed_interfaces/msg/detail/object__traits.hpp
[8.514s] -- Symlinking: /home/usman/ros2_ws/install/zed_interfaces/include/zed_interfaces/zed_interfaces/msg/detail/objects_stamped__builder.hpp
[8.520s] -- Symlinking: /home/usman/ros2_ws/install/zed_interfaces/include/zed_interfaces/zed_interfaces/msg/detail/objects_stamped__struct.hpp
[8.527s] -- Symlinking: /home/usman/ros2_ws/install/zed_interfaces/include/zed_interfaces/zed_interfaces/msg/detail/objects_stamped__traits.hpp
[8.533s] -- Symlinking: /home/usman/ros2_ws/install/zed_interfaces/include/zed_interfaces/zed_interfaces/msg/detail/plane_stamped__builder.hpp
[8.539s] -- Symlinking: /home/usman/ros2_ws/install/zed_interfaces/include/zed_interfaces/zed_interfaces/msg/detail/plane_stamped__struct.hpp
[8.546s] -- Symlinking: /home/usman/ros2_ws/install/zed_interfaces/include/zed_interfaces/zed_interfaces/msg/detail/plane_stamped__traits.hpp
[8.552s] -- Symlinking: /home/usman/ros2_ws/install/zed_interfaces/include/zed_interfaces/zed_interfaces/msg/detail/pos_track_status__builder.hpp
[8.558s] -- Symlinking: /home/usman/ros2_ws/install/zed_interfaces/include/zed_interfaces/zed_interfaces/msg/detail/pos_track_status__struct.hpp
[8.564s] -- Symlinking: /home/usman/ros2_ws/install/zed_interfaces/include/zed_interfaces/zed_interfaces/msg/detail/pos_track_status__traits.hpp
[8.570s] -- Symlinking: /home/usman/ros2_ws/install/zed_interfaces/include/zed_interfaces/zed_interfaces/msg/detail/skeleton2_d__builder.hpp
[8.576s] -- Symlinking: /home/usman/ros2_ws/install/zed_interfaces/include/zed_interfaces/zed_interfaces/msg/detail/skeleton2_d__struct.hpp
[8.583s] -- Symlinking: /home/usman/ros2_ws/install/zed_interfaces/include/zed_interfaces/zed_interfaces/msg/detail/skeleton2_d__traits.hpp
[8.589s] -- Symlinking: /home/usman/ros2_ws/install/zed_interfaces/include/zed_interfaces/zed_interfaces/msg/detail/skeleton3_d__builder.hpp
[8.595s] -- Symlinking: /home/usman/ros2_ws/install/zed_interfaces/include/zed_interfaces/zed_interfaces/msg/detail/skeleton3_d__struct.hpp
[8.602s] -- Symlinking: /home/usman/ros2_ws/install/zed_interfaces/include/zed_interfaces/zed_interfaces/msg/detail/skeleton3_d__traits.hpp
[8.608s] -- Symlinking: /home/usman/ros2_ws/install/zed_interfaces/include/zed_interfaces/zed_interfaces/msg/gnss_fusion_status.hpp
[8.614s] -- Symlinking: /home/usman/ros2_ws/install/zed_interfaces/include/zed_interfaces/zed_interfaces/msg/heartbeat.hpp
[8.620s] -- Symlinking: /home/usman/ros2_ws/install/zed_interfaces/include/zed_interfaces/zed_interfaces/msg/keypoint2_df.hpp
[8.626s] -- Symlinking: /home/usman/ros2_ws/install/zed_interfaces/include/zed_interfaces/zed_interfaces/msg/keypoint2_di.hpp
[8.633s] -- Symlinking: /home/usman/ros2_ws/install/zed_interfaces/include/zed_interfaces/zed_interfaces/msg/keypoint3_d.hpp
[8.639s] -- Symlinking: /home/usman/ros2_ws/install/zed_interfaces/include/zed_interfaces/zed_interfaces/msg/mag_heading_status.hpp
[8.645s] -- Symlinking: /home/usman/ros2_ws/install/zed_interfaces/include/zed_interfaces/zed_interfaces/msg/object.hpp
[8.651s] -- Symlinking: /home/usman/ros2_ws/install/zed_interfaces/include/zed_interfaces/zed_interfaces/msg/objects_stamped.hpp
[8.658s] -- Symlinking: /home/usman/ros2_ws/install/zed_interfaces/include/zed_interfaces/zed_interfaces/msg/plane_stamped.hpp
[8.664s] -- Symlinking: /home/usman/ros2_ws/install/zed_interfaces/include/zed_interfaces/zed_interfaces/msg/pos_track_status.hpp
[8.670s] -- Symlinking: /home/usman/ros2_ws/install/zed_interfaces/include/zed_interfaces/zed_interfaces/msg/skeleton2_d.hpp
[8.676s] -- Symlinking: /home/usman/ros2_ws/install/zed_interfaces/include/zed_interfaces/zed_interfaces/msg/skeleton3_d.hpp
[8.682s] -- Symlinking: /home/usman/ros2_ws/install/zed_interfaces/include/zed_interfaces/zed_interfaces/srv/detail/set_pose__builder.hpp
[8.688s] -- Symlinking: /home/usman/ros2_ws/install/zed_interfaces/include/zed_interfaces/zed_interfaces/srv/detail/set_pose__struct.hpp
[8.694s] -- Symlinking: /home/usman/ros2_ws/install/zed_interfaces/include/zed_interfaces/zed_interfaces/srv/detail/set_pose__traits.hpp
[8.701s] -- Symlinking: /home/usman/ros2_ws/install/zed_interfaces/include/zed_interfaces/zed_interfaces/srv/detail/set_roi__builder.hpp
[8.707s] -- Symlinking: /home/usman/ros2_ws/install/zed_interfaces/include/zed_interfaces/zed_interfaces/srv/detail/set_roi__struct.hpp
[8.713s] -- Symlinking: /home/usman/ros2_ws/install/zed_interfaces/include/zed_interfaces/zed_interfaces/srv/detail/set_roi__traits.hpp
[8.719s] -- Symlinking: /home/usman/ros2_ws/install/zed_interfaces/include/zed_interfaces/zed_interfaces/srv/detail/start_svo_rec__builder.hpp
[8.725s] -- Symlinking: /home/usman/ros2_ws/install/zed_interfaces/include/zed_interfaces/zed_interfaces/srv/detail/start_svo_rec__struct.hpp
[8.732s] -- Symlinking: /home/usman/ros2_ws/install/zed_interfaces/include/zed_interfaces/zed_interfaces/srv/detail/start_svo_rec__traits.hpp
[8.738s] -- Symlinking: /home/usman/ros2_ws/install/zed_interfaces/include/zed_interfaces/zed_interfaces/srv/set_pose.hpp
[8.744s] -- Symlinking: /home/usman/ros2_ws/install/zed_interfaces/include/zed_interfaces/zed_interfaces/srv/set_roi.hpp
[8.750s] -- Symlinking: /home/usman/ros2_ws/install/zed_interfaces/include/zed_interfaces/zed_interfaces/srv/start_svo_rec.hpp
[8.757s] -- Symlinking: /home/usman/ros2_ws/install/zed_interfaces/include/zed_interfaces/zed_interfaces/msg/detail/bounding_box2_df__rosidl_typesupport_fastrtps_cpp.hpp
[8.763s] -- Symlinking: /home/usman/ros2_ws/install/zed_interfaces/include/zed_interfaces/zed_interfaces/msg/detail/bounding_box2_di__rosidl_typesupport_fastrtps_cpp.hpp
[8.769s] -- Symlinking: /home/usman/ros2_ws/install/zed_interfaces/include/zed_interfaces/zed_interfaces/msg/detail/bounding_box3_d__rosidl_typesupport_fastrtps_cpp.hpp
[8.776s] -- Symlinking: /home/usman/ros2_ws/install/zed_interfaces/include/zed_interfaces/zed_interfaces/msg/detail/depth_info_stamped__rosidl_typesupport_fastrtps_cpp.hpp
[8.782s] -- Symlinking: /home/usman/ros2_ws/install/zed_interfaces/include/zed_interfaces/zed_interfaces/msg/detail/gnss_fusion_status__rosidl_typesupport_fastrtps_cpp.hpp
[8.788s] -- Symlinking: /home/usman/ros2_ws/install/zed_interfaces/include/zed_interfaces/zed_interfaces/msg/detail/heartbeat__rosidl_typesupport_fastrtps_cpp.hpp
[8.795s] -- Symlinking: /home/usman/ros2_ws/install/zed_interfaces/include/zed_interfaces/zed_interfaces/msg/detail/keypoint2_df__rosidl_typesupport_fastrtps_cpp.hpp
[8.801s] -- Symlinking: /home/usman/ros2_ws/install/zed_interfaces/include/zed_interfaces/zed_interfaces/msg/detail/keypoint2_di__rosidl_typesupport_fastrtps_cpp.hpp
[8.807s] -- Symlinking: /home/usman/ros2_ws/install/zed_interfaces/include/zed_interfaces/zed_interfaces/msg/detail/keypoint3_d__rosidl_typesupport_fastrtps_cpp.hpp
[8.813s] -- Symlinking: /home/usman/ros2_ws/install/zed_interfaces/include/zed_interfaces/zed_interfaces/msg/detail/mag_heading_status__rosidl_typesupport_fastrtps_cpp.hpp
[8.819s] -- Symlinking: /home/usman/ros2_ws/install/zed_interfaces/include/zed_interfaces/zed_interfaces/msg/detail/object__rosidl_typesupport_fastrtps_cpp.hpp
[8.825s] -- Symlinking: /home/usman/ros2_ws/install/zed_interfaces/include/zed_interfaces/zed_interfaces/msg/detail/objects_stamped__rosidl_typesupport_fastrtps_cpp.hpp
[8.831s] -- Symlinking: /home/usman/ros2_ws/install/zed_interfaces/include/zed_interfaces/zed_interfaces/msg/detail/plane_stamped__rosidl_typesupport_fastrtps_cpp.hpp
[8.838s] -- Symlinking: /home/usman/ros2_ws/install/zed_interfaces/include/zed_interfaces/zed_interfaces/msg/detail/pos_track_status__rosidl_typesupport_fastrtps_cpp.hpp
[8.844s] -- Symlinking: /home/usman/ros2_ws/install/zed_interfaces/include/zed_interfaces/zed_interfaces/msg/detail/skeleton2_d__rosidl_typesupport_fastrtps_cpp.hpp
[8.850s] -- Symlinking: /home/usman/ros2_ws/install/zed_interfaces/include/zed_interfaces/zed_interfaces/msg/detail/skeleton3_d__rosidl_typesupport_fastrtps_cpp.hpp
[8.856s] -- Symlinking: /home/usman/ros2_ws/install/zed_interfaces/include/zed_interfaces/zed_interfaces/msg/rosidl_typesupport_fastrtps_cpp__visibility_control.h
[8.862s] -- Symlinking: /home/usman/ros2_ws/install/zed_interfaces/include/zed_interfaces/zed_interfaces/srv/detail/set_pose__rosidl_typesupport_fastrtps_cpp.hpp
[8.869s] -- Symlinking: /home/usman/ros2_ws/install/zed_interfaces/include/zed_interfaces/zed_interfaces/srv/detail/set_roi__rosidl_typesupport_fastrtps_cpp.hpp
[8.875s] -- Symlinking: /home/usman/ros2_ws/install/zed_interfaces/include/zed_interfaces/zed_interfaces/srv/detail/start_svo_rec__rosidl_typesupport_fastrtps_cpp.hpp
[8.882s] -- Symlinking: /home/usman/ros2_ws/install/zed_interfaces/include/zed_interfaces/zed_interfaces/msg/detail/bounding_box2_df__rosidl_typesupport_introspection_c.h
[8.888s] -- Symlinking: /home/usman/ros2_ws/install/zed_interfaces/include/zed_interfaces/zed_interfaces/msg/detail/bounding_box2_di__rosidl_typesupport_introspection_c.h
[8.894s] -- Symlinking: /home/usman/ros2_ws/install/zed_interfaces/include/zed_interfaces/zed_interfaces/msg/detail/bounding_box3_d__rosidl_typesupport_introspection_c.h
[8.901s] -- Symlinking: /home/usman/ros2_ws/install/zed_interfaces/include/zed_interfaces/zed_interfaces/msg/detail/depth_info_stamped__rosidl_typesupport_introspection_c.h
[8.907s] -- Symlinking: /home/usman/ros2_ws/install/zed_interfaces/include/zed_interfaces/zed_interfaces/msg/detail/gnss_fusion_status__rosidl_typesupport_introspection_c.h
[8.913s] -- Symlinking: /home/usman/ros2_ws/install/zed_interfaces/include/zed_interfaces/zed_interfaces/msg/detail/heartbeat__rosidl_typesupport_introspection_c.h
[8.919s] -- Symlinking: /home/usman/ros2_ws/install/zed_interfaces/include/zed_interfaces/zed_interfaces/msg/detail/keypoint2_df__rosidl_typesupport_introspection_c.h
[8.925s] -- Symlinking: /home/usman/ros2_ws/install/zed_interfaces/include/zed_interfaces/zed_interfaces/msg/detail/keypoint2_di__rosidl_typesupport_introspection_c.h
[8.932s] -- Symlinking: /home/usman/ros2_ws/install/zed_interfaces/include/zed_interfaces/zed_interfaces/msg/detail/keypoint3_d__rosidl_typesupport_introspection_c.h
[8.938s] -- Symlinking: /home/usman/ros2_ws/install/zed_interfaces/include/zed_interfaces/zed_interfaces/msg/detail/mag_heading_status__rosidl_typesupport_introspection_c.h
[8.944s] -- Symlinking: /home/usman/ros2_ws/install/zed_interfaces/include/zed_interfaces/zed_interfaces/msg/detail/object__rosidl_typesupport_introspection_c.h
[8.950s] -- Symlinking: /home/usman/ros2_ws/install/zed_interfaces/include/zed_interfaces/zed_interfaces/msg/detail/objects_stamped__rosidl_typesupport_introspection_c.h
[8.957s] -- Symlinking: /home/usman/ros2_ws/install/zed_interfaces/include/zed_interfaces/zed_interfaces/msg/detail/plane_stamped__rosidl_typesupport_introspection_c.h
[8.963s] -- Symlinking: /home/usman/ros2_ws/install/zed_interfaces/include/zed_interfaces/zed_interfaces/msg/detail/pos_track_status__rosidl_typesupport_introspection_c.h
[8.969s] -- Symlinking: /home/usman/ros2_ws/install/zed_interfaces/include/zed_interfaces/zed_interfaces/msg/detail/skeleton2_d__rosidl_typesupport_introspection_c.h
[8.975s] -- Symlinking: /home/usman/ros2_ws/install/zed_interfaces/include/zed_interfaces/zed_interfaces/msg/detail/skeleton3_d__rosidl_typesupport_introspection_c.h
[8.981s] -- Symlinking: /home/usman/ros2_ws/install/zed_interfaces/include/zed_interfaces/zed_interfaces/msg/rosidl_typesupport_introspection_c__visibility_control.h
[8.987s] -- Symlinking: /home/usman/ros2_ws/install/zed_interfaces/include/zed_interfaces/zed_interfaces/srv/detail/set_pose__rosidl_typesupport_introspection_c.h
[8.994s] -- Symlinking: /home/usman/ros2_ws/install/zed_interfaces/include/zed_interfaces/zed_interfaces/srv/detail/set_roi__rosidl_typesupport_introspection_c.h
[9.000s] -- Symlinking: /home/usman/ros2_ws/install/zed_interfaces/include/zed_interfaces/zed_interfaces/srv/detail/start_svo_rec__rosidl_typesupport_introspection_c.h
[9.007s] -- Symlinking: /home/usman/ros2_ws/install/zed_interfaces/include/zed_interfaces/zed_interfaces/msg/detail/bounding_box2_df__rosidl_typesupport_introspection_cpp.hpp
[9.013s] -- Symlinking: /home/usman/ros2_ws/install/zed_interfaces/include/zed_interfaces/zed_interfaces/msg/detail/bounding_box2_di__rosidl_typesupport_introspection_cpp.hpp
[9.020s] -- Symlinking: /home/usman/ros2_ws/install/zed_interfaces/include/zed_interfaces/zed_interfaces/msg/detail/bounding_box3_d__rosidl_typesupport_introspection_cpp.hpp
[9.026s] -- Symlinking: /home/usman/ros2_ws/install/zed_interfaces/include/zed_interfaces/zed_interfaces/msg/detail/depth_info_stamped__rosidl_typesupport_introspection_cpp.hpp
[9.032s] -- Symlinking: /home/usman/ros2_ws/install/zed_interfaces/include/zed_interfaces/zed_interfaces/msg/detail/gnss_fusion_status__rosidl_typesupport_introspection_cpp.hpp
[9.038s] -- Symlinking: /home/usman/ros2_ws/install/zed_interfaces/include/zed_interfaces/zed_interfaces/msg/detail/heartbeat__rosidl_typesupport_introspection_cpp.hpp
[9.044s] -- Symlinking: /home/usman/ros2_ws/install/zed_interfaces/include/zed_interfaces/zed_interfaces/msg/detail/keypoint2_df__rosidl_typesupport_introspection_cpp.hpp
[9.051s] -- Symlinking: /home/usman/ros2_ws/install/zed_interfaces/include/zed_interfaces/zed_interfaces/msg/detail/keypoint2_di__rosidl_typesupport_introspection_cpp.hpp
[9.057s] -- Symlinking: /home/usman/ros2_ws/install/zed_interfaces/include/zed_interfaces/zed_interfaces/msg/detail/keypoint3_d__rosidl_typesupport_introspection_cpp.hpp
[9.063s] -- Symlinking: /home/usman/ros2_ws/install/zed_interfaces/include/zed_interfaces/zed_interfaces/msg/detail/mag_heading_status__rosidl_typesupport_introspection_cpp.hpp
[9.070s] -- Symlinking: /home/usman/ros2_ws/install/zed_interfaces/include/zed_interfaces/zed_interfaces/msg/detail/object__rosidl_typesupport_introspection_cpp.hpp
[9.076s] -- Symlinking: /home/usman/ros2_ws/install/zed_interfaces/include/zed_interfaces/zed_interfaces/msg/detail/objects_stamped__rosidl_typesupport_introspection_cpp.hpp
[9.082s] -- Symlinking: /home/usman/ros2_ws/install/zed_interfaces/include/zed_interfaces/zed_interfaces/msg/detail/plane_stamped__rosidl_typesupport_introspection_cpp.hpp
[9.088s] -- Symlinking: /home/usman/ros2_ws/install/zed_interfaces/include/zed_interfaces/zed_interfaces/msg/detail/pos_track_status__rosidl_typesupport_introspection_cpp.hpp
[9.094s] -- Symlinking: /home/usman/ros2_ws/install/zed_interfaces/include/zed_interfaces/zed_interfaces/msg/detail/skeleton2_d__rosidl_typesupport_introspection_cpp.hpp
[9.100s] -- Symlinking: /home/usman/ros2_ws/install/zed_interfaces/include/zed_interfaces/zed_interfaces/msg/detail/skeleton3_d__rosidl_typesupport_introspection_cpp.hpp
[9.107s] -- Symlinking: /home/usman/ros2_ws/install/zed_interfaces/include/zed_interfaces/zed_interfaces/srv/detail/set_pose__rosidl_typesupport_introspection_cpp.hpp
[9.113s] -- Symlinking: /home/usman/ros2_ws/install/zed_interfaces/include/zed_interfaces/zed_interfaces/srv/detail/set_roi__rosidl_typesupport_introspection_cpp.hpp
[9.119s] -- Symlinking: /home/usman/ros2_ws/install/zed_interfaces/include/zed_interfaces/zed_interfaces/srv/detail/start_svo_rec__rosidl_typesupport_introspection_cpp.hpp
[9.126s] -- Symlinking: /home/usman/ros2_ws/install/zed_interfaces/share/zed_interfaces/environment/pythonpath.sh
[9.132s] -- Symlinking: /home/usman/ros2_ws/install/zed_interfaces/share/zed_interfaces/environment/pythonpath.dsv
[9.138s] -- Symlinking: /home/usman/ros2_ws/install/zed_interfaces/local/lib/python3.10/dist-packages/zed_interfaces-4.1.0-py3.10.egg-info/PKG-INFO
[9.144s] -- Symlinking: /home/usman/ros2_ws/install/zed_interfaces/local/lib/python3.10/dist-packages/zed_interfaces-4.1.0-py3.10.egg-info/SOURCES.txt
[9.150s] -- Symlinking: /home/usman/ros2_ws/install/zed_interfaces/local/lib/python3.10/dist-packages/zed_interfaces-4.1.0-py3.10.egg-info/dependency_links.txt
[9.156s] -- Symlinking: /home/usman/ros2_ws/install/zed_interfaces/local/lib/python3.10/dist-packages/zed_interfaces-4.1.0-py3.10.egg-info/top_level.txt
[9.163s] -- Symlinking: /home/usman/ros2_ws/install/zed_interfaces/local/lib/python3.10/dist-packages/zed_interfaces/__init__.py
[9.170s] -- Symlinking: /home/usman/ros2_ws/install/zed_interfaces/local/lib/python3.10/dist-packages/zed_interfaces/_zed_interfaces_s.ep.rosidl_typesupport_c.c
[9.176s] -- Symlinking: /home/usman/ros2_ws/install/zed_interfaces/local/lib/python3.10/dist-packages/zed_interfaces/_zed_interfaces_s.ep.rosidl_typesupport_fastrtps_c.c
[9.182s] -- Symlinking: /home/usman/ros2_ws/install/zed_interfaces/local/lib/python3.10/dist-packages/zed_interfaces/_zed_interfaces_s.ep.rosidl_typesupport_introspection_c.c
[9.188s] -- Symlinking: /home/usman/ros2_ws/install/zed_interfaces/local/lib/python3.10/dist-packages/zed_interfaces/libzed_interfaces__rosidl_generator_py.so
[9.194s] -- Symlinking: /home/usman/ros2_ws/install/zed_interfaces/local/lib/python3.10/dist-packages/zed_interfaces/msg/__init__.py
[9.200s] -- Symlinking: /home/usman/ros2_ws/install/zed_interfaces/local/lib/python3.10/dist-packages/zed_interfaces/msg/_bounding_box2_df.py
[9.206s] -- Symlinking: /home/usman/ros2_ws/install/zed_interfaces/local/lib/python3.10/dist-packages/zed_interfaces/msg/_bounding_box2_df_s.c
[9.212s] -- Symlinking: /home/usman/ros2_ws/install/zed_interfaces/local/lib/python3.10/dist-packages/zed_interfaces/msg/_bounding_box2_di.py
[9.219s] -- Symlinking: /home/usman/ros2_ws/install/zed_interfaces/local/lib/python3.10/dist-packages/zed_interfaces/msg/_bounding_box2_di_s.c
[9.225s] -- Symlinking: /home/usman/ros2_ws/install/zed_interfaces/local/lib/python3.10/dist-packages/zed_interfaces/msg/_bounding_box3_d.py
[9.231s] -- Symlinking: /home/usman/ros2_ws/install/zed_interfaces/local/lib/python3.10/dist-packages/zed_interfaces/msg/_bounding_box3_d_s.c
[9.238s] -- Symlinking: /home/usman/ros2_ws/install/zed_interfaces/local/lib/python3.10/dist-packages/zed_interfaces/msg/_depth_info_stamped.py
[9.244s] -- Symlinking: /home/usman/ros2_ws/install/zed_interfaces/local/lib/python3.10/dist-packages/zed_interfaces/msg/_depth_info_stamped_s.c
[9.250s] -- Symlinking: /home/usman/ros2_ws/install/zed_interfaces/local/lib/python3.10/dist-packages/zed_interfaces/msg/_gnss_fusion_status.py
[9.256s] -- Symlinking: /home/usman/ros2_ws/install/zed_interfaces/local/lib/python3.10/dist-packages/zed_interfaces/msg/_gnss_fusion_status_s.c
[9.262s] -- Symlinking: /home/usman/ros2_ws/install/zed_interfaces/local/lib/python3.10/dist-packages/zed_interfaces/msg/_heartbeat.py
[9.268s] -- Symlinking: /home/usman/ros2_ws/install/zed_interfaces/local/lib/python3.10/dist-packages/zed_interfaces/msg/_heartbeat_s.c
[9.275s] -- Symlinking: /home/usman/ros2_ws/install/zed_interfaces/local/lib/python3.10/dist-packages/zed_interfaces/msg/_keypoint2_df.py
[9.281s] -- Symlinking: /home/usman/ros2_ws/install/zed_interfaces/local/lib/python3.10/dist-packages/zed_interfaces/msg/_keypoint2_df_s.c
[9.288s] -- Symlinking: /home/usman/ros2_ws/install/zed_interfaces/local/lib/python3.10/dist-packages/zed_interfaces/msg/_keypoint2_di.py
[9.294s] -- Symlinking: /home/usman/ros2_ws/install/zed_interfaces/local/lib/python3.10/dist-packages/zed_interfaces/msg/_keypoint2_di_s.c
[9.300s] -- Symlinking: /home/usman/ros2_ws/install/zed_interfaces/local/lib/python3.10/dist-packages/zed_interfaces/msg/_keypoint3_d.py
[9.307s] -- Symlinking: /home/usman/ros2_ws/install/zed_interfaces/local/lib/python3.10/dist-packages/zed_interfaces/msg/_keypoint3_d_s.c
[9.313s] -- Symlinking: /home/usman/ros2_ws/install/zed_interfaces/local/lib/python3.10/dist-packages/zed_interfaces/msg/_mag_heading_status.py
[9.319s] -- Symlinking: /home/usman/ros2_ws/install/zed_interfaces/local/lib/python3.10/dist-packages/zed_interfaces/msg/_mag_heading_status_s.c
[9.325s] -- Symlinking: /home/usman/ros2_ws/install/zed_interfaces/local/lib/python3.10/dist-packages/zed_interfaces/msg/_object.py
[9.331s] -- Symlinking: /home/usman/ros2_ws/install/zed_interfaces/local/lib/python3.10/dist-packages/zed_interfaces/msg/_object_s.c
[9.338s] -- Symlinking: /home/usman/ros2_ws/install/zed_interfaces/local/lib/python3.10/dist-packages/zed_interfaces/msg/_objects_stamped.py
[9.344s] -- Symlinking: /home/usman/ros2_ws/install/zed_interfaces/local/lib/python3.10/dist-packages/zed_interfaces/msg/_objects_stamped_s.c
[9.350s] -- Symlinking: /home/usman/ros2_ws/install/zed_interfaces/local/lib/python3.10/dist-packages/zed_interfaces/msg/_plane_stamped.py
[9.356s] -- Symlinking: /home/usman/ros2_ws/install/zed_interfaces/local/lib/python3.10/dist-packages/zed_interfaces/msg/_plane_stamped_s.c
[9.362s] -- Symlinking: /home/usman/ros2_ws/install/zed_interfaces/local/lib/python3.10/dist-packages/zed_interfaces/msg/_pos_track_status.py
[9.368s] -- Symlinking: /home/usman/ros2_ws/install/zed_interfaces/local/lib/python3.10/dist-packages/zed_interfaces/msg/_pos_track_status_s.c
[9.375s] -- Symlinking: /home/usman/ros2_ws/install/zed_interfaces/local/lib/python3.10/dist-packages/zed_interfaces/msg/_skeleton2_d.py
[9.381s] -- Symlinking: /home/usman/ros2_ws/install/zed_interfaces/local/lib/python3.10/dist-packages/zed_interfaces/msg/_skeleton2_d_s.c
[9.387s] -- Symlinking: /home/usman/ros2_ws/install/zed_interfaces/local/lib/python3.10/dist-packages/zed_interfaces/msg/_skeleton3_d.py
[9.393s] -- Symlinking: /home/usman/ros2_ws/install/zed_interfaces/local/lib/python3.10/dist-packages/zed_interfaces/msg/_skeleton3_d_s.c
[9.399s] -- Symlinking: /home/usman/ros2_ws/install/zed_interfaces/local/lib/python3.10/dist-packages/zed_interfaces/srv/__init__.py
[9.406s] -- Symlinking: /home/usman/ros2_ws/install/zed_interfaces/local/lib/python3.10/dist-packages/zed_interfaces/srv/_set_pose.py
[9.412s] -- Symlinking: /home/usman/ros2_ws/install/zed_interfaces/local/lib/python3.10/dist-packages/zed_interfaces/srv/_set_pose_s.c
[9.418s] -- Symlinking: /home/usman/ros2_ws/install/zed_interfaces/local/lib/python3.10/dist-packages/zed_interfaces/srv/_set_roi.py
[9.424s] -- Symlinking: /home/usman/ros2_ws/install/zed_interfaces/local/lib/python3.10/dist-packages/zed_interfaces/srv/_set_roi_s.c
[9.431s] -- Symlinking: /home/usman/ros2_ws/install/zed_interfaces/local/lib/python3.10/dist-packages/zed_interfaces/srv/_start_svo_rec.py
[9.437s] -- Symlinking: /home/usman/ros2_ws/install/zed_interfaces/local/lib/python3.10/dist-packages/zed_interfaces/srv/_start_svo_rec_s.c
[9.443s] -- Symlinking: /home/usman/ros2_ws/install/zed_interfaces/local/lib/python3.10/dist-packages/zed_interfaces/zed_interfaces_s__rosidl_typesupport_c.cpython-310-x86_64-linux-gnu.so
[9.449s] -- Symlinking: /home/usman/ros2_ws/install/zed_interfaces/local/lib/python3.10/dist-packages/zed_interfaces/zed_interfaces_s__rosidl_typesupport_fastrtps_c.cpython-310-x86_64-linux-gnu.so
[9.455s] -- Symlinking: /home/usman/ros2_ws/install/zed_interfaces/local/lib/python3.10/dist-packages/zed_interfaces/zed_interfaces_s__rosidl_typesupport_introspection_c.cpython-310-x86_64-linux-gnu.so
[9.461s] -- Up-to-date symlink: /home/usman/ros2_ws/install/zed_interfaces/local/lib/python3.10/dist-packages/zed_interfaces/zed_interfaces_s__rosidl_typesupport_fastrtps_c.cpython-310-x86_64-linux-gnu.so
[9.462s] -- Up-to-date symlink: /home/usman/ros2_ws/install/zed_interfaces/local/lib/python3.10/dist-packages/zed_interfaces/zed_interfaces_s__rosidl_typesupport_introspection_c.cpython-310-x86_64-linux-gnu.so
[9.462s] -- Up-to-date symlink: /home/usman/ros2_ws/install/zed_interfaces/local/lib/python3.10/dist-packages/zed_interfaces/zed_interfaces_s__rosidl_typesupport_c.cpython-310-x86_64-linux-gnu.so
[9.462s] -- Symlinking: /home/usman/ros2_ws/install/zed_interfaces/share/zed_interfaces/msg/Object.idl
[9.468s] -- Symlinking: /home/usman/ros2_ws/install/zed_interfaces/share/zed_interfaces/msg/ObjectsStamped.idl
[9.474s] -- Symlinking: /home/usman/ros2_ws/install/zed_interfaces/share/zed_interfaces/msg/Keypoint2Di.idl
[9.481s] -- Symlinking: /home/usman/ros2_ws/install/zed_interfaces/share/zed_interfaces/msg/Keypoint2Df.idl
[9.487s] -- Symlinking: /home/usman/ros2_ws/install/zed_interfaces/share/zed_interfaces/msg/Keypoint3D.idl
[9.493s] -- Symlinking: /home/usman/ros2_ws/install/zed_interfaces/share/zed_interfaces/msg/BoundingBox2Di.idl
[9.499s] -- Symlinking: /home/usman/ros2_ws/install/zed_interfaces/share/zed_interfaces/msg/BoundingBox2Df.idl
[9.506s] -- Symlinking: /home/usman/ros2_ws/install/zed_interfaces/share/zed_interfaces/msg/BoundingBox3D.idl
[9.512s] -- Symlinking: /home/usman/ros2_ws/install/zed_interfaces/share/zed_interfaces/msg/Skeleton2D.idl
[9.518s] -- Symlinking: /home/usman/ros2_ws/install/zed_interfaces/share/zed_interfaces/msg/Skeleton3D.idl
[9.524s] -- Symlinking: /home/usman/ros2_ws/install/zed_interfaces/share/zed_interfaces/msg/DepthInfoStamped.idl
[9.531s] -- Symlinking: /home/usman/ros2_ws/install/zed_interfaces/share/zed_interfaces/msg/PlaneStamped.idl
[9.537s] -- Symlinking: /home/usman/ros2_ws/install/zed_interfaces/share/zed_interfaces/msg/PosTrackStatus.idl
[9.543s] -- Symlinking: /home/usman/ros2_ws/install/zed_interfaces/share/zed_interfaces/msg/GnssFusionStatus.idl
[9.550s] -- Symlinking: /home/usman/ros2_ws/install/zed_interfaces/share/zed_interfaces/msg/Heartbeat.idl
[9.556s] -- Symlinking: /home/usman/ros2_ws/install/zed_interfaces/share/zed_interfaces/msg/MagHeadingStatus.idl
[9.562s] -- Symlinking: /home/usman/ros2_ws/install/zed_interfaces/share/zed_interfaces/srv/SetPose.idl
[9.568s] -- Symlinking: /home/usman/ros2_ws/install/zed_interfaces/share/zed_interfaces/srv/StartSvoRec.idl
[9.575s] -- Symlinking: /home/usman/ros2_ws/install/zed_interfaces/share/zed_interfaces/srv/SetROI.idl
[9.581s] -- Symlinking: /home/usman/ros2_ws/install/zed_interfaces/share/zed_interfaces/msg/Object.msg
[9.588s] -- Symlinking: /home/usman/ros2_ws/install/zed_interfaces/share/zed_interfaces/msg/ObjectsStamped.msg
[9.594s] -- Symlinking: /home/usman/ros2_ws/install/zed_interfaces/share/zed_interfaces/msg/Keypoint2Di.msg
[9.600s] -- Symlinking: /home/usman/ros2_ws/install/zed_interfaces/share/zed_interfaces/msg/Keypoint2Df.msg
[9.606s] -- Symlinking: /home/usman/ros2_ws/install/zed_interfaces/share/zed_interfaces/msg/Keypoint3D.msg
[9.612s] -- Symlinking: /home/usman/ros2_ws/install/zed_interfaces/share/zed_interfaces/msg/BoundingBox2Di.msg
[9.619s] -- Symlinking: /home/usman/ros2_ws/install/zed_interfaces/share/zed_interfaces/msg/BoundingBox2Df.msg
[9.625s] -- Symlinking: /home/usman/ros2_ws/install/zed_interfaces/share/zed_interfaces/msg/BoundingBox3D.msg
[9.632s] -- Symlinking: /home/usman/ros2_ws/install/zed_interfaces/share/zed_interfaces/msg/Skeleton2D.msg
[9.638s] -- Symlinking: /home/usman/ros2_ws/install/zed_interfaces/share/zed_interfaces/msg/Skeleton3D.msg
[9.644s] -- Symlinking: /home/usman/ros2_ws/install/zed_interfaces/share/zed_interfaces/msg/DepthInfoStamped.msg
[9.650s] -- Symlinking: /home/usman/ros2_ws/install/zed_interfaces/share/zed_interfaces/msg/PlaneStamped.msg
[9.657s] -- Symlinking: /home/usman/ros2_ws/install/zed_interfaces/share/zed_interfaces/msg/PosTrackStatus.msg
[9.663s] -- Symlinking: /home/usman/ros2_ws/install/zed_interfaces/share/zed_interfaces/msg/GnssFusionStatus.msg
[9.670s] -- Symlinking: /home/usman/ros2_ws/install/zed_interfaces/share/zed_interfaces/msg/Heartbeat.msg
[9.676s] -- Symlinking: /home/usman/ros2_ws/install/zed_interfaces/share/zed_interfaces/msg/MagHeadingStatus.msg
[9.682s] -- Symlinking: /home/usman/ros2_ws/install/zed_interfaces/share/zed_interfaces/srv/SetPose.srv
[9.688s] -- Symlinking: /home/usman/ros2_ws/install/zed_interfaces/share/zed_interfaces/srv/SetPose_Request.msg
[9.694s] -- Symlinking: /home/usman/ros2_ws/install/zed_interfaces/share/zed_interfaces/srv/SetPose_Response.msg
[9.701s] -- Symlinking: /home/usman/ros2_ws/install/zed_interfaces/share/zed_interfaces/srv/StartSvoRec.srv
[9.707s] -- Symlinking: /home/usman/ros2_ws/install/zed_interfaces/share/zed_interfaces/srv/StartSvoRec_Request.msg
[9.713s] -- Symlinking: /home/usman/ros2_ws/install/zed_interfaces/share/zed_interfaces/srv/StartSvoRec_Response.msg
[9.720s] -- Symlinking: /home/usman/ros2_ws/install/zed_interfaces/share/zed_interfaces/srv/SetROI.srv
[9.726s] -- Symlinking: /home/usman/ros2_ws/install/zed_interfaces/share/zed_interfaces/srv/SetROI_Request.msg
[9.732s] -- Symlinking: /home/usman/ros2_ws/install/zed_interfaces/share/zed_interfaces/srv/SetROI_Response.msg
[9.739s] -- Symlinking: /home/usman/ros2_ws/install/zed_interfaces/share/zed_interfaces/meshes/virtual.stl
[9.745s] -- Symlinking: /home/usman/ros2_ws/install/zed_interfaces/share/zed_interfaces/meshes/zed.stl
[9.751s] -- Symlinking: /home/usman/ros2_ws/install/zed_interfaces/share/zed_interfaces/meshes/zed2.stl
[9.757s] -- Symlinking: /home/usman/ros2_ws/install/zed_interfaces/share/zed_interfaces/meshes/zed2i.stl
[9.764s] -- Symlinking: /home/usman/ros2_ws/install/zed_interfaces/share/zed_interfaces/meshes/zedm.stl
[9.770s] -- Symlinking: /home/usman/ros2_ws/install/zed_interfaces/share/zed_interfaces/meshes/zedx.stl
[9.776s] -- Symlinking: /home/usman/ros2_ws/install/zed_interfaces/share/zed_interfaces/meshes/zedxm.stl
[9.782s] -- Symlinking: /home/usman/ros2_ws/install/zed_interfaces/share/ament_index/resource_index/package_run_dependencies/zed_interfaces
[9.789s] -- Symlinking: /home/usman/ros2_ws/install/zed_interfaces/share/ament_index/resource_index/parent_prefix_path/zed_interfaces
[9.795s] -- Symlinking: /home/usman/ros2_ws/install/zed_interfaces/share/zed_interfaces/environment/ament_prefix_path.sh
[9.801s] -- Symlinking: /home/usman/ros2_ws/install/zed_interfaces/share/zed_interfaces/environment/ament_prefix_path.dsv
[9.808s] -- Symlinking: /home/usman/ros2_ws/install/zed_interfaces/share/zed_interfaces/environment/path.sh
[9.814s] -- Symlinking: /home/usman/ros2_ws/install/zed_interfaces/share/zed_interfaces/environment/path.dsv
[9.820s] -- Symlinking: /home/usman/ros2_ws/install/zed_interfaces/share/zed_interfaces/local_setup.bash
[9.827s] -- Symlinking: /home/usman/ros2_ws/install/zed_interfaces/share/zed_interfaces/local_setup.sh
[9.833s] -- Symlinking: /home/usman/ros2_ws/install/zed_interfaces/share/zed_interfaces/local_setup.zsh
[9.839s] -- Symlinking: /home/usman/ros2_ws/install/zed_interfaces/share/zed_interfaces/local_setup.dsv
[9.845s] -- Symlinking: /home/usman/ros2_ws/install/zed_interfaces/share/zed_interfaces/package.dsv
[9.852s] -- Symlinking: /home/usman/ros2_ws/install/zed_interfaces/share/ament_index/resource_index/packages/zed_interfaces
[9.858s] -- Symlinking: /home/usman/ros2_ws/install/zed_interfaces/share/zed_interfaces/cmake/rosidl_cmake-extras.cmake
[9.864s] -- Symlinking: /home/usman/ros2_ws/install/zed_interfaces/share/zed_interfaces/cmake/ament_cmake_export_dependencies-extras.cmake
[9.871s] -- Symlinking: /home/usman/ros2_ws/install/zed_interfaces/share/zed_interfaces/cmake/ament_cmake_export_include_directories-extras.cmake
[9.877s] -- Symlinking: /home/usman/ros2_ws/install/zed_interfaces/share/zed_interfaces/cmake/ament_cmake_export_libraries-extras.cmake
[9.883s] -- Symlinking: /home/usman/ros2_ws/install/zed_interfaces/share/zed_interfaces/cmake/ament_cmake_export_targets-extras.cmake
[9.889s] -- Symlinking: /home/usman/ros2_ws/install/zed_interfaces/share/zed_interfaces/cmake/rosidl_cmake_export_typesupport_targets-extras.cmake
[9.895s] -- Symlinking: /home/usman/ros2_ws/install/zed_interfaces/share/zed_interfaces/cmake/rosidl_cmake_export_typesupport_libraries-extras.cmake
[9.902s] -- Symlinking: /home/usman/ros2_ws/install/zed_interfaces/share/zed_interfaces/cmake/zed_interfacesConfig.cmake
[9.908s] -- Symlinking: /home/usman/ros2_ws/install/zed_interfaces/share/zed_interfaces/cmake/zed_interfacesConfig-version.cmake
[9.915s] -- Symlinking: /home/usman/ros2_ws/install/zed_interfaces/share/zed_interfaces/package.xml
[9.921s] -- Installing: /home/usman/ros2_ws/install/zed_interfaces/lib/libzed_interfaces__rosidl_generator_c.so
[9.922s] -- Set runtime path of "/home/usman/ros2_ws/install/zed_interfaces/lib/libzed_interfaces__rosidl_generator_c.so" to ""
[9.922s] -- Installing: /home/usman/ros2_ws/install/zed_interfaces/lib/libzed_interfaces__rosidl_typesupport_fastrtps_c.so
[9.922s] -- Set runtime path of "/home/usman/ros2_ws/install/zed_interfaces/lib/libzed_interfaces__rosidl_typesupport_fastrtps_c.so" to ""
[9.922s] -- Installing: /home/usman/ros2_ws/install/zed_interfaces/lib/libzed_interfaces__rosidl_typesupport_fastrtps_cpp.so
[9.922s] -- Set runtime path of "/home/usman/ros2_ws/install/zed_interfaces/lib/libzed_interfaces__rosidl_typesupport_fastrtps_cpp.so" to ""
[9.922s] -- Installing: /home/usman/ros2_ws/install/zed_interfaces/lib/libzed_interfaces__rosidl_typesupport_introspection_c.so
[9.923s] -- Set runtime path of "/home/usman/ros2_ws/install/zed_interfaces/lib/libzed_interfaces__rosidl_typesupport_introspection_c.so" to ""
[9.923s] -- Installing: /home/usman/ros2_ws/install/zed_interfaces/lib/libzed_interfaces__rosidl_typesupport_c.so
[9.923s] -- Set runtime path of "/home/usman/ros2_ws/install/zed_interfaces/lib/libzed_interfaces__rosidl_typesupport_c.so" to ""
[9.923s] -- Installing: /home/usman/ros2_ws/install/zed_interfaces/lib/libzed_interfaces__rosidl_typesupport_introspection_cpp.so
[9.923s] -- Set runtime path of "/home/usman/ros2_ws/install/zed_interfaces/lib/libzed_interfaces__rosidl_typesupport_introspection_cpp.so" to ""
[9.924s] -- Installing: /home/usman/ros2_ws/install/zed_interfaces/lib/libzed_interfaces__rosidl_typesupport_cpp.so
[9.924s] -- Set runtime path of "/home/usman/ros2_ws/install/zed_interfaces/lib/libzed_interfaces__rosidl_typesupport_cpp.so" to ""
[9.958s] Listing '/home/usman/ros2_ws/install/zed_interfaces/local/lib/python3.10/dist-packages/zed_interfaces'...
[9.958s] Compiling '/home/usman/ros2_ws/install/zed_interfaces/local/lib/python3.10/dist-packages/zed_interfaces/__init__.py'...
[9.958s] Listing '/home/usman/ros2_ws/install/zed_interfaces/local/lib/python3.10/dist-packages/zed_interfaces/msg'...
[9.958s] Compiling '/home/usman/ros2_ws/install/zed_interfaces/local/lib/python3.10/dist-packages/zed_interfaces/msg/__init__.py'...
[9.958s] Compiling '/home/usman/ros2_ws/install/zed_interfaces/local/lib/python3.10/dist-packages/zed_interfaces/msg/_bounding_box2_df.py'...
[9.958s] Compiling '/home/usman/ros2_ws/install/zed_interfaces/local/lib/python3.10/dist-packages/zed_interfaces/msg/_bounding_box2_di.py'...
[9.958s] Compiling '/home/usman/ros2_ws/install/zed_interfaces/local/lib/python3.10/dist-packages/zed_interfaces/msg/_bounding_box3_d.py'...
[9.958s] Compiling '/home/usman/ros2_ws/install/zed_interfaces/local/lib/python3.10/dist-packages/zed_interfaces/msg/_depth_info_stamped.py'...
[9.958s] Compiling '/home/usman/ros2_ws/install/zed_interfaces/local/lib/python3.10/dist-packages/zed_interfaces/msg/_gnss_fusion_status.py'...
[9.958s] Compiling '/home/usman/ros2_ws/install/zed_interfaces/local/lib/python3.10/dist-packages/zed_interfaces/msg/_heartbeat.py'...
[9.958s] Compiling '/home/usman/ros2_ws/install/zed_interfaces/local/lib/python3.10/dist-packages/zed_interfaces/msg/_keypoint2_df.py'...
[9.958s] Compiling '/home/usman/ros2_ws/install/zed_interfaces/local/lib/python3.10/dist-packages/zed_interfaces/msg/_keypoint2_di.py'...
[9.958s] Compiling '/home/usman/ros2_ws/install/zed_interfaces/local/lib/python3.10/dist-packages/zed_interfaces/msg/_keypoint3_d.py'...
[9.958s] Compiling '/home/usman/ros2_ws/install/zed_interfaces/local/lib/python3.10/dist-packages/zed_interfaces/msg/_mag_heading_status.py'...
[9.958s] Compiling '/home/usman/ros2_ws/install/zed_interfaces/local/lib/python3.10/dist-packages/zed_interfaces/msg/_object.py'...
[9.958s] Compiling '/home/usman/ros2_ws/install/zed_interfaces/local/lib/python3.10/dist-packages/zed_interfaces/msg/_objects_stamped.py'...
[9.958s] Compiling '/home/usman/ros2_ws/install/zed_interfaces/local/lib/python3.10/dist-packages/zed_interfaces/msg/_plane_stamped.py'...
[9.958s] Compiling '/home/usman/ros2_ws/install/zed_interfaces/local/lib/python3.10/dist-packages/zed_interfaces/msg/_pos_track_status.py'...
[9.958s] Compiling '/home/usman/ros2_ws/install/zed_interfaces/local/lib/python3.10/dist-packages/zed_interfaces/msg/_skeleton2_d.py'...
[9.958s] Compiling '/home/usman/ros2_ws/install/zed_interfaces/local/lib/python3.10/dist-packages/zed_interfaces/msg/_skeleton3_d.py'...
[9.958s] Listing '/home/usman/ros2_ws/install/zed_interfaces/local/lib/python3.10/dist-packages/zed_interfaces/srv'...
[9.959s] Compiling '/home/usman/ros2_ws/install/zed_interfaces/local/lib/python3.10/dist-packages/zed_interfaces/srv/__init__.py'...
[9.959s] Compiling '/home/usman/ros2_ws/install/zed_interfaces/local/lib/python3.10/dist-packages/zed_interfaces/srv/_set_pose.py'...
[9.959s] Compiling '/home/usman/ros2_ws/install/zed_interfaces/local/lib/python3.10/dist-packages/zed_interfaces/srv/_set_roi.py'...
[9.959s] Compiling '/home/usman/ros2_ws/install/zed_interfaces/local/lib/python3.10/dist-packages/zed_interfaces/srv/_start_svo_rec.py'...
[9.960s] -- Installing: /home/usman/ros2_ws/install/zed_interfaces/lib/libzed_interfaces__rosidl_generator_py.so
[9.961s] -- Set runtime path of "/home/usman/ros2_ws/install/zed_interfaces/lib/libzed_interfaces__rosidl_generator_py.so" to ""
[9.961s] -- Installing: /home/usman/ros2_ws/install/zed_interfaces/share/zed_interfaces/cmake/export_zed_interfaces__rosidl_generator_cExport.cmake
[9.961s] -- Installing: /home/usman/ros2_ws/install/zed_interfaces/share/zed_interfaces/cmake/export_zed_interfaces__rosidl_generator_cExport-release.cmake
[9.961s] -- Installing: /home/usman/ros2_ws/install/zed_interfaces/share/zed_interfaces/cmake/export_zed_interfaces__rosidl_typesupport_fastrtps_cExport.cmake
[9.961s] -- Installing: /home/usman/ros2_ws/install/zed_interfaces/share/zed_interfaces/cmake/export_zed_interfaces__rosidl_typesupport_fastrtps_cExport-release.cmake
[9.961s] -- Installing: /home/usman/ros2_ws/install/zed_interfaces/share/zed_interfaces/cmake/export_zed_interfaces__rosidl_generator_cppExport.cmake
[9.961s] -- Installing: /home/usman/ros2_ws/install/zed_interfaces/share/zed_interfaces/cmake/export_zed_interfaces__rosidl_typesupport_fastrtps_cppExport.cmake
[9.961s] -- Installing: /home/usman/ros2_ws/install/zed_interfaces/share/zed_interfaces/cmake/export_zed_interfaces__rosidl_typesupport_fastrtps_cppExport-release.cmake
[9.962s] -- Installing: /home/usman/ros2_ws/install/zed_interfaces/share/zed_interfaces/cmake/zed_interfaces__rosidl_typesupport_introspection_cExport.cmake
[9.962s] -- Installing: /home/usman/ros2_ws/install/zed_interfaces/share/zed_interfaces/cmake/zed_interfaces__rosidl_typesupport_introspection_cExport-release.cmake
[9.962s] -- Installing: /home/usman/ros2_ws/install/zed_interfaces/share/zed_interfaces/cmake/zed_interfaces__rosidl_typesupport_cExport.cmake
[9.962s] -- Installing: /home/usman/ros2_ws/install/zed_interfaces/share/zed_interfaces/cmake/zed_interfaces__rosidl_typesupport_cExport-release.cmake
[9.962s] -- Installing: /home/usman/ros2_ws/install/zed_interfaces/share/zed_interfaces/cmake/zed_interfaces__rosidl_typesupport_introspection_cppExport.cmake
[9.962s] -- Installing: /home/usman/ros2_ws/install/zed_interfaces/share/zed_interfaces/cmake/zed_interfaces__rosidl_typesupport_introspection_cppExport-release.cmake
[9.962s] -- Installing: /home/usman/ros2_ws/install/zed_interfaces/share/zed_interfaces/cmake/zed_interfaces__rosidl_typesupport_cppExport.cmake
[9.962s] -- Installing: /home/usman/ros2_ws/install/zed_interfaces/share/zed_interfaces/cmake/zed_interfaces__rosidl_typesupport_cppExport-release.cmake
[9.962s] -- Installing: /home/usman/ros2_ws/install/zed_interfaces/share/zed_interfaces/cmake/export_zed_interfaces__rosidl_generator_pyExport.cmake
[9.963s] -- Installing: /home/usman/ros2_ws/install/zed_interfaces/share/zed_interfaces/cmake/export_zed_interfaces__rosidl_generator_pyExport-release.cmake
[9.964s] Invoked command in '/home/usman/ros2_ws/build/zed_interfaces' returned '0': CMAKE_PREFIX_PATH=/opt/ros/humble /usr/bin/cmake --install /home/usman/ros2_ws/build/zed_interfaces
