[0.059s] DEBUG:colcon:Command line arguments: ['/usr/bin/colcon', 'build', '--symlink-install', '--cmake-args=-DCMAKE_BUILD_TYPE=Release', '--parallel-workers', '16']
[0.059s] DEBUG:colcon:Parsed command line arguments: Namespace(log_base=None, log_level=None, verb_name='build', build_base='build', install_base='install', merge_install=False, symlink_install=True, test_result_base=None, continue_on_error=False, executor='parallel', parallel_workers=16, event_handlers=None, ignore_user_meta=False, metas=['./colcon.meta'], base_paths=['.'], packages_ignore=None, packages_ignore_regex=None, paths=None, packages_up_to=None, packages_up_to_regex=None, packages_above=None, packages_above_and_dependencies=None, packages_above_depth=None, packages_select_by_dep=None, packages_skip_by_dep=None, packages_skip_up_to=None, packages_select_build_failed=False, packages_skip_build_finished=False, packages_select_test_failures=False, packages_skip_test_passed=False, packages_select=None, packages_skip=None, packages_select_regex=None, packages_skip_regex=None, packages_start=None, packages_end=None, allow_overriding=[], cmake_args=['-DCMAKE_BUILD_TYPE=Release'], cmake_target=None, cmake_target_skip_unavailable=False, cmake_clean_cache=False, cmake_clean_first=False, cmake_force_configure=False, ament_cmake_args=None, catkin_cmake_args=None, catkin_skip_building_tests=False, mixin_files=None, mixin=None, verb_parser=<colcon_mixin.mixin.mixin_argument.MixinArgumentDecorator object at 0x7927b723ad70>, verb_extension=<colcon_core.verb.build.BuildVerb object at 0x7927b723a770>, main=<bound method BuildVerb.main of <colcon_core.verb.build.BuildVerb object at 0x7927b723a770>>, mixin_verb=('build',))
[0.146s] Level 1:colcon.colcon_core.package_discovery:discover_packages(colcon_meta) check parameters
[0.146s] Level 1:colcon.colcon_core.package_discovery:discover_packages(recursive) check parameters
[0.146s] Level 1:colcon.colcon_core.package_discovery:discover_packages(ignore) check parameters
[0.146s] Level 1:colcon.colcon_core.package_discovery:discover_packages(path) check parameters
[0.146s] Level 1:colcon.colcon_core.package_discovery:discover_packages(colcon_meta) discover
[0.146s] Level 1:colcon.colcon_core.package_discovery:discover_packages(recursive) discover
[0.146s] INFO:colcon.colcon_core.package_discovery:Crawling recursively for packages in '/home/usman/ros2_ws'
[0.146s] Level 1:colcon.colcon_core.package_identification:_identify(.) by extensions ['ignore', 'ignore_ament_install']
[0.146s] Level 1:colcon.colcon_core.package_identification:_identify(.) by extension 'ignore'
[0.146s] Level 1:colcon.colcon_core.package_identification:_identify(.) by extension 'ignore_ament_install'
[0.146s] Level 1:colcon.colcon_core.package_identification:_identify(.) by extensions ['colcon_pkg']
[0.146s] Level 1:colcon.colcon_core.package_identification:_identify(.) by extension 'colcon_pkg'
[0.146s] Level 1:colcon.colcon_core.package_identification:_identify(.) by extensions ['colcon_meta']
[0.146s] Level 1:colcon.colcon_core.package_identification:_identify(.) by extension 'colcon_meta'
[0.146s] Level 1:colcon.colcon_core.package_identification:_identify(.) by extensions ['ros']
[0.146s] Level 1:colcon.colcon_core.package_identification:_identify(.) by extension 'ros'
[0.153s] Level 1:colcon.colcon_core.package_identification:_identify(.) by extensions ['cmake', 'python']
[0.153s] Level 1:colcon.colcon_core.package_identification:_identify(.) by extension 'cmake'
[0.153s] Level 1:colcon.colcon_core.package_identification:_identify(.) by extension 'python'
[0.153s] Level 1:colcon.colcon_core.package_identification:_identify(.) by extensions ['python_setup_py']
[0.153s] Level 1:colcon.colcon_core.package_identification:_identify(.) by extension 'python_setup_py'
[0.153s] Level 1:colcon.colcon_core.package_identification:_identify(build) by extensions ['ignore', 'ignore_ament_install']
[0.153s] Level 1:colcon.colcon_core.package_identification:_identify(build) by extension 'ignore'
[0.153s] Level 1:colcon.colcon_core.package_identification:_identify(build) ignored
[0.153s] Level 1:colcon.colcon_core.package_identification:_identify(install) by extensions ['ignore', 'ignore_ament_install']
[0.153s] Level 1:colcon.colcon_core.package_identification:_identify(install) by extension 'ignore'
[0.153s] Level 1:colcon.colcon_core.package_identification:_identify(install) ignored
[0.153s] Level 1:colcon.colcon_core.package_identification:_identify(log) by extensions ['ignore', 'ignore_ament_install']
[0.153s] Level 1:colcon.colcon_core.package_identification:_identify(log) by extension 'ignore'
[0.153s] Level 1:colcon.colcon_core.package_identification:_identify(log) ignored
[0.153s] Level 1:colcon.colcon_core.package_identification:_identify(src) by extensions ['ignore', 'ignore_ament_install']
[0.153s] Level 1:colcon.colcon_core.package_identification:_identify(src) by extension 'ignore'
[0.153s] Level 1:colcon.colcon_core.package_identification:_identify(src) by extension 'ignore_ament_install'
[0.153s] Level 1:colcon.colcon_core.package_identification:_identify(src) by extensions ['colcon_pkg']
[0.153s] Level 1:colcon.colcon_core.package_identification:_identify(src) by extension 'colcon_pkg'
[0.153s] Level 1:colcon.colcon_core.package_identification:_identify(src) by extensions ['colcon_meta']
[0.153s] Level 1:colcon.colcon_core.package_identification:_identify(src) by extension 'colcon_meta'
[0.153s] Level 1:colcon.colcon_core.package_identification:_identify(src) by extensions ['ros']
[0.153s] Level 1:colcon.colcon_core.package_identification:_identify(src) by extension 'ros'
[0.153s] Level 1:colcon.colcon_core.package_identification:_identify(src) by extensions ['cmake', 'python']
[0.153s] Level 1:colcon.colcon_core.package_identification:_identify(src) by extension 'cmake'
[0.154s] Level 1:colcon.colcon_core.package_identification:_identify(src) by extension 'python'
[0.154s] Level 1:colcon.colcon_core.package_identification:_identify(src) by extensions ['python_setup_py']
[0.154s] Level 1:colcon.colcon_core.package_identification:_identify(src) by extension 'python_setup_py'
[0.154s] Level 1:colcon.colcon_core.package_identification:_identify(src/zed-ros2-wrapper) by extensions ['ignore', 'ignore_ament_install']
[0.154s] Level 1:colcon.colcon_core.package_identification:_identify(src/zed-ros2-wrapper) by extension 'ignore'
[0.154s] Level 1:colcon.colcon_core.package_identification:_identify(src/zed-ros2-wrapper) by extension 'ignore_ament_install'
[0.154s] Level 1:colcon.colcon_core.package_identification:_identify(src/zed-ros2-wrapper) by extensions ['colcon_pkg']
[0.154s] Level 1:colcon.colcon_core.package_identification:_identify(src/zed-ros2-wrapper) by extension 'colcon_pkg'
[0.154s] Level 1:colcon.colcon_core.package_identification:_identify(src/zed-ros2-wrapper) by extensions ['colcon_meta']
[0.154s] Level 1:colcon.colcon_core.package_identification:_identify(src/zed-ros2-wrapper) by extension 'colcon_meta'
[0.154s] Level 1:colcon.colcon_core.package_identification:_identify(src/zed-ros2-wrapper) by extensions ['ros']
[0.154s] Level 1:colcon.colcon_core.package_identification:_identify(src/zed-ros2-wrapper) by extension 'ros'
[0.154s] Level 1:colcon.colcon_core.package_identification:_identify(src/zed-ros2-wrapper) by extensions ['cmake', 'python']
[0.154s] Level 1:colcon.colcon_core.package_identification:_identify(src/zed-ros2-wrapper) by extension 'cmake'
[0.154s] Level 1:colcon.colcon_core.package_identification:_identify(src/zed-ros2-wrapper) by extension 'python'
[0.154s] Level 1:colcon.colcon_core.package_identification:_identify(src/zed-ros2-wrapper) by extensions ['python_setup_py']
[0.154s] Level 1:colcon.colcon_core.package_identification:_identify(src/zed-ros2-wrapper) by extension 'python_setup_py'
[0.154s] Level 1:colcon.colcon_core.package_identification:_identify(src/zed-ros2-wrapper/docker) by extensions ['ignore', 'ignore_ament_install']
[0.154s] Level 1:colcon.colcon_core.package_identification:_identify(src/zed-ros2-wrapper/docker) by extension 'ignore'
[0.154s] Level 1:colcon.colcon_core.package_identification:_identify(src/zed-ros2-wrapper/docker) by extension 'ignore_ament_install'
[0.154s] Level 1:colcon.colcon_core.package_identification:_identify(src/zed-ros2-wrapper/docker) by extensions ['colcon_pkg']
[0.154s] Level 1:colcon.colcon_core.package_identification:_identify(src/zed-ros2-wrapper/docker) by extension 'colcon_pkg'
[0.154s] Level 1:colcon.colcon_core.package_identification:_identify(src/zed-ros2-wrapper/docker) by extensions ['colcon_meta']
[0.154s] Level 1:colcon.colcon_core.package_identification:_identify(src/zed-ros2-wrapper/docker) by extension 'colcon_meta'
[0.154s] Level 1:colcon.colcon_core.package_identification:_identify(src/zed-ros2-wrapper/docker) by extensions ['ros']
[0.154s] Level 1:colcon.colcon_core.package_identification:_identify(src/zed-ros2-wrapper/docker) by extension 'ros'
[0.154s] Level 1:colcon.colcon_core.package_identification:_identify(src/zed-ros2-wrapper/docker) by extensions ['cmake', 'python']
[0.154s] Level 1:colcon.colcon_core.package_identification:_identify(src/zed-ros2-wrapper/docker) by extension 'cmake'
[0.154s] Level 1:colcon.colcon_core.package_identification:_identify(src/zed-ros2-wrapper/docker) by extension 'python'
[0.154s] Level 1:colcon.colcon_core.package_identification:_identify(src/zed-ros2-wrapper/docker) by extensions ['python_setup_py']
[0.154s] Level 1:colcon.colcon_core.package_identification:_identify(src/zed-ros2-wrapper/docker) by extension 'python_setup_py'
[0.154s] Level 1:colcon.colcon_core.package_identification:_identify(src/zed-ros2-wrapper/images) by extensions ['ignore', 'ignore_ament_install']
[0.154s] Level 1:colcon.colcon_core.package_identification:_identify(src/zed-ros2-wrapper/images) by extension 'ignore'
[0.154s] Level 1:colcon.colcon_core.package_identification:_identify(src/zed-ros2-wrapper/images) by extension 'ignore_ament_install'
[0.154s] Level 1:colcon.colcon_core.package_identification:_identify(src/zed-ros2-wrapper/images) by extensions ['colcon_pkg']
[0.154s] Level 1:colcon.colcon_core.package_identification:_identify(src/zed-ros2-wrapper/images) by extension 'colcon_pkg'
[0.154s] Level 1:colcon.colcon_core.package_identification:_identify(src/zed-ros2-wrapper/images) by extensions ['colcon_meta']
[0.154s] Level 1:colcon.colcon_core.package_identification:_identify(src/zed-ros2-wrapper/images) by extension 'colcon_meta'
[0.154s] Level 1:colcon.colcon_core.package_identification:_identify(src/zed-ros2-wrapper/images) by extensions ['ros']
[0.154s] Level 1:colcon.colcon_core.package_identification:_identify(src/zed-ros2-wrapper/images) by extension 'ros'
[0.154s] Level 1:colcon.colcon_core.package_identification:_identify(src/zed-ros2-wrapper/images) by extensions ['cmake', 'python']
[0.154s] Level 1:colcon.colcon_core.package_identification:_identify(src/zed-ros2-wrapper/images) by extension 'cmake'
[0.154s] Level 1:colcon.colcon_core.package_identification:_identify(src/zed-ros2-wrapper/images) by extension 'python'
[0.154s] Level 1:colcon.colcon_core.package_identification:_identify(src/zed-ros2-wrapper/images) by extensions ['python_setup_py']
[0.154s] Level 1:colcon.colcon_core.package_identification:_identify(src/zed-ros2-wrapper/images) by extension 'python_setup_py'
[0.155s] Level 1:colcon.colcon_core.package_identification:_identify(src/zed-ros2-wrapper/zed-ros2-interfaces) by extensions ['ignore', 'ignore_ament_install']
[0.155s] Level 1:colcon.colcon_core.package_identification:_identify(src/zed-ros2-wrapper/zed-ros2-interfaces) by extension 'ignore'
[0.155s] Level 1:colcon.colcon_core.package_identification:_identify(src/zed-ros2-wrapper/zed-ros2-interfaces) by extension 'ignore_ament_install'
[0.155s] Level 1:colcon.colcon_core.package_identification:_identify(src/zed-ros2-wrapper/zed-ros2-interfaces) by extensions ['colcon_pkg']
[0.155s] Level 1:colcon.colcon_core.package_identification:_identify(src/zed-ros2-wrapper/zed-ros2-interfaces) by extension 'colcon_pkg'
[0.155s] Level 1:colcon.colcon_core.package_identification:_identify(src/zed-ros2-wrapper/zed-ros2-interfaces) by extensions ['colcon_meta']
[0.155s] Level 1:colcon.colcon_core.package_identification:_identify(src/zed-ros2-wrapper/zed-ros2-interfaces) by extension 'colcon_meta'
[0.155s] Level 1:colcon.colcon_core.package_identification:_identify(src/zed-ros2-wrapper/zed-ros2-interfaces) by extensions ['ros']
[0.155s] Level 1:colcon.colcon_core.package_identification:_identify(src/zed-ros2-wrapper/zed-ros2-interfaces) by extension 'ros'
[0.156s] DEBUG:colcon.colcon_core.package_identification:Package 'src/zed-ros2-wrapper/zed-ros2-interfaces' with type 'ros.ament_cmake' and name 'zed_interfaces'
[0.156s] Level 1:colcon.colcon_core.package_identification:_identify(src/zed-ros2-wrapper/zed_components) by extensions ['ignore', 'ignore_ament_install']
[0.156s] Level 1:colcon.colcon_core.package_identification:_identify(src/zed-ros2-wrapper/zed_components) by extension 'ignore'
[0.156s] Level 1:colcon.colcon_core.package_identification:_identify(src/zed-ros2-wrapper/zed_components) by extension 'ignore_ament_install'
[0.156s] Level 1:colcon.colcon_core.package_identification:_identify(src/zed-ros2-wrapper/zed_components) by extensions ['colcon_pkg']
[0.156s] Level 1:colcon.colcon_core.package_identification:_identify(src/zed-ros2-wrapper/zed_components) by extension 'colcon_pkg'
[0.156s] Level 1:colcon.colcon_core.package_identification:_identify(src/zed-ros2-wrapper/zed_components) by extensions ['colcon_meta']
[0.156s] Level 1:colcon.colcon_core.package_identification:_identify(src/zed-ros2-wrapper/zed_components) by extension 'colcon_meta'
[0.156s] Level 1:colcon.colcon_core.package_identification:_identify(src/zed-ros2-wrapper/zed_components) by extensions ['ros']
[0.156s] Level 1:colcon.colcon_core.package_identification:_identify(src/zed-ros2-wrapper/zed_components) by extension 'ros'
[0.157s] DEBUG:colcon.colcon_core.package_identification:Package 'src/zed-ros2-wrapper/zed_components' with type 'ros.ament_cmake' and name 'zed_components'
[0.157s] Level 1:colcon.colcon_core.package_identification:_identify(src/zed-ros2-wrapper/zed_ros2) by extensions ['ignore', 'ignore_ament_install']
[0.157s] Level 1:colcon.colcon_core.package_identification:_identify(src/zed-ros2-wrapper/zed_ros2) by extension 'ignore'
[0.157s] Level 1:colcon.colcon_core.package_identification:_identify(src/zed-ros2-wrapper/zed_ros2) by extension 'ignore_ament_install'
[0.157s] Level 1:colcon.colcon_core.package_identification:_identify(src/zed-ros2-wrapper/zed_ros2) by extensions ['colcon_pkg']
[0.157s] Level 1:colcon.colcon_core.package_identification:_identify(src/zed-ros2-wrapper/zed_ros2) by extension 'colcon_pkg'
[0.157s] Level 1:colcon.colcon_core.package_identification:_identify(src/zed-ros2-wrapper/zed_ros2) by extensions ['colcon_meta']
[0.157s] Level 1:colcon.colcon_core.package_identification:_identify(src/zed-ros2-wrapper/zed_ros2) by extension 'colcon_meta'
[0.157s] Level 1:colcon.colcon_core.package_identification:_identify(src/zed-ros2-wrapper/zed_ros2) by extensions ['ros']
[0.157s] Level 1:colcon.colcon_core.package_identification:_identify(src/zed-ros2-wrapper/zed_ros2) by extension 'ros'
[0.158s] DEBUG:colcon.colcon_core.package_identification:Package 'src/zed-ros2-wrapper/zed_ros2' with type 'ros.ament_cmake' and name 'zed_ros2'
[0.158s] Level 1:colcon.colcon_core.package_identification:_identify(src/zed-ros2-wrapper/zed_wrapper) by extensions ['ignore', 'ignore_ament_install']
[0.158s] Level 1:colcon.colcon_core.package_identification:_identify(src/zed-ros2-wrapper/zed_wrapper) by extension 'ignore'
[0.158s] Level 1:colcon.colcon_core.package_identification:_identify(src/zed-ros2-wrapper/zed_wrapper) by extension 'ignore_ament_install'
[0.158s] Level 1:colcon.colcon_core.package_identification:_identify(src/zed-ros2-wrapper/zed_wrapper) by extensions ['colcon_pkg']
[0.158s] Level 1:colcon.colcon_core.package_identification:_identify(src/zed-ros2-wrapper/zed_wrapper) by extension 'colcon_pkg'
[0.158s] Level 1:colcon.colcon_core.package_identification:_identify(src/zed-ros2-wrapper/zed_wrapper) by extensions ['colcon_meta']
[0.158s] Level 1:colcon.colcon_core.package_identification:_identify(src/zed-ros2-wrapper/zed_wrapper) by extension 'colcon_meta'
[0.158s] Level 1:colcon.colcon_core.package_identification:_identify(src/zed-ros2-wrapper/zed_wrapper) by extensions ['ros']
[0.158s] Level 1:colcon.colcon_core.package_identification:_identify(src/zed-ros2-wrapper/zed_wrapper) by extension 'ros'
[0.158s] DEBUG:colcon.colcon_core.package_identification:Package 'src/zed-ros2-wrapper/zed_wrapper' with type 'ros.ament_cmake' and name 'zed_wrapper'
[0.158s] Level 1:colcon.colcon_core.package_discovery:discover_packages(recursive) using defaults
[0.158s] Level 1:colcon.colcon_core.package_discovery:discover_packages(ignore) discover
[0.158s] Level 1:colcon.colcon_core.package_discovery:discover_packages(ignore) using defaults
[0.158s] Level 1:colcon.colcon_core.package_discovery:discover_packages(path) discover
[0.158s] Level 1:colcon.colcon_core.package_discovery:discover_packages(path) using defaults
[0.173s] Level 1:colcon.colcon_core.package_discovery:discover_packages(prefix_path) check parameters
[0.173s] Level 1:colcon.colcon_core.package_discovery:discover_packages(prefix_path) discover
[0.174s] DEBUG:colcon.colcon_installed_package_information.package_discovery:Found 4 installed packages in /home/usman/ros2_ws/install
[0.175s] DEBUG:colcon.colcon_installed_package_information.package_discovery:Found 275 installed packages in /opt/ros/humble
[0.176s] Level 1:colcon.colcon_core.package_discovery:discover_packages(prefix_path) using defaults
[0.196s] Level 5:colcon.colcon_core.verb:set package 'zed_interfaces' build argument 'cmake_args' from command line to '['-DCMAKE_BUILD_TYPE=Release']'
[0.196s] Level 5:colcon.colcon_core.verb:set package 'zed_interfaces' build argument 'cmake_target' from command line to 'None'
[0.196s] Level 5:colcon.colcon_core.verb:set package 'zed_interfaces' build argument 'cmake_target_skip_unavailable' from command line to 'False'
[0.196s] Level 5:colcon.colcon_core.verb:set package 'zed_interfaces' build argument 'cmake_clean_cache' from command line to 'False'
[0.196s] Level 5:colcon.colcon_core.verb:set package 'zed_interfaces' build argument 'cmake_clean_first' from command line to 'False'
[0.196s] Level 5:colcon.colcon_core.verb:set package 'zed_interfaces' build argument 'cmake_force_configure' from command line to 'False'
[0.196s] Level 5:colcon.colcon_core.verb:set package 'zed_interfaces' build argument 'ament_cmake_args' from command line to 'None'
[0.196s] Level 5:colcon.colcon_core.verb:set package 'zed_interfaces' build argument 'catkin_cmake_args' from command line to 'None'
[0.196s] Level 5:colcon.colcon_core.verb:set package 'zed_interfaces' build argument 'catkin_skip_building_tests' from command line to 'False'
[0.196s] DEBUG:colcon.colcon_core.verb:Building package 'zed_interfaces' with the following arguments: {'ament_cmake_args': None, 'build_base': '/home/usman/ros2_ws/build/zed_interfaces', 'catkin_cmake_args': None, 'catkin_skip_building_tests': False, 'cmake_args': ['-DCMAKE_BUILD_TYPE=Release'], 'cmake_clean_cache': False, 'cmake_clean_first': False, 'cmake_force_configure': False, 'cmake_target': None, 'cmake_target_skip_unavailable': False, 'install_base': '/home/usman/ros2_ws/install/zed_interfaces', 'merge_install': False, 'path': '/home/usman/ros2_ws/src/zed-ros2-wrapper/zed-ros2-interfaces', 'symlink_install': True, 'test_result_base': None}
[0.196s] Level 5:colcon.colcon_core.verb:set package 'zed_components' build argument 'cmake_args' from command line to '['-DCMAKE_BUILD_TYPE=Release']'
[0.196s] Level 5:colcon.colcon_core.verb:set package 'zed_components' build argument 'cmake_target' from command line to 'None'
[0.196s] Level 5:colcon.colcon_core.verb:set package 'zed_components' build argument 'cmake_target_skip_unavailable' from command line to 'False'
[0.196s] Level 5:colcon.colcon_core.verb:set package 'zed_components' build argument 'cmake_clean_cache' from command line to 'False'
[0.196s] Level 5:colcon.colcon_core.verb:set package 'zed_components' build argument 'cmake_clean_first' from command line to 'False'
[0.196s] Level 5:colcon.colcon_core.verb:set package 'zed_components' build argument 'cmake_force_configure' from command line to 'False'
[0.196s] Level 5:colcon.colcon_core.verb:set package 'zed_components' build argument 'ament_cmake_args' from command line to 'None'
[0.196s] Level 5:colcon.colcon_core.verb:set package 'zed_components' build argument 'catkin_cmake_args' from command line to 'None'
[0.196s] Level 5:colcon.colcon_core.verb:set package 'zed_components' build argument 'catkin_skip_building_tests' from command line to 'False'
[0.196s] DEBUG:colcon.colcon_core.verb:Building package 'zed_components' with the following arguments: {'ament_cmake_args': None, 'build_base': '/home/usman/ros2_ws/build/zed_components', 'catkin_cmake_args': None, 'catkin_skip_building_tests': False, 'cmake_args': ['-DCMAKE_BUILD_TYPE=Release'], 'cmake_clean_cache': False, 'cmake_clean_first': False, 'cmake_force_configure': False, 'cmake_target': None, 'cmake_target_skip_unavailable': False, 'install_base': '/home/usman/ros2_ws/install/zed_components', 'merge_install': False, 'path': '/home/usman/ros2_ws/src/zed-ros2-wrapper/zed_components', 'symlink_install': True, 'test_result_base': None}
[0.196s] Level 5:colcon.colcon_core.verb:set package 'zed_wrapper' build argument 'cmake_args' from command line to '['-DCMAKE_BUILD_TYPE=Release']'
[0.196s] Level 5:colcon.colcon_core.verb:set package 'zed_wrapper' build argument 'cmake_target' from command line to 'None'
[0.196s] Level 5:colcon.colcon_core.verb:set package 'zed_wrapper' build argument 'cmake_target_skip_unavailable' from command line to 'False'
[0.196s] Level 5:colcon.colcon_core.verb:set package 'zed_wrapper' build argument 'cmake_clean_cache' from command line to 'False'
[0.196s] Level 5:colcon.colcon_core.verb:set package 'zed_wrapper' build argument 'cmake_clean_first' from command line to 'False'
[0.196s] Level 5:colcon.colcon_core.verb:set package 'zed_wrapper' build argument 'cmake_force_configure' from command line to 'False'
[0.196s] Level 5:colcon.colcon_core.verb:set package 'zed_wrapper' build argument 'ament_cmake_args' from command line to 'None'
[0.196s] Level 5:colcon.colcon_core.verb:set package 'zed_wrapper' build argument 'catkin_cmake_args' from command line to 'None'
[0.196s] Level 5:colcon.colcon_core.verb:set package 'zed_wrapper' build argument 'catkin_skip_building_tests' from command line to 'False'
[0.196s] DEBUG:colcon.colcon_core.verb:Building package 'zed_wrapper' with the following arguments: {'ament_cmake_args': None, 'build_base': '/home/usman/ros2_ws/build/zed_wrapper', 'catkin_cmake_args': None, 'catkin_skip_building_tests': False, 'cmake_args': ['-DCMAKE_BUILD_TYPE=Release'], 'cmake_clean_cache': False, 'cmake_clean_first': False, 'cmake_force_configure': False, 'cmake_target': None, 'cmake_target_skip_unavailable': False, 'install_base': '/home/usman/ros2_ws/install/zed_wrapper', 'merge_install': False, 'path': '/home/usman/ros2_ws/src/zed-ros2-wrapper/zed_wrapper', 'symlink_install': True, 'test_result_base': None}
[0.196s] Level 5:colcon.colcon_core.verb:set package 'zed_ros2' build argument 'cmake_args' from command line to '['-DCMAKE_BUILD_TYPE=Release']'
[0.196s] Level 5:colcon.colcon_core.verb:set package 'zed_ros2' build argument 'cmake_target' from command line to 'None'
[0.196s] Level 5:colcon.colcon_core.verb:set package 'zed_ros2' build argument 'cmake_target_skip_unavailable' from command line to 'False'
[0.196s] Level 5:colcon.colcon_core.verb:set package 'zed_ros2' build argument 'cmake_clean_cache' from command line to 'False'
[0.196s] Level 5:colcon.colcon_core.verb:set package 'zed_ros2' build argument 'cmake_clean_first' from command line to 'False'
[0.196s] Level 5:colcon.colcon_core.verb:set package 'zed_ros2' build argument 'cmake_force_configure' from command line to 'False'
[0.197s] Level 5:colcon.colcon_core.verb:set package 'zed_ros2' build argument 'ament_cmake_args' from command line to 'None'
[0.197s] Level 5:colcon.colcon_core.verb:set package 'zed_ros2' build argument 'catkin_cmake_args' from command line to 'None'
[0.197s] Level 5:colcon.colcon_core.verb:set package 'zed_ros2' build argument 'catkin_skip_building_tests' from command line to 'False'
[0.197s] DEBUG:colcon.colcon_core.verb:Building package 'zed_ros2' with the following arguments: {'ament_cmake_args': None, 'build_base': '/home/usman/ros2_ws/build/zed_ros2', 'catkin_cmake_args': None, 'catkin_skip_building_tests': False, 'cmake_args': ['-DCMAKE_BUILD_TYPE=Release'], 'cmake_clean_cache': False, 'cmake_clean_first': False, 'cmake_force_configure': False, 'cmake_target': None, 'cmake_target_skip_unavailable': False, 'install_base': '/home/usman/ros2_ws/install/zed_ros2', 'merge_install': False, 'path': '/home/usman/ros2_ws/src/zed-ros2-wrapper/zed_ros2', 'symlink_install': True, 'test_result_base': None}
[0.197s] INFO:colcon.colcon_core.executor:Executing jobs using 'parallel' executor
[0.197s] DEBUG:colcon.colcon_parallel_executor.executor.parallel:run_until_complete
[0.197s] INFO:colcon.colcon_ros.task.ament_cmake.build:Building ROS package in '/home/usman/ros2_ws/src/zed-ros2-wrapper/zed-ros2-interfaces' with build type 'ament_cmake'
[0.197s] INFO:colcon.colcon_cmake.task.cmake.build:Building CMake package in '/home/usman/ros2_ws/src/zed-ros2-wrapper/zed-ros2-interfaces'
[0.198s] INFO:colcon.colcon_core.plugin_system:Skipping extension 'colcon_core.shell.bat': Not used on non-Windows systems
[0.198s] INFO:colcon.colcon_core.shell:Skip shell extension 'powershell' for command environment: Not usable outside of PowerShell
[0.198s] DEBUG:colcon.colcon_core.shell:Skip shell extension 'dsv' for command environment
[0.205s] DEBUG:colcon.colcon_core.event_handler.log_command:Invoking command in '/home/usman/ros2_ws/build/zed_interfaces': CMAKE_PREFIX_PATH=${CMAKE_PREFIX_PATH}:/opt/ros/humble /usr/bin/cmake --build /home/usman/ros2_ws/build/zed_interfaces -- -j16 -l16
[0.864s] DEBUG:colcon.colcon_core.event_handler.log_command:Invoked command in '/home/usman/ros2_ws/build/zed_interfaces' returned '0': CMAKE_PREFIX_PATH=${CMAKE_PREFIX_PATH}:/opt/ros/humble /usr/bin/cmake --build /home/usman/ros2_ws/build/zed_interfaces -- -j16 -l16
[1.163s] DEBUG:colcon.colcon_core.event_handler.log_command:Invoking command in '/home/usman/ros2_ws/build/zed_interfaces': CMAKE_PREFIX_PATH=${CMAKE_PREFIX_PATH}:/opt/ros/humble /usr/bin/cmake --install /home/usman/ros2_ws/build/zed_interfaces
[1.233s] Level 1:colcon.colcon_core.environment:create_environment_scripts_only(zed_interfaces)
[1.234s] DEBUG:colcon.colcon_core.event_handler.log_command:Invoked command in '/home/usman/ros2_ws/build/zed_interfaces' returned '0': CMAKE_PREFIX_PATH=${CMAKE_PREFIX_PATH}:/opt/ros/humble /usr/bin/cmake --install /home/usman/ros2_ws/build/zed_interfaces
[1.235s] Level 1:colcon.colcon_core.environment:checking '/home/usman/ros2_ws/install/zed_interfaces' for CMake module files
[1.235s] Level 1:colcon.colcon_core.environment:checking '/home/usman/ros2_ws/install/zed_interfaces' for CMake config files
[1.236s] Level 1:colcon.colcon_core.shell:create_environment_hook('zed_interfaces', 'cmake_prefix_path')
[1.236s] INFO:colcon.colcon_core.shell:Creating environment hook '/home/usman/ros2_ws/install/zed_interfaces/share/zed_interfaces/hook/cmake_prefix_path.ps1'
[1.236s] INFO:colcon.colcon_core.shell:Creating environment descriptor '/home/usman/ros2_ws/install/zed_interfaces/share/zed_interfaces/hook/cmake_prefix_path.dsv'
[1.236s] INFO:colcon.colcon_core.shell:Creating environment hook '/home/usman/ros2_ws/install/zed_interfaces/share/zed_interfaces/hook/cmake_prefix_path.sh'
[1.237s] Level 1:colcon.colcon_core.environment:checking '/home/usman/ros2_ws/install/zed_interfaces/lib'
[1.237s] Level 1:colcon.colcon_core.shell:create_environment_hook('zed_interfaces', 'ld_library_path_lib')
[1.237s] INFO:colcon.colcon_core.shell:Creating environment hook '/home/usman/ros2_ws/install/zed_interfaces/share/zed_interfaces/hook/ld_library_path_lib.ps1'
[1.237s] INFO:colcon.colcon_core.shell:Creating environment descriptor '/home/usman/ros2_ws/install/zed_interfaces/share/zed_interfaces/hook/ld_library_path_lib.dsv'
[1.237s] INFO:colcon.colcon_core.shell:Creating environment hook '/home/usman/ros2_ws/install/zed_interfaces/share/zed_interfaces/hook/ld_library_path_lib.sh'
[1.238s] Level 1:colcon.colcon_core.environment:checking '/home/usman/ros2_ws/install/zed_interfaces/bin'
[1.238s] Level 1:colcon.colcon_core.environment:checking '/home/usman/ros2_ws/install/zed_interfaces/lib/pkgconfig/zed_interfaces.pc'
[1.238s] Level 1:colcon.colcon_core.environment:checking '/home/usman/ros2_ws/install/zed_interfaces/lib/python3.10/site-packages'
[1.238s] Level 1:colcon.colcon_core.environment:checking '/home/usman/ros2_ws/install/zed_interfaces/bin'
[1.238s] INFO:colcon.colcon_core.shell:Creating package script '/home/usman/ros2_ws/install/zed_interfaces/share/zed_interfaces/package.ps1'
[1.238s] INFO:colcon.colcon_core.shell:Creating package descriptor '/home/usman/ros2_ws/install/zed_interfaces/share/zed_interfaces/package.dsv'
[1.239s] INFO:colcon.colcon_core.shell:Creating package script '/home/usman/ros2_ws/install/zed_interfaces/share/zed_interfaces/package.sh'
[1.239s] INFO:colcon.colcon_core.shell:Creating package script '/home/usman/ros2_ws/install/zed_interfaces/share/zed_interfaces/package.bash'
[1.240s] INFO:colcon.colcon_core.shell:Creating package script '/home/usman/ros2_ws/install/zed_interfaces/share/zed_interfaces/package.zsh'
[1.240s] Level 1:colcon.colcon_core.environment:create_file_with_runtime_dependencies(/home/usman/ros2_ws/install/zed_interfaces/share/colcon-core/packages/zed_interfaces)
[1.554s] Level 1:colcon.colcon_core.environment:create_environment_scripts_only(zed_interfaces)
[1.554s] Level 1:colcon.colcon_core.environment:checking '/home/usman/ros2_ws/install/zed_interfaces' for CMake module files
[1.554s] Level 1:colcon.colcon_core.environment:checking '/home/usman/ros2_ws/install/zed_interfaces' for CMake config files
[1.555s] Level 1:colcon.colcon_core.shell:create_environment_hook('zed_interfaces', 'cmake_prefix_path')
[1.555s] INFO:colcon.colcon_core.shell:Creating environment hook '/home/usman/ros2_ws/install/zed_interfaces/share/zed_interfaces/hook/cmake_prefix_path.ps1'
[1.555s] INFO:colcon.colcon_core.shell:Creating environment descriptor '/home/usman/ros2_ws/install/zed_interfaces/share/zed_interfaces/hook/cmake_prefix_path.dsv'
[1.556s] INFO:colcon.colcon_core.shell:Creating environment hook '/home/usman/ros2_ws/install/zed_interfaces/share/zed_interfaces/hook/cmake_prefix_path.sh'
[1.556s] Level 1:colcon.colcon_core.environment:checking '/home/usman/ros2_ws/install/zed_interfaces/lib'
[1.556s] Level 1:colcon.colcon_core.shell:create_environment_hook('zed_interfaces', 'ld_library_path_lib')
[1.556s] INFO:colcon.colcon_core.shell:Creating environment hook '/home/usman/ros2_ws/install/zed_interfaces/share/zed_interfaces/hook/ld_library_path_lib.ps1'
[1.556s] INFO:colcon.colcon_core.shell:Creating environment descriptor '/home/usman/ros2_ws/install/zed_interfaces/share/zed_interfaces/hook/ld_library_path_lib.dsv'
[1.557s] INFO:colcon.colcon_core.shell:Creating environment hook '/home/usman/ros2_ws/install/zed_interfaces/share/zed_interfaces/hook/ld_library_path_lib.sh'
[1.557s] Level 1:colcon.colcon_core.environment:checking '/home/usman/ros2_ws/install/zed_interfaces/bin'
[1.557s] Level 1:colcon.colcon_core.environment:checking '/home/usman/ros2_ws/install/zed_interfaces/lib/pkgconfig/zed_interfaces.pc'
[1.557s] Level 1:colcon.colcon_core.environment:checking '/home/usman/ros2_ws/install/zed_interfaces/lib/python3.10/site-packages'
[1.557s] Level 1:colcon.colcon_core.environment:checking '/home/usman/ros2_ws/install/zed_interfaces/bin'
[1.557s] INFO:colcon.colcon_core.shell:Creating package script '/home/usman/ros2_ws/install/zed_interfaces/share/zed_interfaces/package.ps1'
[1.558s] INFO:colcon.colcon_core.shell:Creating package descriptor '/home/usman/ros2_ws/install/zed_interfaces/share/zed_interfaces/package.dsv'
[1.558s] INFO:colcon.colcon_core.shell:Creating package script '/home/usman/ros2_ws/install/zed_interfaces/share/zed_interfaces/package.sh'
[1.558s] INFO:colcon.colcon_core.shell:Creating package script '/home/usman/ros2_ws/install/zed_interfaces/share/zed_interfaces/package.bash'
[1.558s] INFO:colcon.colcon_core.shell:Creating package script '/home/usman/ros2_ws/install/zed_interfaces/share/zed_interfaces/package.zsh'
[1.558s] Level 1:colcon.colcon_core.environment:create_file_with_runtime_dependencies(/home/usman/ros2_ws/install/zed_interfaces/share/colcon-core/packages/zed_interfaces)
[1.559s] INFO:colcon.colcon_ros.task.ament_cmake.build:Building ROS package in '/home/usman/ros2_ws/src/zed-ros2-wrapper/zed_components' with build type 'ament_cmake'
[1.559s] INFO:colcon.colcon_cmake.task.cmake.build:Building CMake package in '/home/usman/ros2_ws/src/zed-ros2-wrapper/zed_components'
[1.559s] INFO:colcon.colcon_core.shell:Skip shell extension 'powershell' for command environment: Not usable outside of PowerShell
[1.559s] DEBUG:colcon.colcon_core.shell:Skip shell extension 'dsv' for command environment
[1.565s] DEBUG:colcon.colcon_core.event_handler.log_command:Invoking command in '/home/usman/ros2_ws/build/zed_components': CMAKE_PREFIX_PATH=/home/usman/ros2_ws/install/zed_interfaces:/home/usman/ros2_ws/install/zed_ros2:/home/usman/ros2_ws/install/zed_wrapper:/home/usman/ros2_ws/install/zed_components:/opt/ros/humble LD_LIBRARY_PATH=/home/usman/ros2_ws/install/zed_interfaces/lib:/home/usman/ros2_ws/install/zed_components/lib:/opt/ros/humble/opt/rviz_ogre_vendor/lib:/opt/ros/humble/lib/x86_64-linux-gnu:/opt/ros/humble/lib /usr/bin/cmake --build /home/usman/ros2_ws/build/zed_components -- -j16 -l16
[1.990s] DEBUG:colcon.colcon_core.event_handler.log_command:Invoked command in '/home/usman/ros2_ws/build/zed_components' returned '0': CMAKE_PREFIX_PATH=/home/usman/ros2_ws/install/zed_interfaces:/home/usman/ros2_ws/install/zed_ros2:/home/usman/ros2_ws/install/zed_wrapper:/home/usman/ros2_ws/install/zed_components:/opt/ros/humble LD_LIBRARY_PATH=/home/usman/ros2_ws/install/zed_interfaces/lib:/home/usman/ros2_ws/install/zed_components/lib:/opt/ros/humble/opt/rviz_ogre_vendor/lib:/opt/ros/humble/lib/x86_64-linux-gnu:/opt/ros/humble/lib /usr/bin/cmake --build /home/usman/ros2_ws/build/zed_components -- -j16 -l16
[2.017s] DEBUG:colcon.colcon_core.event_handler.log_command:Invoking command in '/home/usman/ros2_ws/build/zed_components': CMAKE_PREFIX_PATH=/home/usman/ros2_ws/install/zed_interfaces:/home/usman/ros2_ws/install/zed_ros2:/home/usman/ros2_ws/install/zed_wrapper:/home/usman/ros2_ws/install/zed_components:/opt/ros/humble LD_LIBRARY_PATH=/home/usman/ros2_ws/install/zed_interfaces/lib:/home/usman/ros2_ws/install/zed_components/lib:/opt/ros/humble/opt/rviz_ogre_vendor/lib:/opt/ros/humble/lib/x86_64-linux-gnu:/opt/ros/humble/lib /usr/bin/cmake --install /home/usman/ros2_ws/build/zed_components
[2.036s] Level 1:colcon.colcon_core.environment:create_environment_scripts_only(zed_components)
[2.037s] Level 1:colcon.colcon_core.environment:checking '/home/usman/ros2_ws/install/zed_components' for CMake module files
[2.037s] DEBUG:colcon.colcon_core.event_handler.log_command:Invoked command in '/home/usman/ros2_ws/build/zed_components' returned '0': CMAKE_PREFIX_PATH=/home/usman/ros2_ws/install/zed_interfaces:/home/usman/ros2_ws/install/zed_ros2:/home/usman/ros2_ws/install/zed_wrapper:/home/usman/ros2_ws/install/zed_components:/opt/ros/humble LD_LIBRARY_PATH=/home/usman/ros2_ws/install/zed_interfaces/lib:/home/usman/ros2_ws/install/zed_components/lib:/opt/ros/humble/opt/rviz_ogre_vendor/lib:/opt/ros/humble/lib/x86_64-linux-gnu:/opt/ros/humble/lib /usr/bin/cmake --install /home/usman/ros2_ws/build/zed_components
[2.037s] Level 1:colcon.colcon_core.environment:checking '/home/usman/ros2_ws/install/zed_components' for CMake config files
[2.037s] Level 1:colcon.colcon_core.shell:create_environment_hook('zed_components', 'cmake_prefix_path')
[2.037s] INFO:colcon.colcon_core.shell:Creating environment hook '/home/usman/ros2_ws/install/zed_components/share/zed_components/hook/cmake_prefix_path.ps1'
[2.038s] INFO:colcon.colcon_core.shell:Creating environment descriptor '/home/usman/ros2_ws/install/zed_components/share/zed_components/hook/cmake_prefix_path.dsv'
[2.038s] INFO:colcon.colcon_core.shell:Creating environment hook '/home/usman/ros2_ws/install/zed_components/share/zed_components/hook/cmake_prefix_path.sh'
[2.038s] Level 1:colcon.colcon_core.environment:checking '/home/usman/ros2_ws/install/zed_components/lib'
[2.038s] Level 1:colcon.colcon_core.shell:create_environment_hook('zed_components', 'ld_library_path_lib')
[2.038s] INFO:colcon.colcon_core.shell:Creating environment hook '/home/usman/ros2_ws/install/zed_components/share/zed_components/hook/ld_library_path_lib.ps1'
[2.039s] INFO:colcon.colcon_core.shell:Creating environment descriptor '/home/usman/ros2_ws/install/zed_components/share/zed_components/hook/ld_library_path_lib.dsv'
[2.039s] INFO:colcon.colcon_core.shell:Creating environment hook '/home/usman/ros2_ws/install/zed_components/share/zed_components/hook/ld_library_path_lib.sh'
[2.039s] Level 1:colcon.colcon_core.environment:checking '/home/usman/ros2_ws/install/zed_components/bin'
[2.039s] Level 1:colcon.colcon_core.environment:checking '/home/usman/ros2_ws/install/zed_components/lib/pkgconfig/zed_components.pc'
[2.039s] Level 1:colcon.colcon_core.environment:checking '/home/usman/ros2_ws/install/zed_components/lib/python3.10/site-packages'
[2.039s] Level 1:colcon.colcon_core.environment:checking '/home/usman/ros2_ws/install/zed_components/bin'
[2.039s] INFO:colcon.colcon_core.shell:Creating package script '/home/usman/ros2_ws/install/zed_components/share/zed_components/package.ps1'
[2.040s] INFO:colcon.colcon_core.shell:Creating package descriptor '/home/usman/ros2_ws/install/zed_components/share/zed_components/package.dsv'
[2.040s] INFO:colcon.colcon_core.shell:Creating package script '/home/usman/ros2_ws/install/zed_components/share/zed_components/package.sh'
[2.040s] INFO:colcon.colcon_core.shell:Creating package script '/home/usman/ros2_ws/install/zed_components/share/zed_components/package.bash'
[2.040s] INFO:colcon.colcon_core.shell:Creating package script '/home/usman/ros2_ws/install/zed_components/share/zed_components/package.zsh'
[2.041s] Level 1:colcon.colcon_core.environment:create_file_with_runtime_dependencies(/home/usman/ros2_ws/install/zed_components/share/colcon-core/packages/zed_components)
[2.064s] Level 1:colcon.colcon_core.environment:create_environment_scripts_only(zed_components)
[2.064s] Level 1:colcon.colcon_core.environment:checking '/home/usman/ros2_ws/install/zed_components' for CMake module files
[2.064s] Level 1:colcon.colcon_core.environment:checking '/home/usman/ros2_ws/install/zed_components' for CMake config files
[2.064s] Level 1:colcon.colcon_core.shell:create_environment_hook('zed_components', 'cmake_prefix_path')
[2.064s] INFO:colcon.colcon_core.shell:Creating environment hook '/home/usman/ros2_ws/install/zed_components/share/zed_components/hook/cmake_prefix_path.ps1'
[2.064s] INFO:colcon.colcon_core.shell:Creating environment descriptor '/home/usman/ros2_ws/install/zed_components/share/zed_components/hook/cmake_prefix_path.dsv'
[2.065s] INFO:colcon.colcon_core.shell:Creating environment hook '/home/usman/ros2_ws/install/zed_components/share/zed_components/hook/cmake_prefix_path.sh'
[2.065s] Level 1:colcon.colcon_core.environment:checking '/home/usman/ros2_ws/install/zed_components/lib'
[2.065s] Level 1:colcon.colcon_core.shell:create_environment_hook('zed_components', 'ld_library_path_lib')
[2.065s] INFO:colcon.colcon_core.shell:Creating environment hook '/home/usman/ros2_ws/install/zed_components/share/zed_components/hook/ld_library_path_lib.ps1'
[2.065s] INFO:colcon.colcon_core.shell:Creating environment descriptor '/home/usman/ros2_ws/install/zed_components/share/zed_components/hook/ld_library_path_lib.dsv'
[2.065s] INFO:colcon.colcon_core.shell:Creating environment hook '/home/usman/ros2_ws/install/zed_components/share/zed_components/hook/ld_library_path_lib.sh'
[2.066s] Level 1:colcon.colcon_core.environment:checking '/home/usman/ros2_ws/install/zed_components/bin'
[2.066s] Level 1:colcon.colcon_core.environment:checking '/home/usman/ros2_ws/install/zed_components/lib/pkgconfig/zed_components.pc'
[2.066s] Level 1:colcon.colcon_core.environment:checking '/home/usman/ros2_ws/install/zed_components/lib/python3.10/site-packages'
[2.066s] Level 1:colcon.colcon_core.environment:checking '/home/usman/ros2_ws/install/zed_components/bin'
[2.066s] INFO:colcon.colcon_core.shell:Creating package script '/home/usman/ros2_ws/install/zed_components/share/zed_components/package.ps1'
[2.066s] INFO:colcon.colcon_core.shell:Creating package descriptor '/home/usman/ros2_ws/install/zed_components/share/zed_components/package.dsv'
[2.067s] INFO:colcon.colcon_core.shell:Creating package script '/home/usman/ros2_ws/install/zed_components/share/zed_components/package.sh'
[2.067s] INFO:colcon.colcon_core.shell:Creating package script '/home/usman/ros2_ws/install/zed_components/share/zed_components/package.bash'
[2.067s] INFO:colcon.colcon_core.shell:Creating package script '/home/usman/ros2_ws/install/zed_components/share/zed_components/package.zsh'
[2.067s] Level 1:colcon.colcon_core.environment:create_file_with_runtime_dependencies(/home/usman/ros2_ws/install/zed_components/share/colcon-core/packages/zed_components)
[2.068s] INFO:colcon.colcon_ros.task.ament_cmake.build:Building ROS package in '/home/usman/ros2_ws/src/zed-ros2-wrapper/zed_wrapper' with build type 'ament_cmake'
[2.068s] INFO:colcon.colcon_cmake.task.cmake.build:Building CMake package in '/home/usman/ros2_ws/src/zed-ros2-wrapper/zed_wrapper'
[2.068s] INFO:colcon.colcon_core.shell:Skip shell extension 'powershell' for command environment: Not usable outside of PowerShell
[2.068s] DEBUG:colcon.colcon_core.shell:Skip shell extension 'dsv' for command environment
[2.076s] DEBUG:colcon.colcon_core.event_handler.log_command:Invoking command in '/home/usman/ros2_ws/build/zed_wrapper': CMAKE_PREFIX_PATH=/home/usman/ros2_ws/install/zed_components:/home/usman/ros2_ws/install/zed_interfaces:/home/usman/ros2_ws/install/zed_ros2:/home/usman/ros2_ws/install/zed_wrapper:/opt/ros/humble /usr/bin/cmake --build /home/usman/ros2_ws/build/zed_wrapper -- -j16 -l16
[2.310s] DEBUG:colcon.colcon_core.event_handler.log_command:Invoked command in '/home/usman/ros2_ws/build/zed_wrapper' returned '0': CMAKE_PREFIX_PATH=/home/usman/ros2_ws/install/zed_components:/home/usman/ros2_ws/install/zed_interfaces:/home/usman/ros2_ws/install/zed_ros2:/home/usman/ros2_ws/install/zed_wrapper:/opt/ros/humble /usr/bin/cmake --build /home/usman/ros2_ws/build/zed_wrapper -- -j16 -l16
[2.329s] DEBUG:colcon.colcon_core.event_handler.log_command:Invoking command in '/home/usman/ros2_ws/build/zed_wrapper': CMAKE_PREFIX_PATH=/home/usman/ros2_ws/install/zed_components:/home/usman/ros2_ws/install/zed_interfaces:/home/usman/ros2_ws/install/zed_ros2:/home/usman/ros2_ws/install/zed_wrapper:/opt/ros/humble /usr/bin/cmake --install /home/usman/ros2_ws/build/zed_wrapper
[2.345s] Level 1:colcon.colcon_core.environment:create_environment_scripts_only(zed_wrapper)
[2.345s] Level 1:colcon.colcon_core.environment:checking '/home/usman/ros2_ws/install/zed_wrapper' for CMake module files
[2.345s] DEBUG:colcon.colcon_core.event_handler.log_command:Invoked command in '/home/usman/ros2_ws/build/zed_wrapper' returned '0': CMAKE_PREFIX_PATH=/home/usman/ros2_ws/install/zed_components:/home/usman/ros2_ws/install/zed_interfaces:/home/usman/ros2_ws/install/zed_ros2:/home/usman/ros2_ws/install/zed_wrapper:/opt/ros/humble /usr/bin/cmake --install /home/usman/ros2_ws/build/zed_wrapper
[2.345s] Level 1:colcon.colcon_core.environment:checking '/home/usman/ros2_ws/install/zed_wrapper' for CMake config files
[2.346s] Level 1:colcon.colcon_core.shell:create_environment_hook('zed_wrapper', 'cmake_prefix_path')
[2.346s] INFO:colcon.colcon_core.shell:Creating environment hook '/home/usman/ros2_ws/install/zed_wrapper/share/zed_wrapper/hook/cmake_prefix_path.ps1'
[2.346s] INFO:colcon.colcon_core.shell:Creating environment descriptor '/home/usman/ros2_ws/install/zed_wrapper/share/zed_wrapper/hook/cmake_prefix_path.dsv'
[2.346s] INFO:colcon.colcon_core.shell:Creating environment hook '/home/usman/ros2_ws/install/zed_wrapper/share/zed_wrapper/hook/cmake_prefix_path.sh'
[2.347s] Level 1:colcon.colcon_core.environment:checking '/home/usman/ros2_ws/install/zed_wrapper/lib'
[2.347s] Level 1:colcon.colcon_core.environment:checking '/home/usman/ros2_ws/install/zed_wrapper/bin'
[2.347s] Level 1:colcon.colcon_core.environment:checking '/home/usman/ros2_ws/install/zed_wrapper/lib/pkgconfig/zed_wrapper.pc'
[2.347s] Level 1:colcon.colcon_core.environment:checking '/home/usman/ros2_ws/install/zed_wrapper/lib/python3.10/site-packages'
[2.347s] Level 1:colcon.colcon_core.environment:checking '/home/usman/ros2_ws/install/zed_wrapper/bin'
[2.347s] INFO:colcon.colcon_core.shell:Creating package script '/home/usman/ros2_ws/install/zed_wrapper/share/zed_wrapper/package.ps1'
[2.347s] INFO:colcon.colcon_core.shell:Creating package descriptor '/home/usman/ros2_ws/install/zed_wrapper/share/zed_wrapper/package.dsv'
[2.348s] INFO:colcon.colcon_core.shell:Creating package script '/home/usman/ros2_ws/install/zed_wrapper/share/zed_wrapper/package.sh'
[2.348s] INFO:colcon.colcon_core.shell:Creating package script '/home/usman/ros2_ws/install/zed_wrapper/share/zed_wrapper/package.bash'
[2.348s] INFO:colcon.colcon_core.shell:Creating package script '/home/usman/ros2_ws/install/zed_wrapper/share/zed_wrapper/package.zsh'
[2.348s] Level 1:colcon.colcon_core.environment:create_file_with_runtime_dependencies(/home/usman/ros2_ws/install/zed_wrapper/share/colcon-core/packages/zed_wrapper)
[2.367s] Level 1:colcon.colcon_core.environment:create_environment_scripts_only(zed_wrapper)
[2.367s] Level 1:colcon.colcon_core.environment:checking '/home/usman/ros2_ws/install/zed_wrapper' for CMake module files
[2.367s] Level 1:colcon.colcon_core.environment:checking '/home/usman/ros2_ws/install/zed_wrapper' for CMake config files
[2.367s] Level 1:colcon.colcon_core.shell:create_environment_hook('zed_wrapper', 'cmake_prefix_path')
[2.368s] INFO:colcon.colcon_core.shell:Creating environment hook '/home/usman/ros2_ws/install/zed_wrapper/share/zed_wrapper/hook/cmake_prefix_path.ps1'
[2.368s] INFO:colcon.colcon_core.shell:Creating environment descriptor '/home/usman/ros2_ws/install/zed_wrapper/share/zed_wrapper/hook/cmake_prefix_path.dsv'
[2.368s] INFO:colcon.colcon_core.shell:Creating environment hook '/home/usman/ros2_ws/install/zed_wrapper/share/zed_wrapper/hook/cmake_prefix_path.sh'
[2.368s] Level 1:colcon.colcon_core.environment:checking '/home/usman/ros2_ws/install/zed_wrapper/lib'
[2.368s] Level 1:colcon.colcon_core.environment:checking '/home/usman/ros2_ws/install/zed_wrapper/bin'
[2.368s] Level 1:colcon.colcon_core.environment:checking '/home/usman/ros2_ws/install/zed_wrapper/lib/pkgconfig/zed_wrapper.pc'
[2.368s] Level 1:colcon.colcon_core.environment:checking '/home/usman/ros2_ws/install/zed_wrapper/lib/python3.10/site-packages'
[2.369s] Level 1:colcon.colcon_core.environment:checking '/home/usman/ros2_ws/install/zed_wrapper/bin'
[2.369s] INFO:colcon.colcon_core.shell:Creating package script '/home/usman/ros2_ws/install/zed_wrapper/share/zed_wrapper/package.ps1'
[2.369s] INFO:colcon.colcon_core.shell:Creating package descriptor '/home/usman/ros2_ws/install/zed_wrapper/share/zed_wrapper/package.dsv'
[2.369s] INFO:colcon.colcon_core.shell:Creating package script '/home/usman/ros2_ws/install/zed_wrapper/share/zed_wrapper/package.sh'
[2.369s] INFO:colcon.colcon_core.shell:Creating package script '/home/usman/ros2_ws/install/zed_wrapper/share/zed_wrapper/package.bash'
[2.370s] INFO:colcon.colcon_core.shell:Creating package script '/home/usman/ros2_ws/install/zed_wrapper/share/zed_wrapper/package.zsh'
[2.370s] Level 1:colcon.colcon_core.environment:create_file_with_runtime_dependencies(/home/usman/ros2_ws/install/zed_wrapper/share/colcon-core/packages/zed_wrapper)
[2.370s] INFO:colcon.colcon_ros.task.ament_cmake.build:Building ROS package in '/home/usman/ros2_ws/src/zed-ros2-wrapper/zed_ros2' with build type 'ament_cmake'
[2.370s] INFO:colcon.colcon_cmake.task.cmake.build:Building CMake package in '/home/usman/ros2_ws/src/zed-ros2-wrapper/zed_ros2'
[2.370s] INFO:colcon.colcon_core.shell:Skip shell extension 'powershell' for command environment: Not usable outside of PowerShell
[2.370s] DEBUG:colcon.colcon_core.shell:Skip shell extension 'dsv' for command environment
[2.379s] DEBUG:colcon.colcon_core.event_handler.log_command:Invoking command in '/home/usman/ros2_ws/build/zed_ros2': CMAKE_PREFIX_PATH=/home/usman/ros2_ws/install/zed_wrapper:/home/usman/ros2_ws/install/zed_components:/home/usman/ros2_ws/install/zed_interfaces:/home/usman/ros2_ws/install/zed_ros2:/opt/ros/humble /usr/bin/cmake --build /home/usman/ros2_ws/build/zed_ros2 -- -j16 -l16
[2.404s] DEBUG:colcon.colcon_core.event_handler.log_command:Invoked command in '/home/usman/ros2_ws/build/zed_ros2' returned '0': CMAKE_PREFIX_PATH=/home/usman/ros2_ws/install/zed_wrapper:/home/usman/ros2_ws/install/zed_components:/home/usman/ros2_ws/install/zed_interfaces:/home/usman/ros2_ws/install/zed_ros2:/opt/ros/humble /usr/bin/cmake --build /home/usman/ros2_ws/build/zed_ros2 -- -j16 -l16
[2.419s] DEBUG:colcon.colcon_core.event_handler.log_command:Invoking command in '/home/usman/ros2_ws/build/zed_ros2': CMAKE_PREFIX_PATH=/home/usman/ros2_ws/install/zed_wrapper:/home/usman/ros2_ws/install/zed_components:/home/usman/ros2_ws/install/zed_interfaces:/home/usman/ros2_ws/install/zed_ros2:/opt/ros/humble /usr/bin/cmake --install /home/usman/ros2_ws/build/zed_ros2
[2.433s] Level 1:colcon.colcon_core.environment:create_environment_scripts_only(zed_ros2)
[2.433s] Level 1:colcon.colcon_core.environment:checking '/home/usman/ros2_ws/install/zed_ros2' for CMake module files
[2.433s] DEBUG:colcon.colcon_core.event_handler.log_command:Invoked command in '/home/usman/ros2_ws/build/zed_ros2' returned '0': CMAKE_PREFIX_PATH=/home/usman/ros2_ws/install/zed_wrapper:/home/usman/ros2_ws/install/zed_components:/home/usman/ros2_ws/install/zed_interfaces:/home/usman/ros2_ws/install/zed_ros2:/opt/ros/humble /usr/bin/cmake --install /home/usman/ros2_ws/build/zed_ros2
[2.433s] Level 1:colcon.colcon_core.environment:checking '/home/usman/ros2_ws/install/zed_ros2' for CMake config files
[2.434s] Level 1:colcon.colcon_core.shell:create_environment_hook('zed_ros2', 'cmake_prefix_path')
[2.434s] INFO:colcon.colcon_core.shell:Creating environment hook '/home/usman/ros2_ws/install/zed_ros2/share/zed_ros2/hook/cmake_prefix_path.ps1'
[2.434s] INFO:colcon.colcon_core.shell:Creating environment descriptor '/home/usman/ros2_ws/install/zed_ros2/share/zed_ros2/hook/cmake_prefix_path.dsv'
[2.434s] INFO:colcon.colcon_core.shell:Creating environment hook '/home/usman/ros2_ws/install/zed_ros2/share/zed_ros2/hook/cmake_prefix_path.sh'
[2.434s] Level 1:colcon.colcon_core.environment:checking '/home/usman/ros2_ws/install/zed_ros2/bin'
[2.434s] Level 1:colcon.colcon_core.environment:checking '/home/usman/ros2_ws/install/zed_ros2/lib/pkgconfig/zed_ros2.pc'
[2.435s] Level 1:colcon.colcon_core.environment:checking '/home/usman/ros2_ws/install/zed_ros2/lib/python3.10/site-packages'
[2.435s] Level 1:colcon.colcon_core.environment:checking '/home/usman/ros2_ws/install/zed_ros2/bin'
[2.435s] INFO:colcon.colcon_core.shell:Creating package script '/home/usman/ros2_ws/install/zed_ros2/share/zed_ros2/package.ps1'
[2.435s] INFO:colcon.colcon_core.shell:Creating package descriptor '/home/usman/ros2_ws/install/zed_ros2/share/zed_ros2/package.dsv'
[2.435s] INFO:colcon.colcon_core.shell:Creating package script '/home/usman/ros2_ws/install/zed_ros2/share/zed_ros2/package.sh'
[2.436s] INFO:colcon.colcon_core.shell:Creating package script '/home/usman/ros2_ws/install/zed_ros2/share/zed_ros2/package.bash'
[2.436s] INFO:colcon.colcon_core.shell:Creating package script '/home/usman/ros2_ws/install/zed_ros2/share/zed_ros2/package.zsh'
[2.436s] Level 1:colcon.colcon_core.environment:create_file_with_runtime_dependencies(/home/usman/ros2_ws/install/zed_ros2/share/colcon-core/packages/zed_ros2)
[2.451s] Level 1:colcon.colcon_core.environment:create_environment_scripts_only(zed_ros2)
[2.451s] Level 1:colcon.colcon_core.environment:checking '/home/usman/ros2_ws/install/zed_ros2' for CMake module files
[2.451s] Level 1:colcon.colcon_core.environment:checking '/home/usman/ros2_ws/install/zed_ros2' for CMake config files
[2.452s] Level 1:colcon.colcon_core.shell:create_environment_hook('zed_ros2', 'cmake_prefix_path')
[2.452s] INFO:colcon.colcon_core.shell:Creating environment hook '/home/usman/ros2_ws/install/zed_ros2/share/zed_ros2/hook/cmake_prefix_path.ps1'
[2.452s] INFO:colcon.colcon_core.shell:Creating environment descriptor '/home/usman/ros2_ws/install/zed_ros2/share/zed_ros2/hook/cmake_prefix_path.dsv'
[2.452s] INFO:colcon.colcon_core.shell:Creating environment hook '/home/usman/ros2_ws/install/zed_ros2/share/zed_ros2/hook/cmake_prefix_path.sh'
[2.452s] Level 1:colcon.colcon_core.environment:checking '/home/usman/ros2_ws/install/zed_ros2/bin'
[2.452s] Level 1:colcon.colcon_core.environment:checking '/home/usman/ros2_ws/install/zed_ros2/lib/pkgconfig/zed_ros2.pc'
[2.453s] Level 1:colcon.colcon_core.environment:checking '/home/usman/ros2_ws/install/zed_ros2/lib/python3.10/site-packages'
[2.453s] Level 1:colcon.colcon_core.environment:checking '/home/usman/ros2_ws/install/zed_ros2/bin'
[2.453s] INFO:colcon.colcon_core.shell:Creating package script '/home/usman/ros2_ws/install/zed_ros2/share/zed_ros2/package.ps1'
[2.453s] INFO:colcon.colcon_core.shell:Creating package descriptor '/home/usman/ros2_ws/install/zed_ros2/share/zed_ros2/package.dsv'
[2.453s] INFO:colcon.colcon_core.shell:Creating package script '/home/usman/ros2_ws/install/zed_ros2/share/zed_ros2/package.sh'
[2.454s] INFO:colcon.colcon_core.shell:Creating package script '/home/usman/ros2_ws/install/zed_ros2/share/zed_ros2/package.bash'
[2.454s] INFO:colcon.colcon_core.shell:Creating package script '/home/usman/ros2_ws/install/zed_ros2/share/zed_ros2/package.zsh'
[2.454s] Level 1:colcon.colcon_core.environment:create_file_with_runtime_dependencies(/home/usman/ros2_ws/install/zed_ros2/share/colcon-core/packages/zed_ros2)
[2.454s] DEBUG:colcon.colcon_parallel_executor.executor.parallel:closing loop
[2.454s] DEBUG:colcon.colcon_parallel_executor.executor.parallel:loop closed
[2.454s] DEBUG:colcon.colcon_parallel_executor.executor.parallel:run_until_complete finished with '0'
[2.454s] DEBUG:colcon.colcon_core.event_reactor:joining thread
[2.457s] INFO:colcon.colcon_core.plugin_system:Skipping extension 'colcon_notification.desktop_notification.terminal_notifier': Not used on non-Darwin systems
[2.457s] INFO:colcon.colcon_core.plugin_system:Skipping extension 'colcon_notification.desktop_notification.win32': Not used on non-Windows systems
[2.457s] INFO:colcon.colcon_notification.desktop_notification:Sending desktop notification using 'notify2'
[2.468s] DEBUG:colcon.colcon_core.event_reactor:joined thread
[2.468s] INFO:colcon.colcon_core.shell:Creating prefix script '/home/usman/ros2_ws/install/local_setup.ps1'
[2.469s] INFO:colcon.colcon_core.shell:Creating prefix util module '/home/usman/ros2_ws/install/_local_setup_util_ps1.py'
[2.470s] INFO:colcon.colcon_core.shell:Creating prefix chain script '/home/usman/ros2_ws/install/setup.ps1'
[2.470s] INFO:colcon.colcon_core.shell:Creating prefix script '/home/usman/ros2_ws/install/local_setup.sh'
[2.471s] INFO:colcon.colcon_core.shell:Creating prefix util module '/home/usman/ros2_ws/install/_local_setup_util_sh.py'
[2.471s] INFO:colcon.colcon_core.shell:Creating prefix chain script '/home/usman/ros2_ws/install/setup.sh'
[2.472s] INFO:colcon.colcon_core.shell:Creating prefix script '/home/usman/ros2_ws/install/local_setup.bash'
[2.472s] INFO:colcon.colcon_core.shell:Creating prefix chain script '/home/usman/ros2_ws/install/setup.bash'
[2.473s] INFO:colcon.colcon_core.shell:Creating prefix script '/home/usman/ros2_ws/install/local_setup.zsh'
[2.473s] INFO:colcon.colcon_core.shell:Creating prefix chain script '/home/usman/ros2_ws/install/setup.zsh'
