[0.007s] Invoking command in '/home/usman/ros2_ws/build/zed_ros2': CMAKE_PREFIX_PATH=/home/usman/ros2_ws/install/zed_wrapper:/home/usman/ros2_ws/install/zed_components:/home/usman/ros2_ws/install/zed_interfaces:/home/usman/ros2_ws/install/zed_ros2:/opt/ros/humble /usr/bin/cmake /home/usman/ros2_ws/src/zed-ros2-wrapper/zed_ros2 -DCMAKE_INSTALL_PREFIX=/home/usman/ros2_ws/install/zed_ros2
[0.012s] -- Found ament_cmake_auto: 1.3.9 (/opt/ros/humble/share/ament_cmake_auto/cmake)
[0.080s] -- Override CMake install command with custom implementation using symlinks instead of copying resources
[0.119s] -- Found ament_lint_auto: 0.12.11 (/opt/ros/humble/share/ament_lint_auto/cmake)
[0.123s] -- Added test 'copyright' to check source files copyright and LICENSE
[0.123s] -- Added test 'lint_cmake' to check CMake code style
[0.124s] -- Added test 'xmllint' to check XML markup files
[0.124s] -- Configuring done
[0.126s] -- Generating done
[0.127s] -- Build files have been written to: /home/usman/ros2_ws/build/zed_ros2
[0.128s] Invoked command in '/home/usman/ros2_ws/build/zed_ros2' returned '0': CMAKE_PREFIX_PATH=/home/usman/ros2_ws/install/zed_wrapper:/home/usman/ros2_ws/install/zed_components:/home/usman/ros2_ws/install/zed_interfaces:/home/usman/ros2_ws/install/zed_ros2:/opt/ros/humble /usr/bin/cmake /home/usman/ros2_ws/src/zed-ros2-wrapper/zed_ros2 -DCMAKE_INSTALL_PREFIX=/home/usman/ros2_ws/install/zed_ros2
[0.129s] Invoking command in '/home/usman/ros2_ws/build/zed_ros2': CMAKE_PREFIX_PATH=/home/usman/ros2_ws/install/zed_wrapper:/home/usman/ros2_ws/install/zed_components:/home/usman/ros2_ws/install/zed_interfaces:/home/usman/ros2_ws/install/zed_ros2:/opt/ros/humble /usr/bin/cmake --build /home/usman/ros2_ws/build/zed_ros2 -- -j16 -l16
[0.152s] Invoked command in '/home/usman/ros2_ws/build/zed_ros2' returned '0': CMAKE_PREFIX_PATH=/home/usman/ros2_ws/install/zed_wrapper:/home/usman/ros2_ws/install/zed_components:/home/usman/ros2_ws/install/zed_interfaces:/home/usman/ros2_ws/install/zed_ros2:/opt/ros/humble /usr/bin/cmake --build /home/usman/ros2_ws/build/zed_ros2 -- -j16 -l16
[0.166s] Invoking command in '/home/usman/ros2_ws/build/zed_ros2': CMAKE_PREFIX_PATH=/home/usman/ros2_ws/install/zed_wrapper:/home/usman/ros2_ws/install/zed_components:/home/usman/ros2_ws/install/zed_interfaces:/home/usman/ros2_ws/install/zed_ros2:/opt/ros/humble /usr/bin/cmake --install /home/usman/ros2_ws/build/zed_ros2
[0.171s] -- Install configuration: "Release"
[0.171s] -- Execute custom install script
[0.171s] -- Up-to-date symlink: /home/usman/ros2_ws/install/zed_ros2/share/ament_index/resource_index/package_run_dependencies/zed_ros2
[0.171s] -- Up-to-date symlink: /home/usman/ros2_ws/install/zed_ros2/share/ament_index/resource_index/parent_prefix_path/zed_ros2
[0.171s] -- Up-to-date symlink: /home/usman/ros2_ws/install/zed_ros2/share/zed_ros2/environment/ament_prefix_path.sh
[0.171s] -- Up-to-date symlink: /home/usman/ros2_ws/install/zed_ros2/share/zed_ros2/environment/ament_prefix_path.dsv
[0.171s] -- Up-to-date symlink: /home/usman/ros2_ws/install/zed_ros2/share/zed_ros2/environment/path.sh
[0.172s] -- Up-to-date symlink: /home/usman/ros2_ws/install/zed_ros2/share/zed_ros2/environment/path.dsv
[0.172s] -- Up-to-date symlink: /home/usman/ros2_ws/install/zed_ros2/share/zed_ros2/local_setup.bash
[0.172s] -- Up-to-date symlink: /home/usman/ros2_ws/install/zed_ros2/share/zed_ros2/local_setup.sh
[0.172s] -- Up-to-date symlink: /home/usman/ros2_ws/install/zed_ros2/share/zed_ros2/local_setup.zsh
[0.172s] -- Up-to-date symlink: /home/usman/ros2_ws/install/zed_ros2/share/zed_ros2/local_setup.dsv
[0.172s] -- Symlinking: /home/usman/ros2_ws/install/zed_ros2/share/zed_ros2/package.dsv
[0.177s] -- Up-to-date symlink: /home/usman/ros2_ws/install/zed_ros2/share/ament_index/resource_index/packages/zed_ros2
[0.177s] -- Up-to-date symlink: /home/usman/ros2_ws/install/zed_ros2/share/zed_ros2/cmake/zed_ros2Config.cmake
[0.177s] -- Up-to-date symlink: /home/usman/ros2_ws/install/zed_ros2/share/zed_ros2/cmake/zed_ros2Config-version.cmake
[0.178s] -- Up-to-date symlink: /home/usman/ros2_ws/install/zed_ros2/share/zed_ros2/package.xml
[0.179s] Invoked command in '/home/usman/ros2_ws/build/zed_ros2' returned '0': CMAKE_PREFIX_PATH=/home/usman/ros2_ws/install/zed_wrapper:/home/usman/ros2_ws/install/zed_components:/home/usman/ros2_ws/install/zed_interfaces:/home/usman/ros2_ws/install/zed_ros2:/opt/ros/humble /usr/bin/cmake --install /home/usman/ros2_ws/build/zed_ros2
