[0.007s] Invoking command in '/home/usman/ros2_ws/build/zed_components': CMAKE_PREFIX_PATH=/home/usman/ros2_ws/install/zed_interfaces:/home/usman/ros2_ws/install/zed_ros2:/home/usman/ros2_ws/install/zed_wrapper:/home/usman/ros2_ws/install/zed_components:/opt/ros/humble LD_LIBRARY_PATH=/home/usman/ros2_ws/install/zed_interfaces/lib:/home/usman/ros2_ws/install/zed_components/lib:/opt/ros/humble/opt/rviz_ogre_vendor/lib:/opt/ros/humble/lib/x86_64-linux-gnu:/opt/ros/humble/lib /usr/bin/cmake --build /home/usman/ros2_ws/build/zed_components -- -j16 -l16
[0.070s] -- Found CUDA: /usr/local/cuda (found suitable version "12.1", minimum required is "12") 
[0.221s] -- Found CUDA: /usr/local/cuda (found version "12.1") 
[0.222s] -- Found ament_cmake_auto: 1.3.9 (/opt/ros/humble/share/ament_cmake_auto/cmake)
[0.297s] -- Override CMake install command with custom implementation using symlinks instead of copying resources
[0.361s] -- Found rosidl_generator_c: 3.1.5 (/opt/ros/humble/share/rosidl_generator_c/cmake)
[0.363s] -- Found rosidl_adapter: 3.1.5 (/opt/ros/humble/share/rosidl_adapter/cmake)
[0.369s] -- Found rosidl_generator_cpp: 3.1.5 (/opt/ros/humble/share/rosidl_generator_cpp/cmake)
[0.379s] -- Using all available rosidl_typesupport_c: rosidl_typesupport_fastrtps_c;rosidl_typesupport_introspection_c
[0.390s] -- Using all available rosidl_typesupport_cpp: rosidl_typesupport_fastrtps_cpp;rosidl_typesupport_introspection_cpp
[0.582s] -- Found rmw_implementation_cmake: 6.1.2 (/opt/ros/humble/share/rmw_implementation_cmake/cmake)
[0.584s] -- Found rmw_fastrtps_cpp: 6.2.6 (/opt/ros/humble/share/rmw_fastrtps_cpp/cmake)
[0.669s] -- Using RMW implementation 'rmw_fastrtps_cpp' as default
[1.260s] -- Found eigen3_cmake_module: 0.1.1 (/opt/ros/humble/share/eigen3_cmake_module/cmake)
[1.261s] -- Ensuring Eigen3 include directory is part of orocos-kdl CMake target
[1.508s] -- Found ament_lint_auto: 0.12.11 (/opt/ros/humble/share/ament_lint_auto/cmake)
[1.524s] -- Added test 'copyright' to check source files copyright and LICENSE
[1.525s] -- Added test 'cppcheck' to perform static code analysis on C / C++ code
[1.525s] -- Configured cppcheck include dirs: /home/usman/ros2_ws/src/zed-ros2-wrapper/zed_components/src/include;/home/usman/ros2_ws/src/zed-ros2-wrapper/zed_components/src/zed_camera/include;/home/usman/ros2_ws/src/zed-ros2-wrapper/zed_components/src/tools/include
[1.525s] -- Configured cppcheck exclude dirs and/or files: 
[1.526s] -- Added test 'lint_cmake' to check CMake code style
[1.527s] -- Added test 'uncrustify' to check C / C++ code style
[1.527s] -- Configured uncrustify additional arguments: 
[1.528s] -- Added test 'xmllint' to check XML markup files
[1.531s] -- Configuring done
[1.547s] -- Generating done
[1.548s] -- Build files have been written to: /home/usman/ros2_ws/build/zed_components
[1.569s] [35m[1mConsolidate compiler generated dependencies of target zed_camera_component[0m
[1.591s] [ 20%] [32mBuilding CXX object CMakeFiles/zed_camera_component.dir/src/tools/src/gnss_replay.cpp.o[0m
[1.591s] [ 40%] [32mBuilding CXX object CMakeFiles/zed_camera_component.dir/src/tools/src/sl_tools.cpp.o[0m
[1.604s] [ 60%] [32mBuilding CXX object CMakeFiles/zed_camera_component.dir/src/zed_camera/src/zed_camera_component.cpp.o[0m
[35.009s] [ 80%] [32m[1mLinking CXX shared library libzed_camera_component.so[0m
[35.378s] [100%] Built target zed_camera_component
[35.389s] Invoked command in '/home/usman/ros2_ws/build/zed_components' returned '0': CMAKE_PREFIX_PATH=/home/usman/ros2_ws/install/zed_interfaces:/home/usman/ros2_ws/install/zed_ros2:/home/usman/ros2_ws/install/zed_wrapper:/home/usman/ros2_ws/install/zed_components:/opt/ros/humble LD_LIBRARY_PATH=/home/usman/ros2_ws/install/zed_interfaces/lib:/home/usman/ros2_ws/install/zed_components/lib:/opt/ros/humble/opt/rviz_ogre_vendor/lib:/opt/ros/humble/lib/x86_64-linux-gnu:/opt/ros/humble/lib /usr/bin/cmake --build /home/usman/ros2_ws/build/zed_components -- -j16 -l16
[35.414s] Invoking command in '/home/usman/ros2_ws/build/zed_components': CMAKE_PREFIX_PATH=/home/usman/ros2_ws/install/zed_interfaces:/home/usman/ros2_ws/install/zed_ros2:/home/usman/ros2_ws/install/zed_wrapper:/home/usman/ros2_ws/install/zed_components:/opt/ros/humble LD_LIBRARY_PATH=/home/usman/ros2_ws/install/zed_interfaces/lib:/home/usman/ros2_ws/install/zed_components/lib:/opt/ros/humble/opt/rviz_ogre_vendor/lib:/opt/ros/humble/lib/x86_64-linux-gnu:/opt/ros/humble/lib /usr/bin/cmake --install /home/usman/ros2_ws/build/zed_components
[35.418s] -- Install configuration: "Release"
[35.419s] -- Execute custom install script
[35.419s] -- Up-to-date symlink: /home/usman/ros2_ws/install/zed_components/lib/libzed_camera_component.so
[35.419s] -- Up-to-date symlink: /home/usman/ros2_ws/install/zed_components/include/zed_components//cost_traversability.hpp
[35.419s] -- Up-to-date symlink: /home/usman/ros2_ws/install/zed_components/include/zed_components//sl_types.hpp
[35.419s] -- Up-to-date symlink: /home/usman/ros2_ws/install/zed_components/include/zed_components//zed_camera_component.hpp
[35.419s] -- Up-to-date symlink: /home/usman/ros2_ws/install/zed_components/include/zed_components//gnss_replay.hpp
[35.420s] -- Up-to-date symlink: /home/usman/ros2_ws/install/zed_components/include/zed_components//json.hpp
[35.420s] -- Up-to-date symlink: /home/usman/ros2_ws/install/zed_components/include/zed_components//sl_logging.hpp
[35.420s] -- Up-to-date symlink: /home/usman/ros2_ws/install/zed_components/include/zed_components//sl_tools.hpp
[35.420s] -- Up-to-date symlink: /home/usman/ros2_ws/install/zed_components/include/zed_components//sl_win_avg.hpp
[35.420s] -- Up-to-date symlink: /home/usman/ros2_ws/install/zed_components/include/zed_components//visibility_control.hpp
[35.420s] -- Up-to-date symlink: /home/usman/ros2_ws/install/zed_components/share/zed_components/environment/library_path.sh
[35.420s] -- Up-to-date symlink: /home/usman/ros2_ws/install/zed_components/share/zed_components/environment/library_path.dsv
[35.420s] -- Up-to-date symlink: /home/usman/ros2_ws/install/zed_components/share/ament_index/resource_index/package_run_dependencies/zed_components
[35.420s] -- Up-to-date symlink: /home/usman/ros2_ws/install/zed_components/share/ament_index/resource_index/parent_prefix_path/zed_components
[35.420s] -- Up-to-date symlink: /home/usman/ros2_ws/install/zed_components/share/zed_components/environment/ament_prefix_path.sh
[35.420s] -- Up-to-date symlink: /home/usman/ros2_ws/install/zed_components/share/zed_components/environment/ament_prefix_path.dsv
[35.420s] -- Up-to-date symlink: /home/usman/ros2_ws/install/zed_components/share/zed_components/environment/path.sh
[35.421s] -- Up-to-date symlink: /home/usman/ros2_ws/install/zed_components/share/zed_components/environment/path.dsv
[35.421s] -- Up-to-date symlink: /home/usman/ros2_ws/install/zed_components/share/zed_components/local_setup.bash
[35.421s] -- Up-to-date symlink: /home/usman/ros2_ws/install/zed_components/share/zed_components/local_setup.sh
[35.421s] -- Up-to-date symlink: /home/usman/ros2_ws/install/zed_components/share/zed_components/local_setup.zsh
[35.421s] -- Up-to-date symlink: /home/usman/ros2_ws/install/zed_components/share/zed_components/local_setup.dsv
[35.421s] -- Symlinking: /home/usman/ros2_ws/install/zed_components/share/zed_components/package.dsv
[35.427s] -- Up-to-date symlink: /home/usman/ros2_ws/install/zed_components/share/ament_index/resource_index/packages/zed_components
[35.427s] -- Up-to-date symlink: /home/usman/ros2_ws/install/zed_components/share/ament_index/resource_index/rclcpp_components/zed_components
[35.427s] -- Up-to-date symlink: /home/usman/ros2_ws/install/zed_components/share/zed_components/cmake/ament_cmake_export_include_directories-extras.cmake
[35.427s] -- Up-to-date symlink: /home/usman/ros2_ws/install/zed_components/share/zed_components/cmake/ament_cmake_export_libraries-extras.cmake
[35.427s] -- Up-to-date symlink: /home/usman/ros2_ws/install/zed_components/share/zed_components/cmake/ament_cmake_export_dependencies-extras.cmake
[35.427s] -- Up-to-date symlink: /home/usman/ros2_ws/install/zed_components/share/zed_components/cmake/zed_componentsConfig.cmake
[35.428s] -- Up-to-date symlink: /home/usman/ros2_ws/install/zed_components/share/zed_components/cmake/zed_componentsConfig-version.cmake
[35.428s] -- Up-to-date symlink: /home/usman/ros2_ws/install/zed_components/share/zed_components/package.xml
[35.429s] Invoked command in '/home/usman/ros2_ws/build/zed_components' returned '0': CMAKE_PREFIX_PATH=/home/usman/ros2_ws/install/zed_interfaces:/home/usman/ros2_ws/install/zed_ros2:/home/usman/ros2_ws/install/zed_wrapper:/home/usman/ros2_ws/install/zed_components:/opt/ros/humble LD_LIBRARY_PATH=/home/usman/ros2_ws/install/zed_interfaces/lib:/home/usman/ros2_ws/install/zed_components/lib:/opt/ros/humble/opt/rviz_ogre_vendor/lib:/opt/ros/humble/lib/x86_64-linux-gnu:/opt/ros/humble/lib /usr/bin/cmake --install /home/usman/ros2_ws/build/zed_components
