[0.007s] Invoking command in '/home/usman/ros2_ws/build/zed_ros2': AMENT_PREFIX_PATH=/home/usman/ros2_ws/install/zed_wrapper:/home/usman/ros2_ws/install/zed_components:/home/usman/ros2_ws/install/zed_interfaces:${AMENT_PREFIX_PATH} CMAKE_PREFIX_PATH=/home/usman/ros2_ws/install/zed_wrapper:/home/usman/ros2_ws/install/zed_components:/home/usman/ros2_ws/install/zed_interfaces:/opt/ros/humble LD_LIBRARY_PATH=/home/usman/ros2_ws/install/zed_components/lib:/home/usman/ros2_ws/install/zed_interfaces/lib:/opt/ros/humble/opt/rviz_ogre_vendor/lib:/opt/ros/humble/lib/x86_64-linux-gnu:/opt/ros/humble/lib:/usr/local/zed/lib PYTHONPATH=/home/usman/ros2_ws/install/zed_interfaces/local/lib/python3.10/dist-packages:${PYTHONPATH} /usr/bin/cmake /home/usman/ros2_ws/src/zed-ros2-wrapper/zed_ros2 -DCMAKE_BUILD_TYPE=Release -DAMENT_CMAKE_SYMLINK_INSTALL=1 -DCMAKE_INSTALL_PREFIX=/home/usman/ros2_ws/install/zed_ros2
[0.017s] -- Found ament_cmake_auto: 1.3.9 (/opt/ros/humble/share/ament_cmake_auto/cmake)
[0.121s] -- Found Python3: /usr/bin/python3 (found version "3.10.12") found components: Interpreter 
[0.156s] -- Override CMake install command with custom implementation using symlinks instead of copying resources
[0.209s] -- Found ament_lint_auto: 0.12.11 (/opt/ros/humble/share/ament_lint_auto/cmake)
[0.219s] -- Added test 'copyright' to check source files copyright and LICENSE
[0.219s] -- Added test 'lint_cmake' to check CMake code style
[0.220s] -- Added test 'xmllint' to check XML markup files
[0.221s] -- Configuring done
[0.223s] -- Generating done
[0.223s] -- Build files have been written to: /home/usman/ros2_ws/build/zed_ros2
[0.225s] Invoked command in '/home/usman/ros2_ws/build/zed_ros2' returned '0': AMENT_PREFIX_PATH=/home/usman/ros2_ws/install/zed_wrapper:/home/usman/ros2_ws/install/zed_components:/home/usman/ros2_ws/install/zed_interfaces:${AMENT_PREFIX_PATH} CMAKE_PREFIX_PATH=/home/usman/ros2_ws/install/zed_wrapper:/home/usman/ros2_ws/install/zed_components:/home/usman/ros2_ws/install/zed_interfaces:/opt/ros/humble LD_LIBRARY_PATH=/home/usman/ros2_ws/install/zed_components/lib:/home/usman/ros2_ws/install/zed_interfaces/lib:/opt/ros/humble/opt/rviz_ogre_vendor/lib:/opt/ros/humble/lib/x86_64-linux-gnu:/opt/ros/humble/lib:/usr/local/zed/lib PYTHONPATH=/home/usman/ros2_ws/install/zed_interfaces/local/lib/python3.10/dist-packages:${PYTHONPATH} /usr/bin/cmake /home/usman/ros2_ws/src/zed-ros2-wrapper/zed_ros2 -DCMAKE_BUILD_TYPE=Release -DAMENT_CMAKE_SYMLINK_INSTALL=1 -DCMAKE_INSTALL_PREFIX=/home/usman/ros2_ws/install/zed_ros2
[0.225s] Invoking command in '/home/usman/ros2_ws/build/zed_ros2': AMENT_PREFIX_PATH=/home/usman/ros2_ws/install/zed_wrapper:/home/usman/ros2_ws/install/zed_components:/home/usman/ros2_ws/install/zed_interfaces:${AMENT_PREFIX_PATH} CMAKE_PREFIX_PATH=/home/usman/ros2_ws/install/zed_wrapper:/home/usman/ros2_ws/install/zed_components:/home/usman/ros2_ws/install/zed_interfaces:/opt/ros/humble LD_LIBRARY_PATH=/home/usman/ros2_ws/install/zed_components/lib:/home/usman/ros2_ws/install/zed_interfaces/lib:/opt/ros/humble/opt/rviz_ogre_vendor/lib:/opt/ros/humble/lib/x86_64-linux-gnu:/opt/ros/humble/lib:/usr/local/zed/lib PYTHONPATH=/home/usman/ros2_ws/install/zed_interfaces/local/lib/python3.10/dist-packages:${PYTHONPATH} /usr/bin/cmake --build /home/usman/ros2_ws/build/zed_ros2 -- -j16 -l16
[0.251s] Invoked command in '/home/usman/ros2_ws/build/zed_ros2' returned '0': AMENT_PREFIX_PATH=/home/usman/ros2_ws/install/zed_wrapper:/home/usman/ros2_ws/install/zed_components:/home/usman/ros2_ws/install/zed_interfaces:${AMENT_PREFIX_PATH} CMAKE_PREFIX_PATH=/home/usman/ros2_ws/install/zed_wrapper:/home/usman/ros2_ws/install/zed_components:/home/usman/ros2_ws/install/zed_interfaces:/opt/ros/humble LD_LIBRARY_PATH=/home/usman/ros2_ws/install/zed_components/lib:/home/usman/ros2_ws/install/zed_interfaces/lib:/opt/ros/humble/opt/rviz_ogre_vendor/lib:/opt/ros/humble/lib/x86_64-linux-gnu:/opt/ros/humble/lib:/usr/local/zed/lib PYTHONPATH=/home/usman/ros2_ws/install/zed_interfaces/local/lib/python3.10/dist-packages:${PYTHONPATH} /usr/bin/cmake --build /home/usman/ros2_ws/build/zed_ros2 -- -j16 -l16
[0.267s] Invoking command in '/home/usman/ros2_ws/build/zed_ros2': AMENT_PREFIX_PATH=/home/usman/ros2_ws/install/zed_wrapper:/home/usman/ros2_ws/install/zed_components:/home/usman/ros2_ws/install/zed_interfaces:${AMENT_PREFIX_PATH} CMAKE_PREFIX_PATH=/home/usman/ros2_ws/install/zed_wrapper:/home/usman/ros2_ws/install/zed_components:/home/usman/ros2_ws/install/zed_interfaces:/opt/ros/humble LD_LIBRARY_PATH=/home/usman/ros2_ws/install/zed_components/lib:/home/usman/ros2_ws/install/zed_interfaces/lib:/opt/ros/humble/opt/rviz_ogre_vendor/lib:/opt/ros/humble/lib/x86_64-linux-gnu:/opt/ros/humble/lib:/usr/local/zed/lib PYTHONPATH=/home/usman/ros2_ws/install/zed_interfaces/local/lib/python3.10/dist-packages:${PYTHONPATH} /usr/bin/cmake --install /home/usman/ros2_ws/build/zed_ros2
[0.272s] -- Install configuration: "Release"
[0.272s] -- Execute custom install script
[0.272s] -- Symlinking: /home/usman/ros2_ws/install/zed_ros2/share/ament_index/resource_index/package_run_dependencies/zed_ros2
[0.279s] -- Symlinking: /home/usman/ros2_ws/install/zed_ros2/share/ament_index/resource_index/parent_prefix_path/zed_ros2
[0.284s] -- Symlinking: /home/usman/ros2_ws/install/zed_ros2/share/zed_ros2/environment/ament_prefix_path.sh
[0.290s] -- Symlinking: /home/usman/ros2_ws/install/zed_ros2/share/zed_ros2/environment/ament_prefix_path.dsv
[0.296s] -- Symlinking: /home/usman/ros2_ws/install/zed_ros2/share/zed_ros2/environment/path.sh
[0.302s] -- Symlinking: /home/usman/ros2_ws/install/zed_ros2/share/zed_ros2/environment/path.dsv
[0.308s] -- Symlinking: /home/usman/ros2_ws/install/zed_ros2/share/zed_ros2/local_setup.bash
[0.314s] -- Symlinking: /home/usman/ros2_ws/install/zed_ros2/share/zed_ros2/local_setup.sh
[0.320s] -- Symlinking: /home/usman/ros2_ws/install/zed_ros2/share/zed_ros2/local_setup.zsh
[0.326s] -- Symlinking: /home/usman/ros2_ws/install/zed_ros2/share/zed_ros2/local_setup.dsv
[0.331s] -- Symlinking: /home/usman/ros2_ws/install/zed_ros2/share/zed_ros2/package.dsv
[0.337s] -- Symlinking: /home/usman/ros2_ws/install/zed_ros2/share/ament_index/resource_index/packages/zed_ros2
[0.344s] -- Symlinking: /home/usman/ros2_ws/install/zed_ros2/share/zed_ros2/cmake/zed_ros2Config.cmake
[0.350s] -- Symlinking: /home/usman/ros2_ws/install/zed_ros2/share/zed_ros2/cmake/zed_ros2Config-version.cmake
[0.356s] -- Symlinking: /home/usman/ros2_ws/install/zed_ros2/share/zed_ros2/package.xml
[0.363s] Invoked command in '/home/usman/ros2_ws/build/zed_ros2' returned '0': AMENT_PREFIX_PATH=/home/usman/ros2_ws/install/zed_wrapper:/home/usman/ros2_ws/install/zed_components:/home/usman/ros2_ws/install/zed_interfaces:${AMENT_PREFIX_PATH} CMAKE_PREFIX_PATH=/home/usman/ros2_ws/install/zed_wrapper:/home/usman/ros2_ws/install/zed_components:/home/usman/ros2_ws/install/zed_interfaces:/opt/ros/humble LD_LIBRARY_PATH=/home/usman/ros2_ws/install/zed_components/lib:/home/usman/ros2_ws/install/zed_interfaces/lib:/opt/ros/humble/opt/rviz_ogre_vendor/lib:/opt/ros/humble/lib/x86_64-linux-gnu:/opt/ros/humble/lib:/usr/local/zed/lib PYTHONPATH=/home/usman/ros2_ws/install/zed_interfaces/local/lib/python3.10/dist-packages:${PYTHONPATH} /usr/bin/cmake --install /home/usman/ros2_ws/build/zed_ros2
