[0.401s] Invoking command in '/home/usman/ros2_ws/src/rgbd_observer': PYTHONPATH=/home/usman/ros2_ws/build/rgbd_observer/prefix_override:/usr/lib/python3/dist-packages/colcon_core/task/python/colcon_distutils_commands:/home/usman/ros2_ws/install/rgbd_observer/lib/python3.10/site-packages:${PYTHONPATH} /usr/bin/python3 -W ignore:setup.py install is deprecated setup.py egg_info --egg-base ../../build/rgbd_observer build --build-base /home/usman/ros2_ws/build/rgbd_observer/build install --record /home/usman/ros2_ws/build/rgbd_observer/install.log --single-version-externally-managed install_data
[0.529s] running egg_info
[0.529s] creating ../../build/rgbd_observer/rgbd_observer.egg-info
[0.529s] writing ../../build/rgbd_observer/rgbd_observer.egg-info/PKG-INFO
[0.529s] writing dependency_links to ../../build/rgbd_observer/rgbd_observer.egg-info/dependency_links.txt
[0.529s] writing entry points to ../../build/rgbd_observer/rgbd_observer.egg-info/entry_points.txt
[0.529s] writing requirements to ../../build/rgbd_observer/rgbd_observer.egg-info/requires.txt
[0.529s] writing top-level names to ../../build/rgbd_observer/rgbd_observer.egg-info/top_level.txt
[0.529s] writing manifest file '../../build/rgbd_observer/rgbd_observer.egg-info/SOURCES.txt'
[0.530s] reading manifest file '../../build/rgbd_observer/rgbd_observer.egg-info/SOURCES.txt'
[0.530s] writing manifest file '../../build/rgbd_observer/rgbd_observer.egg-info/SOURCES.txt'
[0.530s] running build
[0.531s] running build_py
[0.531s] creating /home/usman/ros2_ws/build/rgbd_observer/build
[0.531s] creating /home/usman/ros2_ws/build/rgbd_observer/build/lib
[0.531s] creating /home/usman/ros2_ws/build/rgbd_observer/build/lib/rgbd_observer
[0.531s] copying rgbd_observer/rgbd_observer.py -> /home/usman/ros2_ws/build/rgbd_observer/build/lib/rgbd_observer
[0.531s] copying rgbd_observer/__init__.py -> /home/usman/ros2_ws/build/rgbd_observer/build/lib/rgbd_observer
[0.531s] running install
[0.531s] running install_lib
[0.532s] creating /home/usman/ros2_ws/install/rgbd_observer/lib/python3.10/site-packages/rgbd_observer
[0.532s] copying /home/usman/ros2_ws/build/rgbd_observer/build/lib/rgbd_observer/rgbd_observer.py -> /home/usman/ros2_ws/install/rgbd_observer/lib/python3.10/site-packages/rgbd_observer
[0.532s] copying /home/usman/ros2_ws/build/rgbd_observer/build/lib/rgbd_observer/__init__.py -> /home/usman/ros2_ws/install/rgbd_observer/lib/python3.10/site-packages/rgbd_observer
[0.532s] byte-compiling /home/usman/ros2_ws/install/rgbd_observer/lib/python3.10/site-packages/rgbd_observer/rgbd_observer.py to rgbd_observer.cpython-310.pyc
[0.533s] byte-compiling /home/usman/ros2_ws/install/rgbd_observer/lib/python3.10/site-packages/rgbd_observer/__init__.py to __init__.cpython-310.pyc
[0.533s] running install_data
[0.533s] creating /home/usman/ros2_ws/install/rgbd_observer/share/ament_index
[0.533s] creating /home/usman/ros2_ws/install/rgbd_observer/share/ament_index/resource_index
[0.533s] creating /home/usman/ros2_ws/install/rgbd_observer/share/ament_index/resource_index/packages
[0.533s] copying resource/rgbd_observer -> /home/usman/ros2_ws/install/rgbd_observer/share/ament_index/resource_index/packages
[0.533s] copying package.xml -> /home/usman/ros2_ws/install/rgbd_observer/share/rgbd_observer
[0.533s] running install_egg_info
[0.534s] Copying ../../build/rgbd_observer/rgbd_observer.egg-info to /home/usman/ros2_ws/install/rgbd_observer/lib/python3.10/site-packages/rgbd_observer-0.0.0-py3.10.egg-info
[0.534s] running install_scripts
[0.545s] Installing rgbd_observer script to /home/usman/ros2_ws/install/rgbd_observer/lib/rgbd_observer
[0.546s] writing list of installed files to '/home/usman/ros2_ws/build/rgbd_observer/install.log'
[0.556s] Invoked command in '/home/usman/ros2_ws/src/rgbd_observer' returned '0': PYTHONPATH=/home/usman/ros2_ws/build/rgbd_observer/prefix_override:/usr/lib/python3/dist-packages/colcon_core/task/python/colcon_distutils_commands:/home/usman/ros2_ws/install/rgbd_observer/lib/python3.10/site-packages:${PYTHONPATH} /usr/bin/python3 -W ignore:setup.py install is deprecated setup.py egg_info --egg-base ../../build/rgbd_observer build --build-base /home/usman/ros2_ws/build/rgbd_observer/build install --record /home/usman/ros2_ws/build/rgbd_observer/install.log --single-version-externally-managed install_data
