[0.007s] Invoking command in '/home/usman/ros2_ws/build/zed_wrapper': CMAKE_PREFIX_PATH=/home/usman/ros2_ws/install/zed_components:/home/usman/ros2_ws/install/zed_interfaces:/home/usman/ros2_ws/install/zed_ros2:/home/usman/ros2_ws/install/zed_wrapper:/home/usman/ros2_ws/install/rgbd_pdf_exporter:/home/usman/ros2_ws/install/rgbd_converter:/home/usman/ros2_ws/install/pdf_to_matrix:/opt/ros/humble /usr/bin/cmake --build /home/usman/ros2_ws/build/zed_wrapper -- -j16 -l16
[0.046s] [ 50%] [32mBuilding CXX object CMakeFiles/zed_wrapper.dir/src/zed_wrapper.cpp.o[0m
[3.354s] [100%] [32m[1mLinking CXX executable zed_wrapper[0m
[3.536s] [100%] Built target zed_wrapper
[3.544s] Invoked command in '/home/usman/ros2_ws/build/zed_wrapper' returned '0': CMAKE_PREFIX_PATH=/home/usman/ros2_ws/install/zed_components:/home/usman/ros2_ws/install/zed_interfaces:/home/usman/ros2_ws/install/zed_ros2:/home/usman/ros2_ws/install/zed_wrapper:/home/usman/ros2_ws/install/rgbd_pdf_exporter:/home/usman/ros2_ws/install/rgbd_converter:/home/usman/ros2_ws/install/pdf_to_matrix:/opt/ros/humble /usr/bin/cmake --build /home/usman/ros2_ws/build/zed_wrapper -- -j16 -l16
[3.562s] Invoking command in '/home/usman/ros2_ws/build/zed_wrapper': CMAKE_PREFIX_PATH=/home/usman/ros2_ws/install/zed_components:/home/usman/ros2_ws/install/zed_interfaces:/home/usman/ros2_ws/install/zed_ros2:/home/usman/ros2_ws/install/zed_wrapper:/home/usman/ros2_ws/install/rgbd_pdf_exporter:/home/usman/ros2_ws/install/rgbd_converter:/home/usman/ros2_ws/install/pdf_to_matrix:/opt/ros/humble /usr/bin/cmake --install /home/usman/ros2_ws/build/zed_wrapper
[3.566s] -- Install configuration: "Release"
[3.567s] -- Execute custom install script
[3.567s] -- Up-to-date symlink: /home/usman/ros2_ws/install/zed_wrapper/lib/zed_wrapper/zed_wrapper
[3.567s] -- Up-to-date symlink: /home/usman/ros2_ws/install/zed_wrapper/share/zed_wrapper/config/common.yaml
[3.567s] -- Up-to-date symlink: /home/usman/ros2_ws/install/zed_wrapper/share/zed_wrapper/config/virtual.yaml
[3.567s] -- Up-to-date symlink: /home/usman/ros2_ws/install/zed_wrapper/share/zed_wrapper/config/zed.yaml
[3.567s] -- Up-to-date symlink: /home/usman/ros2_ws/install/zed_wrapper/share/zed_wrapper/config/zed2.yaml
[3.567s] -- Up-to-date symlink: /home/usman/ros2_ws/install/zed_wrapper/share/zed_wrapper/config/zed2i.yaml
[3.568s] -- Up-to-date symlink: /home/usman/ros2_ws/install/zed_wrapper/share/zed_wrapper/config/zedm.yaml
[3.568s] -- Up-to-date symlink: /home/usman/ros2_ws/install/zed_wrapper/share/zed_wrapper/config/zedx.yaml
[3.568s] -- Up-to-date symlink: /home/usman/ros2_ws/install/zed_wrapper/share/zed_wrapper/config/zedxm.yaml
[3.568s] -- Up-to-date symlink: /home/usman/ros2_ws/install/zed_wrapper/share/zed_wrapper/urdf/include/materials.urdf.xacro
[3.568s] -- Up-to-date symlink: /home/usman/ros2_ws/install/zed_wrapper/share/zed_wrapper/urdf/zed_descr.urdf.xacro
[3.568s] -- Up-to-date symlink: /home/usman/ros2_ws/install/zed_wrapper/share/zed_wrapper/urdf/zed_macro.urdf.xacro
[3.568s] -- Up-to-date symlink: /home/usman/ros2_ws/install/zed_wrapper/share/zed_wrapper/launch/zed_camera.launch.py
[3.568s] -- Up-to-date symlink: /home/usman/ros2_ws/install/zed_wrapper/share/ament_index/resource_index/package_run_dependencies/zed_wrapper
[3.568s] -- Up-to-date symlink: /home/usman/ros2_ws/install/zed_wrapper/share/ament_index/resource_index/parent_prefix_path/zed_wrapper
[3.568s] -- Up-to-date symlink: /home/usman/ros2_ws/install/zed_wrapper/share/zed_wrapper/environment/ament_prefix_path.sh
[3.569s] -- Up-to-date symlink: /home/usman/ros2_ws/install/zed_wrapper/share/zed_wrapper/environment/ament_prefix_path.dsv
[3.569s] -- Up-to-date symlink: /home/usman/ros2_ws/install/zed_wrapper/share/zed_wrapper/environment/path.sh
[3.569s] -- Up-to-date symlink: /home/usman/ros2_ws/install/zed_wrapper/share/zed_wrapper/environment/path.dsv
[3.569s] -- Up-to-date symlink: /home/usman/ros2_ws/install/zed_wrapper/share/zed_wrapper/local_setup.bash
[3.569s] -- Up-to-date symlink: /home/usman/ros2_ws/install/zed_wrapper/share/zed_wrapper/local_setup.sh
[3.569s] -- Up-to-date symlink: /home/usman/ros2_ws/install/zed_wrapper/share/zed_wrapper/local_setup.zsh
[3.569s] -- Up-to-date symlink: /home/usman/ros2_ws/install/zed_wrapper/share/zed_wrapper/local_setup.dsv
[3.569s] -- Symlinking: /home/usman/ros2_ws/install/zed_wrapper/share/zed_wrapper/package.dsv
[3.575s] -- Up-to-date symlink: /home/usman/ros2_ws/install/zed_wrapper/share/ament_index/resource_index/packages/zed_wrapper
[3.575s] -- Up-to-date symlink: /home/usman/ros2_ws/install/zed_wrapper/share/zed_wrapper/cmake/zed_wrapperConfig.cmake
[3.575s] -- Up-to-date symlink: /home/usman/ros2_ws/install/zed_wrapper/share/zed_wrapper/cmake/zed_wrapperConfig-version.cmake
[3.575s] -- Up-to-date symlink: /home/usman/ros2_ws/install/zed_wrapper/share/zed_wrapper/package.xml
[3.576s] Invoked command in '/home/usman/ros2_ws/build/zed_wrapper' returned '0': CMAKE_PREFIX_PATH=/home/usman/ros2_ws/install/zed_components:/home/usman/ros2_ws/install/zed_interfaces:/home/usman/ros2_ws/install/zed_ros2:/home/usman/ros2_ws/install/zed_wrapper:/home/usman/ros2_ws/install/rgbd_pdf_exporter:/home/usman/ros2_ws/install/rgbd_converter:/home/usman/ros2_ws/install/pdf_to_matrix:/opt/ros/humble /usr/bin/cmake --install /home/usman/ros2_ws/build/zed_wrapper
