[0.495s] Invoking command in '/home/usman/ros2_ws/src/rgbd_pdf_exporter': PYTHONPATH=/home/usman/ros2_ws/build/rgbd_pdf_exporter/prefix_override:/usr/lib/python3/dist-packages/colcon_core/task/python/colcon_distutils_commands:/home/usman/ros2_ws/install/rgbd_pdf_exporter/lib/python3.10/site-packages:${PYTHONPATH} /usr/bin/python3 -W ignore:setup.py install is deprecated setup.py egg_info --egg-base ../../build/rgbd_pdf_exporter build --build-base /home/usman/ros2_ws/build/rgbd_pdf_exporter/build install --record /home/usman/ros2_ws/build/rgbd_pdf_exporter/install.log --single-version-externally-managed install_data
[0.622s] running egg_info
[0.623s] creating ../../build/rgbd_pdf_exporter/rgbd_pdf_exporter.egg-info
[0.623s] writing ../../build/rgbd_pdf_exporter/rgbd_pdf_exporter.egg-info/PKG-INFO
[0.623s] writing dependency_links to ../../build/rgbd_pdf_exporter/rgbd_pdf_exporter.egg-info/dependency_links.txt
[0.623s] writing entry points to ../../build/rgbd_pdf_exporter/rgbd_pdf_exporter.egg-info/entry_points.txt
[0.623s] writing requirements to ../../build/rgbd_pdf_exporter/rgbd_pdf_exporter.egg-info/requires.txt
[0.623s] writing top-level names to ../../build/rgbd_pdf_exporter/rgbd_pdf_exporter.egg-info/top_level.txt
[0.623s] writing manifest file '../../build/rgbd_pdf_exporter/rgbd_pdf_exporter.egg-info/SOURCES.txt'
[0.624s] reading manifest file '../../build/rgbd_pdf_exporter/rgbd_pdf_exporter.egg-info/SOURCES.txt'
[0.624s] writing manifest file '../../build/rgbd_pdf_exporter/rgbd_pdf_exporter.egg-info/SOURCES.txt'
[0.624s] running build
[0.624s] running build_py
[0.625s] creating /home/usman/ros2_ws/build/rgbd_pdf_exporter/build
[0.625s] creating /home/usman/ros2_ws/build/rgbd_pdf_exporter/build/lib
[0.625s] creating /home/usman/ros2_ws/build/rgbd_pdf_exporter/build/lib/rgbd_pdf_exporter
[0.625s] copying rgbd_pdf_exporter/rgbd_pdf_exporter.py -> /home/usman/ros2_ws/build/rgbd_pdf_exporter/build/lib/rgbd_pdf_exporter
[0.625s] copying rgbd_pdf_exporter/__init__.py -> /home/usman/ros2_ws/build/rgbd_pdf_exporter/build/lib/rgbd_pdf_exporter
[0.625s] running install
[0.625s] running install_lib
[0.625s] creating /home/usman/ros2_ws/install/rgbd_pdf_exporter/lib/python3.10/site-packages/rgbd_pdf_exporter
[0.625s] copying /home/usman/ros2_ws/build/rgbd_pdf_exporter/build/lib/rgbd_pdf_exporter/rgbd_pdf_exporter.py -> /home/usman/ros2_ws/install/rgbd_pdf_exporter/lib/python3.10/site-packages/rgbd_pdf_exporter
[0.625s] copying /home/usman/ros2_ws/build/rgbd_pdf_exporter/build/lib/rgbd_pdf_exporter/__init__.py -> /home/usman/ros2_ws/install/rgbd_pdf_exporter/lib/python3.10/site-packages/rgbd_pdf_exporter
[0.626s] byte-compiling /home/usman/ros2_ws/install/rgbd_pdf_exporter/lib/python3.10/site-packages/rgbd_pdf_exporter/rgbd_pdf_exporter.py to rgbd_pdf_exporter.cpython-310.pyc
[0.626s] byte-compiling /home/usman/ros2_ws/install/rgbd_pdf_exporter/lib/python3.10/site-packages/rgbd_pdf_exporter/__init__.py to __init__.cpython-310.pyc
[0.626s] running install_data
[0.626s] creating /home/usman/ros2_ws/install/rgbd_pdf_exporter/share/ament_index
[0.626s] creating /home/usman/ros2_ws/install/rgbd_pdf_exporter/share/ament_index/resource_index
[0.627s] creating /home/usman/ros2_ws/install/rgbd_pdf_exporter/share/ament_index/resource_index/packages
[0.627s] copying resource/rgbd_pdf_exporter -> /home/usman/ros2_ws/install/rgbd_pdf_exporter/share/ament_index/resource_index/packages
[0.627s] copying package.xml -> /home/usman/ros2_ws/install/rgbd_pdf_exporter/share/rgbd_pdf_exporter
[0.627s] running install_egg_info
[0.627s] Copying ../../build/rgbd_pdf_exporter/rgbd_pdf_exporter.egg-info to /home/usman/ros2_ws/install/rgbd_pdf_exporter/lib/python3.10/site-packages/rgbd_pdf_exporter-0.0.0-py3.10.egg-info
[0.628s] running install_scripts
[0.639s] Installing rgbd_pdf_exporter script to /home/usman/ros2_ws/install/rgbd_pdf_exporter/lib/rgbd_pdf_exporter
[0.639s] writing list of installed files to '/home/usman/ros2_ws/build/rgbd_pdf_exporter/install.log'
[0.650s] Invoked command in '/home/usman/ros2_ws/src/rgbd_pdf_exporter' returned '0': PYTHONPATH=/home/usman/ros2_ws/build/rgbd_pdf_exporter/prefix_override:/usr/lib/python3/dist-packages/colcon_core/task/python/colcon_distutils_commands:/home/usman/ros2_ws/install/rgbd_pdf_exporter/lib/python3.10/site-packages:${PYTHONPATH} /usr/bin/python3 -W ignore:setup.py install is deprecated setup.py egg_info --egg-base ../../build/rgbd_pdf_exporter build --build-base /home/usman/ros2_ws/build/rgbd_pdf_exporter/build install --record /home/usman/ros2_ws/build/rgbd_pdf_exporter/install.log --single-version-externally-managed install_data
