[1.226s] Invoking command in '/home/usman/ros2_ws/src/rgbd_converter': PYTHONPATH=/home/usman/ros2_ws/build/rgbd_converter/prefix_override:/usr/lib/python3/dist-packages/colcon_core/task/python/colcon_distutils_commands:/home/usman/ros2_ws/install/rgbd_converter/lib/python3.10/site-packages:${PYTHONPATH} /usr/bin/python3 -W ignore:setup.py install is deprecated setup.py egg_info --egg-base ../../build/rgbd_converter build --build-base /home/usman/ros2_ws/build/rgbd_converter/build install --record /home/usman/ros2_ws/build/rgbd_converter/install.log --single-version-externally-managed install_data
[1.476s] running egg_info
[1.476s] writing ../../build/rgbd_converter/rgbd_converter.egg-info/PKG-INFO
[1.477s] writing dependency_links to ../../build/rgbd_converter/rgbd_converter.egg-info/dependency_links.txt
[1.478s] writing entry points to ../../build/rgbd_converter/rgbd_converter.egg-info/entry_points.txt
[1.478s] writing requirements to ../../build/rgbd_converter/rgbd_converter.egg-info/requires.txt
[1.478s] writing top-level names to ../../build/rgbd_converter/rgbd_converter.egg-info/top_level.txt
[1.480s] reading manifest file '../../build/rgbd_converter/rgbd_converter.egg-info/SOURCES.txt'
[1.481s] writing manifest file '../../build/rgbd_converter/rgbd_converter.egg-info/SOURCES.txt'
[1.484s] running build
[1.484s] running build_py
[1.484s] running install
[1.485s] running install_lib
[1.486s] running install_data
[1.486s] running install_egg_info
[1.490s] removing '/home/usman/ros2_ws/install/rgbd_converter/lib/python3.10/site-packages/rgbd_converter-0.0.0-py3.10.egg-info' (and everything under it)
[1.491s] Copying ../../build/rgbd_converter/rgbd_converter.egg-info to /home/usman/ros2_ws/install/rgbd_converter/lib/python3.10/site-packages/rgbd_converter-0.0.0-py3.10.egg-info
[1.491s] running install_scripts
[1.515s] Installing rgbd_node script to /home/usman/ros2_ws/install/rgbd_converter/lib/rgbd_converter
[1.516s] writing list of installed files to '/home/usman/ros2_ws/build/rgbd_converter/install.log'
[1.534s] Invoked command in '/home/usman/ros2_ws/src/rgbd_converter' returned '0': PYTHONPATH=/home/usman/ros2_ws/build/rgbd_converter/prefix_override:/usr/lib/python3/dist-packages/colcon_core/task/python/colcon_distutils_commands:/home/usman/ros2_ws/install/rgbd_converter/lib/python3.10/site-packages:${PYTHONPATH} /usr/bin/python3 -W ignore:setup.py install is deprecated setup.py egg_info --egg-base ../../build/rgbd_converter build --build-base /home/usman/ros2_ws/build/rgbd_converter/build install --record /home/usman/ros2_ws/build/rgbd_converter/install.log --single-version-externally-managed install_data
