[0.006s] Invoking command in '/home/usman/ros2_ws/build/zed_components': CMAKE_PREFIX_PATH=/home/usman/ros2_ws/install/zed_interfaces:/home/usman/ros2_ws/install/zed_ros2:/home/usman/ros2_ws/install/zed_wrapper:/home/usman/ros2_ws/install/zed_components:/opt/ros/humble LD_LIBRARY_PATH=/home/usman/ros2_ws/install/zed_interfaces/lib:/home/usman/ros2_ws/install/zed_components/lib:/opt/ros/humble/opt/rviz_ogre_vendor/lib:/opt/ros/humble/lib/x86_64-linux-gnu:/opt/ros/humble/lib /usr/bin/cmake /home/usman/ros2_ws/src/zed-ros2-wrapper/zed_components -DCMAKE_INSTALL_PREFIX=/home/usman/ros2_ws/install/zed_components
[0.043s] -- Found CUDA: /usr/local/cuda (found suitable version "12.1", minimum required is "12") 
[0.201s] -- Found CUDA: /usr/local/cuda (found version "12.1") 
[0.202s] -- Found ament_cmake_auto: 1.3.9 (/opt/ros/humble/share/ament_cmake_auto/cmake)
[0.270s] -- Override CMake install command with custom implementation using symlinks instead of copying resources
[0.320s] -- Found rosidl_generator_c: 3.1.5 (/opt/ros/humble/share/rosidl_generator_c/cmake)
[0.322s] -- Found rosidl_adapter: 3.1.5 (/opt/ros/humble/share/rosidl_adapter/cmake)
[0.325s] -- Found rosidl_generator_cpp: 3.1.5 (/opt/ros/humble/share/rosidl_generator_cpp/cmake)
[0.332s] -- Using all available rosidl_typesupport_c: rosidl_typesupport_fastrtps_c;rosidl_typesupport_introspection_c
[0.341s] -- Using all available rosidl_typesupport_cpp: rosidl_typesupport_fastrtps_cpp;rosidl_typesupport_introspection_cpp
[0.531s] -- Found rmw_implementation_cmake: 6.1.2 (/opt/ros/humble/share/rmw_implementation_cmake/cmake)
[0.533s] -- Found rmw_fastrtps_cpp: 6.2.6 (/opt/ros/humble/share/rmw_fastrtps_cpp/cmake)
[0.617s] -- Using RMW implementation 'rmw_fastrtps_cpp' as default
[1.220s] -- Found eigen3_cmake_module: 0.1.1 (/opt/ros/humble/share/eigen3_cmake_module/cmake)
[1.221s] -- Ensuring Eigen3 include directory is part of orocos-kdl CMake target
[1.475s] -- Found ament_lint_auto: 0.12.11 (/opt/ros/humble/share/ament_lint_auto/cmake)
[1.487s] -- Added test 'copyright' to check source files copyright and LICENSE
[1.488s] -- Added test 'cppcheck' to perform static code analysis on C / C++ code
[1.488s] -- Configured cppcheck include dirs: /home/usman/ros2_ws/src/zed-ros2-wrapper/zed_components/src/include;/home/usman/ros2_ws/src/zed-ros2-wrapper/zed_components/src/zed_camera/include;/home/usman/ros2_ws/src/zed-ros2-wrapper/zed_components/src/tools/include
[1.488s] -- Configured cppcheck exclude dirs and/or files: 
[1.488s] -- Added test 'lint_cmake' to check CMake code style
[1.490s] -- Added test 'uncrustify' to check C / C++ code style
[1.490s] -- Configured uncrustify additional arguments: 
[1.490s] -- Added test 'xmllint' to check XML markup files
[1.492s] -- Configuring done
[1.506s] -- Generating done
[1.508s] -- Build files have been written to: /home/usman/ros2_ws/build/zed_components
[1.513s] Invoked command in '/home/usman/ros2_ws/build/zed_components' returned '0': CMAKE_PREFIX_PATH=/home/usman/ros2_ws/install/zed_interfaces:/home/usman/ros2_ws/install/zed_ros2:/home/usman/ros2_ws/install/zed_wrapper:/home/usman/ros2_ws/install/zed_components:/opt/ros/humble LD_LIBRARY_PATH=/home/usman/ros2_ws/install/zed_interfaces/lib:/home/usman/ros2_ws/install/zed_components/lib:/opt/ros/humble/opt/rviz_ogre_vendor/lib:/opt/ros/humble/lib/x86_64-linux-gnu:/opt/ros/humble/lib /usr/bin/cmake /home/usman/ros2_ws/src/zed-ros2-wrapper/zed_components -DCMAKE_INSTALL_PREFIX=/home/usman/ros2_ws/install/zed_components
[1.514s] Invoking command in '/home/usman/ros2_ws/build/zed_components': CMAKE_PREFIX_PATH=/home/usman/ros2_ws/install/zed_interfaces:/home/usman/ros2_ws/install/zed_ros2:/home/usman/ros2_ws/install/zed_wrapper:/home/usman/ros2_ws/install/zed_components:/opt/ros/humble LD_LIBRARY_PATH=/home/usman/ros2_ws/install/zed_interfaces/lib:/home/usman/ros2_ws/install/zed_components/lib:/opt/ros/humble/opt/rviz_ogre_vendor/lib:/opt/ros/humble/lib/x86_64-linux-gnu:/opt/ros/humble/lib /usr/bin/cmake --build /home/usman/ros2_ws/build/zed_components -- -j16 -l16
[1.543s] [35m[1mConsolidate compiler generated dependencies of target zed_camera_component[0m
[1.573s] [100%] Built target zed_camera_component
[1.580s] Invoked command in '/home/usman/ros2_ws/build/zed_components' returned '0': CMAKE_PREFIX_PATH=/home/usman/ros2_ws/install/zed_interfaces:/home/usman/ros2_ws/install/zed_ros2:/home/usman/ros2_ws/install/zed_wrapper:/home/usman/ros2_ws/install/zed_components:/opt/ros/humble LD_LIBRARY_PATH=/home/usman/ros2_ws/install/zed_interfaces/lib:/home/usman/ros2_ws/install/zed_components/lib:/opt/ros/humble/opt/rviz_ogre_vendor/lib:/opt/ros/humble/lib/x86_64-linux-gnu:/opt/ros/humble/lib /usr/bin/cmake --build /home/usman/ros2_ws/build/zed_components -- -j16 -l16
[1.603s] Invoking command in '/home/usman/ros2_ws/build/zed_components': CMAKE_PREFIX_PATH=/home/usman/ros2_ws/install/zed_interfaces:/home/usman/ros2_ws/install/zed_ros2:/home/usman/ros2_ws/install/zed_wrapper:/home/usman/ros2_ws/install/zed_components:/opt/ros/humble LD_LIBRARY_PATH=/home/usman/ros2_ws/install/zed_interfaces/lib:/home/usman/ros2_ws/install/zed_components/lib:/opt/ros/humble/opt/rviz_ogre_vendor/lib:/opt/ros/humble/lib/x86_64-linux-gnu:/opt/ros/humble/lib /usr/bin/cmake --install /home/usman/ros2_ws/build/zed_components
[1.607s] -- Install configuration: "Release"
[1.607s] -- Execute custom install script
[1.607s] -- Up-to-date symlink: /home/usman/ros2_ws/install/zed_components/lib/libzed_camera_component.so
[1.607s] -- Up-to-date symlink: /home/usman/ros2_ws/install/zed_components/include/zed_components//cost_traversability.hpp
[1.607s] -- Up-to-date symlink: /home/usman/ros2_ws/install/zed_components/include/zed_components//sl_types.hpp
[1.608s] -- Up-to-date symlink: /home/usman/ros2_ws/install/zed_components/include/zed_components//zed_camera_component.hpp
[1.608s] -- Up-to-date symlink: /home/usman/ros2_ws/install/zed_components/include/zed_components//gnss_replay.hpp
[1.608s] -- Up-to-date symlink: /home/usman/ros2_ws/install/zed_components/include/zed_components//json.hpp
[1.608s] -- Up-to-date symlink: /home/usman/ros2_ws/install/zed_components/include/zed_components//sl_logging.hpp
[1.608s] -- Up-to-date symlink: /home/usman/ros2_ws/install/zed_components/include/zed_components//sl_tools.hpp
[1.608s] -- Up-to-date symlink: /home/usman/ros2_ws/install/zed_components/include/zed_components//sl_win_avg.hpp
[1.608s] -- Up-to-date symlink: /home/usman/ros2_ws/install/zed_components/include/zed_components//visibility_control.hpp
[1.608s] -- Up-to-date symlink: /home/usman/ros2_ws/install/zed_components/share/zed_components/environment/library_path.sh
[1.608s] -- Up-to-date symlink: /home/usman/ros2_ws/install/zed_components/share/zed_components/environment/library_path.dsv
[1.608s] -- Up-to-date symlink: /home/usman/ros2_ws/install/zed_components/share/ament_index/resource_index/package_run_dependencies/zed_components
[1.608s] -- Up-to-date symlink: /home/usman/ros2_ws/install/zed_components/share/ament_index/resource_index/parent_prefix_path/zed_components
[1.609s] -- Up-to-date symlink: /home/usman/ros2_ws/install/zed_components/share/zed_components/environment/ament_prefix_path.sh
[1.609s] -- Up-to-date symlink: /home/usman/ros2_ws/install/zed_components/share/zed_components/environment/ament_prefix_path.dsv
[1.609s] -- Up-to-date symlink: /home/usman/ros2_ws/install/zed_components/share/zed_components/environment/path.sh
[1.609s] -- Up-to-date symlink: /home/usman/ros2_ws/install/zed_components/share/zed_components/environment/path.dsv
[1.609s] -- Up-to-date symlink: /home/usman/ros2_ws/install/zed_components/share/zed_components/local_setup.bash
[1.609s] -- Up-to-date symlink: /home/usman/ros2_ws/install/zed_components/share/zed_components/local_setup.sh
[1.609s] -- Up-to-date symlink: /home/usman/ros2_ws/install/zed_components/share/zed_components/local_setup.zsh
[1.609s] -- Up-to-date symlink: /home/usman/ros2_ws/install/zed_components/share/zed_components/local_setup.dsv
[1.609s] -- Symlinking: /home/usman/ros2_ws/install/zed_components/share/zed_components/package.dsv
[1.615s] -- Up-to-date symlink: /home/usman/ros2_ws/install/zed_components/share/ament_index/resource_index/packages/zed_components
[1.615s] -- Up-to-date symlink: /home/usman/ros2_ws/install/zed_components/share/ament_index/resource_index/rclcpp_components/zed_components
[1.615s] -- Up-to-date symlink: /home/usman/ros2_ws/install/zed_components/share/zed_components/cmake/ament_cmake_export_include_directories-extras.cmake
[1.615s] -- Up-to-date symlink: /home/usman/ros2_ws/install/zed_components/share/zed_components/cmake/ament_cmake_export_libraries-extras.cmake
[1.615s] -- Up-to-date symlink: /home/usman/ros2_ws/install/zed_components/share/zed_components/cmake/ament_cmake_export_dependencies-extras.cmake
[1.615s] -- Up-to-date symlink: /home/usman/ros2_ws/install/zed_components/share/zed_components/cmake/zed_componentsConfig.cmake
[1.615s] -- Up-to-date symlink: /home/usman/ros2_ws/install/zed_components/share/zed_components/cmake/zed_componentsConfig-version.cmake
[1.615s] -- Up-to-date symlink: /home/usman/ros2_ws/install/zed_components/share/zed_components/package.xml
[1.617s] Invoked command in '/home/usman/ros2_ws/build/zed_components' returned '0': CMAKE_PREFIX_PATH=/home/usman/ros2_ws/install/zed_interfaces:/home/usman/ros2_ws/install/zed_ros2:/home/usman/ros2_ws/install/zed_wrapper:/home/usman/ros2_ws/install/zed_components:/opt/ros/humble LD_LIBRARY_PATH=/home/usman/ros2_ws/install/zed_interfaces/lib:/home/usman/ros2_ws/install/zed_components/lib:/opt/ros/humble/opt/rviz_ogre_vendor/lib:/opt/ros/humble/lib/x86_64-linux-gnu:/opt/ros/humble/lib /usr/bin/cmake --install /home/usman/ros2_ws/build/zed_components
