[1.416s] Invoking command in '/home/usman/ros2_ws/src/rgbd_pdf_exporter': PYTHONPATH=/home/usman/ros2_ws/build/rgbd_pdf_exporter/prefix_override:/usr/lib/python3/dist-packages/colcon_core/task/python/colcon_distutils_commands:/home/usman/ros2_ws/install/rgbd_pdf_exporter/lib/python3.10/site-packages:${PYTHONPATH} /usr/bin/python3 -W ignore:setup.py install is deprecated setup.py egg_info --egg-base ../../build/rgbd_pdf_exporter build --build-base /home/usman/ros2_ws/build/rgbd_pdf_exporter/build install --record /home/usman/ros2_ws/build/rgbd_pdf_exporter/install.log --single-version-externally-managed install_data
[1.725s] running egg_info
[1.727s] writing ../../build/rgbd_pdf_exporter/rgbd_pdf_exporter.egg-info/PKG-INFO
[1.728s] writing dependency_links to ../../build/rgbd_pdf_exporter/rgbd_pdf_exporter.egg-info/dependency_links.txt
[1.729s] writing entry points to ../../build/rgbd_pdf_exporter/rgbd_pdf_exporter.egg-info/entry_points.txt
[1.730s] writing requirements to ../../build/rgbd_pdf_exporter/rgbd_pdf_exporter.egg-info/requires.txt
[1.730s] writing top-level names to ../../build/rgbd_pdf_exporter/rgbd_pdf_exporter.egg-info/top_level.txt
[1.732s] reading manifest file '../../build/rgbd_pdf_exporter/rgbd_pdf_exporter.egg-info/SOURCES.txt'
[1.734s] writing manifest file '../../build/rgbd_pdf_exporter/rgbd_pdf_exporter.egg-info/SOURCES.txt'
[1.735s] running build
[1.735s] running build_py
[1.736s] running install
[1.737s] running install_lib
[1.738s] running install_data
[1.739s] running install_egg_info
[1.742s] removing '/home/usman/ros2_ws/install/rgbd_pdf_exporter/lib/python3.10/site-packages/rgbd_pdf_exporter-0.0.0-py3.10.egg-info' (and everything under it)
[1.745s] Copying ../../build/rgbd_pdf_exporter/rgbd_pdf_exporter.egg-info to /home/usman/ros2_ws/install/rgbd_pdf_exporter/lib/python3.10/site-packages/rgbd_pdf_exporter-0.0.0-py3.10.egg-info
[1.749s] running install_scripts
[1.766s] Installing rgbd_pdf_exporter script to /home/usman/ros2_ws/install/rgbd_pdf_exporter/lib/rgbd_pdf_exporter
[1.767s] writing list of installed files to '/home/usman/ros2_ws/build/rgbd_pdf_exporter/install.log'
[1.795s] Invoked command in '/home/usman/ros2_ws/src/rgbd_pdf_exporter' returned '0': PYTHONPATH=/home/usman/ros2_ws/build/rgbd_pdf_exporter/prefix_override:/usr/lib/python3/dist-packages/colcon_core/task/python/colcon_distutils_commands:/home/usman/ros2_ws/install/rgbd_pdf_exporter/lib/python3.10/site-packages:${PYTHONPATH} /usr/bin/python3 -W ignore:setup.py install is deprecated setup.py egg_info --egg-base ../../build/rgbd_pdf_exporter build --build-base /home/usman/ros2_ws/build/rgbd_pdf_exporter/build install --record /home/usman/ros2_ws/build/rgbd_pdf_exporter/install.log --single-version-externally-managed install_data
