[0.006s] Invoking command in '/home/usman/ros2_ws/build/zed_components': CMAKE_PREFIX_PATH=/home/usman/ros2_ws/install/zed_interfaces:/home/usman/ros2_ws/install/zed_ros2:/home/usman/ros2_ws/install/zed_wrapper:/home/usman/ros2_ws/install/zed_components:/home/usman/ros2_ws/install/rgbd_pdf_exporter:/home/usman/ros2_ws/install/rgbd_converter:/home/usman/ros2_ws/install/pdf_to_matrix:/opt/ros/humble LD_LIBRARY_PATH=/home/usman/ros2_ws/install/zed_interfaces/lib:/home/usman/ros2_ws/install/zed_components/lib:/opt/ros/humble/opt/rviz_ogre_vendor/lib:/opt/ros/humble/lib/x86_64-linux-gnu:/opt/ros/humble/lib /usr/bin/cmake --build /home/usman/ros2_ws/build/zed_components -- -j16 -l16
[0.044s] [ 20%] [32mBuilding CXX object CMakeFiles/zed_camera_component.dir/src/tools/src/sl_tools.cpp.o[0m
[0.044s] [ 40%] [32mBuilding CXX object CMakeFiles/zed_camera_component.dir/src/tools/src/sl_win_avg.cpp.o[0m
[0.044s] [ 60%] [32mBuilding CXX object CMakeFiles/zed_camera_component.dir/src/tools/src/gnss_replay.cpp.o[0m
[0.046s] [ 80%] [32mBuilding CXX object CMakeFiles/zed_camera_component.dir/src/zed_camera/src/zed_camera_component.cpp.o[0m
[34.590s] [100%] [32m[1mLinking CXX shared library libzed_camera_component.so[0m
[34.951s] [100%] Built target zed_camera_component
[34.961s] Invoked command in '/home/usman/ros2_ws/build/zed_components' returned '0': CMAKE_PREFIX_PATH=/home/usman/ros2_ws/install/zed_interfaces:/home/usman/ros2_ws/install/zed_ros2:/home/usman/ros2_ws/install/zed_wrapper:/home/usman/ros2_ws/install/zed_components:/home/usman/ros2_ws/install/rgbd_pdf_exporter:/home/usman/ros2_ws/install/rgbd_converter:/home/usman/ros2_ws/install/pdf_to_matrix:/opt/ros/humble LD_LIBRARY_PATH=/home/usman/ros2_ws/install/zed_interfaces/lib:/home/usman/ros2_ws/install/zed_components/lib:/opt/ros/humble/opt/rviz_ogre_vendor/lib:/opt/ros/humble/lib/x86_64-linux-gnu:/opt/ros/humble/lib /usr/bin/cmake --build /home/usman/ros2_ws/build/zed_components -- -j16 -l16
[34.984s] Invoking command in '/home/usman/ros2_ws/build/zed_components': CMAKE_PREFIX_PATH=/home/usman/ros2_ws/install/zed_interfaces:/home/usman/ros2_ws/install/zed_ros2:/home/usman/ros2_ws/install/zed_wrapper:/home/usman/ros2_ws/install/zed_components:/home/usman/ros2_ws/install/rgbd_pdf_exporter:/home/usman/ros2_ws/install/rgbd_converter:/home/usman/ros2_ws/install/pdf_to_matrix:/opt/ros/humble LD_LIBRARY_PATH=/home/usman/ros2_ws/install/zed_interfaces/lib:/home/usman/ros2_ws/install/zed_components/lib:/opt/ros/humble/opt/rviz_ogre_vendor/lib:/opt/ros/humble/lib/x86_64-linux-gnu:/opt/ros/humble/lib /usr/bin/cmake --install /home/usman/ros2_ws/build/zed_components
[34.989s] -- Install configuration: "Release"
[34.989s] -- Execute custom install script
[34.989s] -- Up-to-date symlink: /home/usman/ros2_ws/install/zed_components/lib/libzed_camera_component.so
[34.989s] -- Up-to-date symlink: /home/usman/ros2_ws/install/zed_components/include/zed_components//cost_traversability.hpp
[34.989s] -- Up-to-date symlink: /home/usman/ros2_ws/install/zed_components/include/zed_components//sl_types.hpp
[34.989s] -- Up-to-date symlink: /home/usman/ros2_ws/install/zed_components/include/zed_components//zed_camera_component.hpp
[34.990s] -- Up-to-date symlink: /home/usman/ros2_ws/install/zed_components/include/zed_components//gnss_replay.hpp
[34.990s] -- Up-to-date symlink: /home/usman/ros2_ws/install/zed_components/include/zed_components//json.hpp
[34.990s] -- Up-to-date symlink: /home/usman/ros2_ws/install/zed_components/include/zed_components//sl_logging.hpp
[34.990s] -- Up-to-date symlink: /home/usman/ros2_ws/install/zed_components/include/zed_components//sl_tools.hpp
[34.990s] -- Up-to-date symlink: /home/usman/ros2_ws/install/zed_components/include/zed_components//sl_win_avg.hpp
[34.990s] -- Up-to-date symlink: /home/usman/ros2_ws/install/zed_components/include/zed_components//visibility_control.hpp
[34.990s] -- Up-to-date symlink: /home/usman/ros2_ws/install/zed_components/share/zed_components/environment/library_path.sh
[34.990s] -- Up-to-date symlink: /home/usman/ros2_ws/install/zed_components/share/zed_components/environment/library_path.dsv
[34.990s] -- Up-to-date symlink: /home/usman/ros2_ws/install/zed_components/share/ament_index/resource_index/package_run_dependencies/zed_components
[34.990s] -- Up-to-date symlink: /home/usman/ros2_ws/install/zed_components/share/ament_index/resource_index/parent_prefix_path/zed_components
[34.990s] -- Up-to-date symlink: /home/usman/ros2_ws/install/zed_components/share/zed_components/environment/ament_prefix_path.sh
[34.991s] -- Up-to-date symlink: /home/usman/ros2_ws/install/zed_components/share/zed_components/environment/ament_prefix_path.dsv
[34.991s] -- Up-to-date symlink: /home/usman/ros2_ws/install/zed_components/share/zed_components/environment/path.sh
[34.991s] -- Up-to-date symlink: /home/usman/ros2_ws/install/zed_components/share/zed_components/environment/path.dsv
[34.991s] -- Up-to-date symlink: /home/usman/ros2_ws/install/zed_components/share/zed_components/local_setup.bash
[34.991s] -- Up-to-date symlink: /home/usman/ros2_ws/install/zed_components/share/zed_components/local_setup.sh
[34.991s] -- Up-to-date symlink: /home/usman/ros2_ws/install/zed_components/share/zed_components/local_setup.zsh
[34.991s] -- Up-to-date symlink: /home/usman/ros2_ws/install/zed_components/share/zed_components/local_setup.dsv
[34.991s] -- Symlinking: /home/usman/ros2_ws/install/zed_components/share/zed_components/package.dsv
[34.997s] -- Up-to-date symlink: /home/usman/ros2_ws/install/zed_components/share/ament_index/resource_index/packages/zed_components
[34.997s] -- Up-to-date symlink: /home/usman/ros2_ws/install/zed_components/share/ament_index/resource_index/rclcpp_components/zed_components
[34.997s] -- Up-to-date symlink: /home/usman/ros2_ws/install/zed_components/share/zed_components/cmake/ament_cmake_export_include_directories-extras.cmake
[34.997s] -- Up-to-date symlink: /home/usman/ros2_ws/install/zed_components/share/zed_components/cmake/ament_cmake_export_libraries-extras.cmake
[34.997s] -- Up-to-date symlink: /home/usman/ros2_ws/install/zed_components/share/zed_components/cmake/ament_cmake_export_dependencies-extras.cmake
[34.997s] -- Up-to-date symlink: /home/usman/ros2_ws/install/zed_components/share/zed_components/cmake/zed_componentsConfig.cmake
[34.997s] -- Up-to-date symlink: /home/usman/ros2_ws/install/zed_components/share/zed_components/cmake/zed_componentsConfig-version.cmake
[34.997s] -- Up-to-date symlink: /home/usman/ros2_ws/install/zed_components/share/zed_components/package.xml
[34.999s] Invoked command in '/home/usman/ros2_ws/build/zed_components' returned '0': CMAKE_PREFIX_PATH=/home/usman/ros2_ws/install/zed_interfaces:/home/usman/ros2_ws/install/zed_ros2:/home/usman/ros2_ws/install/zed_wrapper:/home/usman/ros2_ws/install/zed_components:/home/usman/ros2_ws/install/rgbd_pdf_exporter:/home/usman/ros2_ws/install/rgbd_converter:/home/usman/ros2_ws/install/pdf_to_matrix:/opt/ros/humble LD_LIBRARY_PATH=/home/usman/ros2_ws/install/zed_interfaces/lib:/home/usman/ros2_ws/install/zed_components/lib:/opt/ros/humble/opt/rviz_ogre_vendor/lib:/opt/ros/humble/lib/x86_64-linux-gnu:/opt/ros/humble/lib /usr/bin/cmake --install /home/usman/ros2_ws/build/zed_components
