[0.007s] Invoking command in '/home/usman/ros2_ws/build/zed_wrapper': CMAKE_PREFIX_PATH=/home/usman/ros2_ws/install/zed_components:/home/usman/ros2_ws/install/zed_interfaces:/home/usman/ros2_ws/install/zed_ros2:/home/usman/ros2_ws/install/zed_wrapper:/home/usman/ros2_ws/install/rgbd_pdf_exporter:/home/usman/ros2_ws/install/rgbd_converter:/opt/ros/humble /usr/bin/cmake --build /home/usman/ros2_ws/build/zed_wrapper -- -j16 -l16
[0.045s] [100%] Built target zed_wrapper
[0.052s] Invoked command in '/home/usman/ros2_ws/build/zed_wrapper' returned '0': CMAKE_PREFIX_PATH=/home/usman/ros2_ws/install/zed_components:/home/usman/ros2_ws/install/zed_interfaces:/home/usman/ros2_ws/install/zed_ros2:/home/usman/ros2_ws/install/zed_wrapper:/home/usman/ros2_ws/install/rgbd_pdf_exporter:/home/usman/ros2_ws/install/rgbd_converter:/opt/ros/humble /usr/bin/cmake --build /home/usman/ros2_ws/build/zed_wrapper -- -j16 -l16
[0.069s] Invoking command in '/home/usman/ros2_ws/build/zed_wrapper': CMAKE_PREFIX_PATH=/home/usman/ros2_ws/install/zed_components:/home/usman/ros2_ws/install/zed_interfaces:/home/usman/ros2_ws/install/zed_ros2:/home/usman/ros2_ws/install/zed_wrapper:/home/usman/ros2_ws/install/rgbd_pdf_exporter:/home/usman/ros2_ws/install/rgbd_converter:/opt/ros/humble /usr/bin/cmake --install /home/usman/ros2_ws/build/zed_wrapper
[0.073s] -- Install configuration: "Release"
[0.073s] -- Execute custom install script
[0.074s] -- Up-to-date symlink: /home/usman/ros2_ws/install/zed_wrapper/lib/zed_wrapper/zed_wrapper
[0.074s] -- Up-to-date symlink: /home/usman/ros2_ws/install/zed_wrapper/share/zed_wrapper/config/common.yaml
[0.074s] -- Up-to-date symlink: /home/usman/ros2_ws/install/zed_wrapper/share/zed_wrapper/config/virtual.yaml
[0.074s] -- Up-to-date symlink: /home/usman/ros2_ws/install/zed_wrapper/share/zed_wrapper/config/zed.yaml
[0.074s] -- Up-to-date symlink: /home/usman/ros2_ws/install/zed_wrapper/share/zed_wrapper/config/zed2.yaml
[0.074s] -- Up-to-date symlink: /home/usman/ros2_ws/install/zed_wrapper/share/zed_wrapper/config/zed2i.yaml
[0.074s] -- Up-to-date symlink: /home/usman/ros2_ws/install/zed_wrapper/share/zed_wrapper/config/zedm.yaml
[0.074s] -- Up-to-date symlink: /home/usman/ros2_ws/install/zed_wrapper/share/zed_wrapper/config/zedx.yaml
[0.074s] -- Up-to-date symlink: /home/usman/ros2_ws/install/zed_wrapper/share/zed_wrapper/config/zedxm.yaml
[0.075s] -- Up-to-date symlink: /home/usman/ros2_ws/install/zed_wrapper/share/zed_wrapper/urdf/include/materials.urdf.xacro
[0.075s] -- Up-to-date symlink: /home/usman/ros2_ws/install/zed_wrapper/share/zed_wrapper/urdf/zed_descr.urdf.xacro
[0.075s] -- Up-to-date symlink: /home/usman/ros2_ws/install/zed_wrapper/share/zed_wrapper/urdf/zed_macro.urdf.xacro
[0.075s] -- Up-to-date symlink: /home/usman/ros2_ws/install/zed_wrapper/share/zed_wrapper/launch/zed_camera.launch.py
[0.075s] -- Up-to-date symlink: /home/usman/ros2_ws/install/zed_wrapper/share/ament_index/resource_index/package_run_dependencies/zed_wrapper
[0.075s] -- Up-to-date symlink: /home/usman/ros2_ws/install/zed_wrapper/share/ament_index/resource_index/parent_prefix_path/zed_wrapper
[0.075s] -- Up-to-date symlink: /home/usman/ros2_ws/install/zed_wrapper/share/zed_wrapper/environment/ament_prefix_path.sh
[0.075s] -- Up-to-date symlink: /home/usman/ros2_ws/install/zed_wrapper/share/zed_wrapper/environment/ament_prefix_path.dsv
[0.075s] -- Up-to-date symlink: /home/usman/ros2_ws/install/zed_wrapper/share/zed_wrapper/environment/path.sh
[0.075s] -- Up-to-date symlink: /home/usman/ros2_ws/install/zed_wrapper/share/zed_wrapper/environment/path.dsv
[0.075s] -- Up-to-date symlink: /home/usman/ros2_ws/install/zed_wrapper/share/zed_wrapper/local_setup.bash
[0.075s] -- Up-to-date symlink: /home/usman/ros2_ws/install/zed_wrapper/share/zed_wrapper/local_setup.sh
[0.076s] -- Up-to-date symlink: /home/usman/ros2_ws/install/zed_wrapper/share/zed_wrapper/local_setup.zsh
[0.076s] -- Up-to-date symlink: /home/usman/ros2_ws/install/zed_wrapper/share/zed_wrapper/local_setup.dsv
[0.076s] -- Symlinking: /home/usman/ros2_ws/install/zed_wrapper/share/zed_wrapper/package.dsv
[0.081s] -- Up-to-date symlink: /home/usman/ros2_ws/install/zed_wrapper/share/ament_index/resource_index/packages/zed_wrapper
[0.081s] -- Up-to-date symlink: /home/usman/ros2_ws/install/zed_wrapper/share/zed_wrapper/cmake/zed_wrapperConfig.cmake
[0.081s] -- Up-to-date symlink: /home/usman/ros2_ws/install/zed_wrapper/share/zed_wrapper/cmake/zed_wrapperConfig-version.cmake
[0.081s] -- Up-to-date symlink: /home/usman/ros2_ws/install/zed_wrapper/share/zed_wrapper/package.xml
[0.083s] Invoked command in '/home/usman/ros2_ws/build/zed_wrapper' returned '0': CMAKE_PREFIX_PATH=/home/usman/ros2_ws/install/zed_components:/home/usman/ros2_ws/install/zed_interfaces:/home/usman/ros2_ws/install/zed_ros2:/home/usman/ros2_ws/install/zed_wrapper:/home/usman/ros2_ws/install/rgbd_pdf_exporter:/home/usman/ros2_ws/install/rgbd_converter:/opt/ros/humble /usr/bin/cmake --install /home/usman/ros2_ws/build/zed_wrapper
