[0.650s] Invoking command in '/home/usman/ros2_ws/src/rgbd_pdf_exporter': PYTHONPATH=/home/usman/ros2_ws/build/rgbd_pdf_exporter/prefix_override:/usr/lib/python3/dist-packages/colcon_core/task/python/colcon_distutils_commands:/home/usman/ros2_ws/install/rgbd_pdf_exporter/lib/python3.10/site-packages:${PYTHONPATH} /usr/bin/python3 -W ignore:setup.py install is deprecated setup.py egg_info --egg-base ../../build/rgbd_pdf_exporter build --build-base /home/usman/ros2_ws/build/rgbd_pdf_exporter/build install --record /home/usman/ros2_ws/build/rgbd_pdf_exporter/install.log --single-version-externally-managed install_data
[0.786s] running egg_info
[0.786s] writing ../../build/rgbd_pdf_exporter/rgbd_pdf_exporter.egg-info/PKG-INFO
[0.786s] writing dependency_links to ../../build/rgbd_pdf_exporter/rgbd_pdf_exporter.egg-info/dependency_links.txt
[0.786s] writing entry points to ../../build/rgbd_pdf_exporter/rgbd_pdf_exporter.egg-info/entry_points.txt
[0.787s] writing requirements to ../../build/rgbd_pdf_exporter/rgbd_pdf_exporter.egg-info/requires.txt
[0.787s] writing top-level names to ../../build/rgbd_pdf_exporter/rgbd_pdf_exporter.egg-info/top_level.txt
[0.787s] reading manifest file '../../build/rgbd_pdf_exporter/rgbd_pdf_exporter.egg-info/SOURCES.txt'
[0.788s] writing manifest file '../../build/rgbd_pdf_exporter/rgbd_pdf_exporter.egg-info/SOURCES.txt'
[0.788s] running build
[0.788s] running build_py
[0.788s] running install
[0.788s] running install_lib
[0.789s] running install_data
[0.789s] running install_egg_info
[0.790s] removing '/home/usman/ros2_ws/install/rgbd_pdf_exporter/lib/python3.10/site-packages/rgbd_pdf_exporter-0.0.0-py3.10.egg-info' (and everything under it)
[0.790s] Copying ../../build/rgbd_pdf_exporter/rgbd_pdf_exporter.egg-info to /home/usman/ros2_ws/install/rgbd_pdf_exporter/lib/python3.10/site-packages/rgbd_pdf_exporter-0.0.0-py3.10.egg-info
[0.791s] running install_scripts
[0.802s] Installing rgbd_pdf_exporter script to /home/usman/ros2_ws/install/rgbd_pdf_exporter/lib/rgbd_pdf_exporter
[0.803s] writing list of installed files to '/home/usman/ros2_ws/build/rgbd_pdf_exporter/install.log'
[0.819s] Invoked command in '/home/usman/ros2_ws/src/rgbd_pdf_exporter' returned '0': PYTHONPATH=/home/usman/ros2_ws/build/rgbd_pdf_exporter/prefix_override:/usr/lib/python3/dist-packages/colcon_core/task/python/colcon_distutils_commands:/home/usman/ros2_ws/install/rgbd_pdf_exporter/lib/python3.10/site-packages:${PYTHONPATH} /usr/bin/python3 -W ignore:setup.py install is deprecated setup.py egg_info --egg-base ../../build/rgbd_pdf_exporter build --build-base /home/usman/ros2_ws/build/rgbd_pdf_exporter/build install --record /home/usman/ros2_ws/build/rgbd_pdf_exporter/install.log --single-version-externally-managed install_data
