[0.356s] Invoking command in '/home/usman/ros2_ws/src/rgbd_converter': PYTHONPATH=/home/usman/ros2_ws/build/rgbd_converter/prefix_override:/usr/lib/python3/dist-packages/colcon_core/task/python/colcon_distutils_commands:/home/usman/ros2_ws/install/rgbd_converter/lib/python3.10/site-packages:${PYTHONPATH} /usr/bin/python3 -W ignore:setup.py install is deprecated setup.py egg_info --egg-base ../../build/rgbd_converter build --build-base /home/usman/ros2_ws/build/rgbd_converter/build install --record /home/usman/ros2_ws/build/rgbd_converter/install.log --single-version-externally-managed install_data
[0.481s] running egg_info
[0.481s] writing ../../build/rgbd_converter/rgbd_converter.egg-info/PKG-INFO
[0.481s] writing dependency_links to ../../build/rgbd_converter/rgbd_converter.egg-info/dependency_links.txt
[0.481s] writing entry points to ../../build/rgbd_converter/rgbd_converter.egg-info/entry_points.txt
[0.481s] writing requirements to ../../build/rgbd_converter/rgbd_converter.egg-info/requires.txt
[0.481s] writing top-level names to ../../build/rgbd_converter/rgbd_converter.egg-info/top_level.txt
[0.482s] reading manifest file '../../build/rgbd_converter/rgbd_converter.egg-info/SOURCES.txt'
[0.483s] writing manifest file '../../build/rgbd_converter/rgbd_converter.egg-info/SOURCES.txt'
[0.483s] running build
[0.483s] running build_py
[0.483s] copying rgbd_converter/rgbd_node.py -> /home/usman/ros2_ws/build/rgbd_converter/build/lib/rgbd_converter
[0.483s] running install
[0.483s] running install_lib
[0.484s] copying /home/usman/ros2_ws/build/rgbd_converter/build/lib/rgbd_converter/rgbd_node.py -> /home/usman/ros2_ws/install/rgbd_converter/lib/python3.10/site-packages/rgbd_converter
[0.485s] byte-compiling /home/usman/ros2_ws/install/rgbd_converter/lib/python3.10/site-packages/rgbd_converter/rgbd_node.py to rgbd_node.cpython-310.pyc
[0.485s] running install_data
[0.485s] running install_egg_info
[0.486s] removing '/home/usman/ros2_ws/install/rgbd_converter/lib/python3.10/site-packages/rgbd_converter-0.0.0-py3.10.egg-info' (and everything under it)
[0.486s] Copying ../../build/rgbd_converter/rgbd_converter.egg-info to /home/usman/ros2_ws/install/rgbd_converter/lib/python3.10/site-packages/rgbd_converter-0.0.0-py3.10.egg-info
[0.486s] running install_scripts
[0.497s] Installing rgbd_node script to /home/usman/ros2_ws/install/rgbd_converter/lib/rgbd_converter
[0.497s] writing list of installed files to '/home/usman/ros2_ws/build/rgbd_converter/install.log'
[0.509s] Invoked command in '/home/usman/ros2_ws/src/rgbd_converter' returned '0': PYTHONPATH=/home/usman/ros2_ws/build/rgbd_converter/prefix_override:/usr/lib/python3/dist-packages/colcon_core/task/python/colcon_distutils_commands:/home/usman/ros2_ws/install/rgbd_converter/lib/python3.10/site-packages:${PYTHONPATH} /usr/bin/python3 -W ignore:setup.py install is deprecated setup.py egg_info --egg-base ../../build/rgbd_converter build --build-base /home/usman/ros2_ws/build/rgbd_converter/build install --record /home/usman/ros2_ws/build/rgbd_converter/install.log --single-version-externally-managed install_data
