[0.059s] DEBUG:colcon:Command line arguments: ['/usr/bin/colcon', 'build']
[0.059s] DEBUG:colcon:Parsed command line arguments: Namespace(log_base=None, log_level=None, verb_name='build', build_base='build', install_base='install', merge_install=False, symlink_install=False, test_result_base=None, continue_on_error=False, executor='parallel', parallel_workers=16, event_handlers=None, ignore_user_meta=False, metas=['./colcon.meta'], base_paths=['.'], packages_ignore=None, packages_ignore_regex=None, paths=None, packages_up_to=None, packages_up_to_regex=None, packages_above=None, packages_above_and_dependencies=None, packages_above_depth=None, packages_select_by_dep=None, packages_skip_by_dep=None, packages_skip_up_to=None, packages_select_build_failed=False, packages_skip_build_finished=False, packages_select_test_failures=False, packages_skip_test_passed=False, packages_select=None, packages_skip=None, packages_select_regex=None, packages_skip_regex=None, packages_start=None, packages_end=None, allow_overriding=[], cmake_args=None, cmake_target=None, cmake_target_skip_unavailable=False, cmake_clean_cache=False, cmake_clean_first=False, cmake_force_configure=False, ament_cmake_args=None, catkin_cmake_args=None, catkin_skip_building_tests=False, mixin_files=None, mixin=None, verb_parser=<colcon_mixin.mixin.mixin_argument.MixinArgumentDecorator object at 0x7dcc3613ebc0>, verb_extension=<colcon_core.verb.build.BuildVerb object at 0x7dcc3613e5c0>, main=<bound method BuildVerb.main of <colcon_core.verb.build.BuildVerb object at 0x7dcc3613e5c0>>, mixin_verb=('build',))
[0.147s] Level 1:colcon.colcon_core.package_discovery:discover_packages(colcon_meta) check parameters
[0.147s] Level 1:colcon.colcon_core.package_discovery:discover_packages(recursive) check parameters
[0.147s] Level 1:colcon.colcon_core.package_discovery:discover_packages(ignore) check parameters
[0.147s] Level 1:colcon.colcon_core.package_discovery:discover_packages(path) check parameters
[0.147s] Level 1:colcon.colcon_core.package_discovery:discover_packages(colcon_meta) discover
[0.147s] Level 1:colcon.colcon_core.package_discovery:discover_packages(recursive) discover
[0.147s] INFO:colcon.colcon_core.package_discovery:Crawling recursively for packages in '/home/usman/ros2_ws'
[0.147s] Level 1:colcon.colcon_core.package_identification:_identify(.) by extensions ['ignore', 'ignore_ament_install']
[0.147s] Level 1:colcon.colcon_core.package_identification:_identify(.) by extension 'ignore'
[0.147s] Level 1:colcon.colcon_core.package_identification:_identify(.) by extension 'ignore_ament_install'
[0.147s] Level 1:colcon.colcon_core.package_identification:_identify(.) by extensions ['colcon_pkg']
[0.147s] Level 1:colcon.colcon_core.package_identification:_identify(.) by extension 'colcon_pkg'
[0.147s] Level 1:colcon.colcon_core.package_identification:_identify(.) by extensions ['colcon_meta']
[0.147s] Level 1:colcon.colcon_core.package_identification:_identify(.) by extension 'colcon_meta'
[0.147s] Level 1:colcon.colcon_core.package_identification:_identify(.) by extensions ['ros']
[0.147s] Level 1:colcon.colcon_core.package_identification:_identify(.) by extension 'ros'
[0.153s] Level 1:colcon.colcon_core.package_identification:_identify(.) by extensions ['cmake', 'python']
[0.153s] Level 1:colcon.colcon_core.package_identification:_identify(.) by extension 'cmake'
[0.153s] Level 1:colcon.colcon_core.package_identification:_identify(.) by extension 'python'
[0.154s] Level 1:colcon.colcon_core.package_identification:_identify(.) by extensions ['python_setup_py']
[0.154s] Level 1:colcon.colcon_core.package_identification:_identify(.) by extension 'python_setup_py'
[0.154s] Level 1:colcon.colcon_core.package_identification:_identify(build) by extensions ['ignore', 'ignore_ament_install']
[0.154s] Level 1:colcon.colcon_core.package_identification:_identify(build) by extension 'ignore'
[0.154s] Level 1:colcon.colcon_core.package_identification:_identify(build) ignored
[0.154s] Level 1:colcon.colcon_core.package_identification:_identify(install) by extensions ['ignore', 'ignore_ament_install']
[0.154s] Level 1:colcon.colcon_core.package_identification:_identify(install) by extension 'ignore'
[0.154s] Level 1:colcon.colcon_core.package_identification:_identify(install) ignored
[0.154s] Level 1:colcon.colcon_core.package_identification:_identify(log) by extensions ['ignore', 'ignore_ament_install']
[0.154s] Level 1:colcon.colcon_core.package_identification:_identify(log) by extension 'ignore'
[0.154s] Level 1:colcon.colcon_core.package_identification:_identify(log) ignored
[0.154s] Level 1:colcon.colcon_core.package_identification:_identify(src) by extensions ['ignore', 'ignore_ament_install']
[0.154s] Level 1:colcon.colcon_core.package_identification:_identify(src) by extension 'ignore'
[0.154s] Level 1:colcon.colcon_core.package_identification:_identify(src) by extension 'ignore_ament_install'
[0.154s] Level 1:colcon.colcon_core.package_identification:_identify(src) by extensions ['colcon_pkg']
[0.154s] Level 1:colcon.colcon_core.package_identification:_identify(src) by extension 'colcon_pkg'
[0.154s] Level 1:colcon.colcon_core.package_identification:_identify(src) by extensions ['colcon_meta']
[0.154s] Level 1:colcon.colcon_core.package_identification:_identify(src) by extension 'colcon_meta'
[0.154s] Level 1:colcon.colcon_core.package_identification:_identify(src) by extensions ['ros']
[0.154s] Level 1:colcon.colcon_core.package_identification:_identify(src) by extension 'ros'
[0.154s] Level 1:colcon.colcon_core.package_identification:_identify(src) by extensions ['cmake', 'python']
[0.154s] Level 1:colcon.colcon_core.package_identification:_identify(src) by extension 'cmake'
[0.154s] Level 1:colcon.colcon_core.package_identification:_identify(src) by extension 'python'
[0.154s] Level 1:colcon.colcon_core.package_identification:_identify(src) by extensions ['python_setup_py']
[0.154s] Level 1:colcon.colcon_core.package_identification:_identify(src) by extension 'python_setup_py'
[0.154s] Level 1:colcon.colcon_core.package_identification:_identify(src/pdf_to_matrix) by extensions ['ignore', 'ignore_ament_install']
[0.154s] Level 1:colcon.colcon_core.package_identification:_identify(src/pdf_to_matrix) by extension 'ignore'
[0.154s] Level 1:colcon.colcon_core.package_identification:_identify(src/pdf_to_matrix) by extension 'ignore_ament_install'
[0.154s] Level 1:colcon.colcon_core.package_identification:_identify(src/pdf_to_matrix) by extensions ['colcon_pkg']
[0.154s] Level 1:colcon.colcon_core.package_identification:_identify(src/pdf_to_matrix) by extension 'colcon_pkg'
[0.154s] Level 1:colcon.colcon_core.package_identification:_identify(src/pdf_to_matrix) by extensions ['colcon_meta']
[0.154s] Level 1:colcon.colcon_core.package_identification:_identify(src/pdf_to_matrix) by extension 'colcon_meta'
[0.154s] Level 1:colcon.colcon_core.package_identification:_identify(src/pdf_to_matrix) by extensions ['ros']
[0.154s] Level 1:colcon.colcon_core.package_identification:_identify(src/pdf_to_matrix) by extension 'ros'
[0.156s] DEBUG:colcon.colcon_core.package_identification:Package 'src/pdf_to_matrix' with type 'ros.ament_python' and name 'pdf_to_matrix'
[0.156s] Level 1:colcon.colcon_core.package_identification:_identify(src/rgbd_converter) by extensions ['ignore', 'ignore_ament_install']
[0.156s] Level 1:colcon.colcon_core.package_identification:_identify(src/rgbd_converter) by extension 'ignore'
[0.156s] Level 1:colcon.colcon_core.package_identification:_identify(src/rgbd_converter) by extension 'ignore_ament_install'
[0.156s] Level 1:colcon.colcon_core.package_identification:_identify(src/rgbd_converter) by extensions ['colcon_pkg']
[0.156s] Level 1:colcon.colcon_core.package_identification:_identify(src/rgbd_converter) by extension 'colcon_pkg'
[0.156s] Level 1:colcon.colcon_core.package_identification:_identify(src/rgbd_converter) by extensions ['colcon_meta']
[0.156s] Level 1:colcon.colcon_core.package_identification:_identify(src/rgbd_converter) by extension 'colcon_meta'
[0.156s] Level 1:colcon.colcon_core.package_identification:_identify(src/rgbd_converter) by extensions ['ros']
[0.156s] Level 1:colcon.colcon_core.package_identification:_identify(src/rgbd_converter) by extension 'ros'
[0.156s] DEBUG:colcon.colcon_core.package_identification:Package 'src/rgbd_converter' with type 'ros.ament_python' and name 'rgbd_converter'
[0.156s] Level 1:colcon.colcon_core.package_identification:_identify(src/rgbd_pdf_exporter) by extensions ['ignore', 'ignore_ament_install']
[0.157s] Level 1:colcon.colcon_core.package_identification:_identify(src/rgbd_pdf_exporter) by extension 'ignore'
[0.157s] Level 1:colcon.colcon_core.package_identification:_identify(src/rgbd_pdf_exporter) by extension 'ignore_ament_install'
[0.157s] Level 1:colcon.colcon_core.package_identification:_identify(src/rgbd_pdf_exporter) by extensions ['colcon_pkg']
[0.157s] Level 1:colcon.colcon_core.package_identification:_identify(src/rgbd_pdf_exporter) by extension 'colcon_pkg'
[0.157s] Level 1:colcon.colcon_core.package_identification:_identify(src/rgbd_pdf_exporter) by extensions ['colcon_meta']
[0.157s] Level 1:colcon.colcon_core.package_identification:_identify(src/rgbd_pdf_exporter) by extension 'colcon_meta'
[0.157s] Level 1:colcon.colcon_core.package_identification:_identify(src/rgbd_pdf_exporter) by extensions ['ros']
[0.157s] Level 1:colcon.colcon_core.package_identification:_identify(src/rgbd_pdf_exporter) by extension 'ros'
[0.157s] DEBUG:colcon.colcon_core.package_identification:Package 'src/rgbd_pdf_exporter' with type 'ros.ament_python' and name 'rgbd_pdf_exporter'
[0.157s] Level 1:colcon.colcon_core.package_identification:_identify(src/zed-ros2-wrapper) by extensions ['ignore', 'ignore_ament_install']
[0.157s] Level 1:colcon.colcon_core.package_identification:_identify(src/zed-ros2-wrapper) by extension 'ignore'
[0.157s] Level 1:colcon.colcon_core.package_identification:_identify(src/zed-ros2-wrapper) by extension 'ignore_ament_install'
[0.157s] Level 1:colcon.colcon_core.package_identification:_identify(src/zed-ros2-wrapper) by extensions ['colcon_pkg']
[0.157s] Level 1:colcon.colcon_core.package_identification:_identify(src/zed-ros2-wrapper) by extension 'colcon_pkg'
[0.157s] Level 1:colcon.colcon_core.package_identification:_identify(src/zed-ros2-wrapper) by extensions ['colcon_meta']
[0.157s] Level 1:colcon.colcon_core.package_identification:_identify(src/zed-ros2-wrapper) by extension 'colcon_meta'
[0.157s] Level 1:colcon.colcon_core.package_identification:_identify(src/zed-ros2-wrapper) by extensions ['ros']
[0.157s] Level 1:colcon.colcon_core.package_identification:_identify(src/zed-ros2-wrapper) by extension 'ros'
[0.157s] Level 1:colcon.colcon_core.package_identification:_identify(src/zed-ros2-wrapper) by extensions ['cmake', 'python']
[0.157s] Level 1:colcon.colcon_core.package_identification:_identify(src/zed-ros2-wrapper) by extension 'cmake'
[0.157s] Level 1:colcon.colcon_core.package_identification:_identify(src/zed-ros2-wrapper) by extension 'python'
[0.157s] Level 1:colcon.colcon_core.package_identification:_identify(src/zed-ros2-wrapper) by extensions ['python_setup_py']
[0.157s] Level 1:colcon.colcon_core.package_identification:_identify(src/zed-ros2-wrapper) by extension 'python_setup_py'
[0.157s] Level 1:colcon.colcon_core.package_identification:_identify(src/zed-ros2-wrapper/docker) by extensions ['ignore', 'ignore_ament_install']
[0.157s] Level 1:colcon.colcon_core.package_identification:_identify(src/zed-ros2-wrapper/docker) by extension 'ignore'
[0.157s] Level 1:colcon.colcon_core.package_identification:_identify(src/zed-ros2-wrapper/docker) by extension 'ignore_ament_install'
[0.157s] Level 1:colcon.colcon_core.package_identification:_identify(src/zed-ros2-wrapper/docker) by extensions ['colcon_pkg']
[0.157s] Level 1:colcon.colcon_core.package_identification:_identify(src/zed-ros2-wrapper/docker) by extension 'colcon_pkg'
[0.158s] Level 1:colcon.colcon_core.package_identification:_identify(src/zed-ros2-wrapper/docker) by extensions ['colcon_meta']
[0.158s] Level 1:colcon.colcon_core.package_identification:_identify(src/zed-ros2-wrapper/docker) by extension 'colcon_meta'
[0.158s] Level 1:colcon.colcon_core.package_identification:_identify(src/zed-ros2-wrapper/docker) by extensions ['ros']
[0.158s] Level 1:colcon.colcon_core.package_identification:_identify(src/zed-ros2-wrapper/docker) by extension 'ros'
[0.158s] Level 1:colcon.colcon_core.package_identification:_identify(src/zed-ros2-wrapper/docker) by extensions ['cmake', 'python']
[0.158s] Level 1:colcon.colcon_core.package_identification:_identify(src/zed-ros2-wrapper/docker) by extension 'cmake'
[0.158s] Level 1:colcon.colcon_core.package_identification:_identify(src/zed-ros2-wrapper/docker) by extension 'python'
[0.158s] Level 1:colcon.colcon_core.package_identification:_identify(src/zed-ros2-wrapper/docker) by extensions ['python_setup_py']
[0.158s] Level 1:colcon.colcon_core.package_identification:_identify(src/zed-ros2-wrapper/docker) by extension 'python_setup_py'
[0.158s] Level 1:colcon.colcon_core.package_identification:_identify(src/zed-ros2-wrapper/images) by extensions ['ignore', 'ignore_ament_install']
[0.158s] Level 1:colcon.colcon_core.package_identification:_identify(src/zed-ros2-wrapper/images) by extension 'ignore'
[0.158s] Level 1:colcon.colcon_core.package_identification:_identify(src/zed-ros2-wrapper/images) by extension 'ignore_ament_install'
[0.158s] Level 1:colcon.colcon_core.package_identification:_identify(src/zed-ros2-wrapper/images) by extensions ['colcon_pkg']
[0.158s] Level 1:colcon.colcon_core.package_identification:_identify(src/zed-ros2-wrapper/images) by extension 'colcon_pkg'
[0.158s] Level 1:colcon.colcon_core.package_identification:_identify(src/zed-ros2-wrapper/images) by extensions ['colcon_meta']
[0.158s] Level 1:colcon.colcon_core.package_identification:_identify(src/zed-ros2-wrapper/images) by extension 'colcon_meta'
[0.158s] Level 1:colcon.colcon_core.package_identification:_identify(src/zed-ros2-wrapper/images) by extensions ['ros']
[0.158s] Level 1:colcon.colcon_core.package_identification:_identify(src/zed-ros2-wrapper/images) by extension 'ros'
[0.158s] Level 1:colcon.colcon_core.package_identification:_identify(src/zed-ros2-wrapper/images) by extensions ['cmake', 'python']
[0.158s] Level 1:colcon.colcon_core.package_identification:_identify(src/zed-ros2-wrapper/images) by extension 'cmake'
[0.158s] Level 1:colcon.colcon_core.package_identification:_identify(src/zed-ros2-wrapper/images) by extension 'python'
[0.158s] Level 1:colcon.colcon_core.package_identification:_identify(src/zed-ros2-wrapper/images) by extensions ['python_setup_py']
[0.158s] Level 1:colcon.colcon_core.package_identification:_identify(src/zed-ros2-wrapper/images) by extension 'python_setup_py'
[0.158s] Level 1:colcon.colcon_core.package_identification:_identify(src/zed-ros2-wrapper/zed-ros2-interfaces) by extensions ['ignore', 'ignore_ament_install']
[0.158s] Level 1:colcon.colcon_core.package_identification:_identify(src/zed-ros2-wrapper/zed-ros2-interfaces) by extension 'ignore'
[0.158s] Level 1:colcon.colcon_core.package_identification:_identify(src/zed-ros2-wrapper/zed-ros2-interfaces) by extension 'ignore_ament_install'
[0.158s] Level 1:colcon.colcon_core.package_identification:_identify(src/zed-ros2-wrapper/zed-ros2-interfaces) by extensions ['colcon_pkg']
[0.158s] Level 1:colcon.colcon_core.package_identification:_identify(src/zed-ros2-wrapper/zed-ros2-interfaces) by extension 'colcon_pkg'
[0.158s] Level 1:colcon.colcon_core.package_identification:_identify(src/zed-ros2-wrapper/zed-ros2-interfaces) by extensions ['colcon_meta']
[0.158s] Level 1:colcon.colcon_core.package_identification:_identify(src/zed-ros2-wrapper/zed-ros2-interfaces) by extension 'colcon_meta'
[0.158s] Level 1:colcon.colcon_core.package_identification:_identify(src/zed-ros2-wrapper/zed-ros2-interfaces) by extensions ['ros']
[0.158s] Level 1:colcon.colcon_core.package_identification:_identify(src/zed-ros2-wrapper/zed-ros2-interfaces) by extension 'ros'
[0.159s] DEBUG:colcon.colcon_core.package_identification:Package 'src/zed-ros2-wrapper/zed-ros2-interfaces' with type 'ros.ament_cmake' and name 'zed_interfaces'
[0.159s] Level 1:colcon.colcon_core.package_identification:_identify(src/zed-ros2-wrapper/zed_components) by extensions ['ignore', 'ignore_ament_install']
[0.159s] Level 1:colcon.colcon_core.package_identification:_identify(src/zed-ros2-wrapper/zed_components) by extension 'ignore'
[0.159s] Level 1:colcon.colcon_core.package_identification:_identify(src/zed-ros2-wrapper/zed_components) by extension 'ignore_ament_install'
[0.159s] Level 1:colcon.colcon_core.package_identification:_identify(src/zed-ros2-wrapper/zed_components) by extensions ['colcon_pkg']
[0.159s] Level 1:colcon.colcon_core.package_identification:_identify(src/zed-ros2-wrapper/zed_components) by extension 'colcon_pkg'
[0.159s] Level 1:colcon.colcon_core.package_identification:_identify(src/zed-ros2-wrapper/zed_components) by extensions ['colcon_meta']
[0.159s] Level 1:colcon.colcon_core.package_identification:_identify(src/zed-ros2-wrapper/zed_components) by extension 'colcon_meta'
[0.159s] Level 1:colcon.colcon_core.package_identification:_identify(src/zed-ros2-wrapper/zed_components) by extensions ['ros']
[0.159s] Level 1:colcon.colcon_core.package_identification:_identify(src/zed-ros2-wrapper/zed_components) by extension 'ros'
[0.159s] DEBUG:colcon.colcon_core.package_identification:Package 'src/zed-ros2-wrapper/zed_components' with type 'ros.ament_cmake' and name 'zed_components'
[0.159s] Level 1:colcon.colcon_core.package_identification:_identify(src/zed-ros2-wrapper/zed_ros2) by extensions ['ignore', 'ignore_ament_install']
[0.160s] Level 1:colcon.colcon_core.package_identification:_identify(src/zed-ros2-wrapper/zed_ros2) by extension 'ignore'
[0.160s] Level 1:colcon.colcon_core.package_identification:_identify(src/zed-ros2-wrapper/zed_ros2) by extension 'ignore_ament_install'
[0.160s] Level 1:colcon.colcon_core.package_identification:_identify(src/zed-ros2-wrapper/zed_ros2) by extensions ['colcon_pkg']
[0.160s] Level 1:colcon.colcon_core.package_identification:_identify(src/zed-ros2-wrapper/zed_ros2) by extension 'colcon_pkg'
[0.160s] Level 1:colcon.colcon_core.package_identification:_identify(src/zed-ros2-wrapper/zed_ros2) by extensions ['colcon_meta']
[0.160s] Level 1:colcon.colcon_core.package_identification:_identify(src/zed-ros2-wrapper/zed_ros2) by extension 'colcon_meta'
[0.160s] Level 1:colcon.colcon_core.package_identification:_identify(src/zed-ros2-wrapper/zed_ros2) by extensions ['ros']
[0.160s] Level 1:colcon.colcon_core.package_identification:_identify(src/zed-ros2-wrapper/zed_ros2) by extension 'ros'
[0.160s] DEBUG:colcon.colcon_core.package_identification:Package 'src/zed-ros2-wrapper/zed_ros2' with type 'ros.ament_cmake' and name 'zed_ros2'
[0.160s] Level 1:colcon.colcon_core.package_identification:_identify(src/zed-ros2-wrapper/zed_wrapper) by extensions ['ignore', 'ignore_ament_install']
[0.160s] Level 1:colcon.colcon_core.package_identification:_identify(src/zed-ros2-wrapper/zed_wrapper) by extension 'ignore'
[0.160s] Level 1:colcon.colcon_core.package_identification:_identify(src/zed-ros2-wrapper/zed_wrapper) by extension 'ignore_ament_install'
[0.160s] Level 1:colcon.colcon_core.package_identification:_identify(src/zed-ros2-wrapper/zed_wrapper) by extensions ['colcon_pkg']
[0.160s] Level 1:colcon.colcon_core.package_identification:_identify(src/zed-ros2-wrapper/zed_wrapper) by extension 'colcon_pkg'
[0.160s] Level 1:colcon.colcon_core.package_identification:_identify(src/zed-ros2-wrapper/zed_wrapper) by extensions ['colcon_meta']
[0.160s] Level 1:colcon.colcon_core.package_identification:_identify(src/zed-ros2-wrapper/zed_wrapper) by extension 'colcon_meta'
[0.160s] Level 1:colcon.colcon_core.package_identification:_identify(src/zed-ros2-wrapper/zed_wrapper) by extensions ['ros']
[0.160s] Level 1:colcon.colcon_core.package_identification:_identify(src/zed-ros2-wrapper/zed_wrapper) by extension 'ros'
[0.161s] DEBUG:colcon.colcon_core.package_identification:Package 'src/zed-ros2-wrapper/zed_wrapper' with type 'ros.ament_cmake' and name 'zed_wrapper'
[0.161s] Level 1:colcon.colcon_core.package_discovery:discover_packages(recursive) using defaults
[0.161s] Level 1:colcon.colcon_core.package_discovery:discover_packages(ignore) discover
[0.161s] Level 1:colcon.colcon_core.package_discovery:discover_packages(ignore) using defaults
[0.161s] Level 1:colcon.colcon_core.package_discovery:discover_packages(path) discover
[0.161s] Level 1:colcon.colcon_core.package_discovery:discover_packages(path) using defaults
[0.176s] Level 1:colcon.colcon_core.package_discovery:discover_packages(prefix_path) check parameters
[0.176s] Level 1:colcon.colcon_core.package_discovery:discover_packages(prefix_path) discover
[0.177s] DEBUG:colcon.colcon_installed_package_information.package_discovery:Found 7 installed packages in /home/usman/ros2_ws/install
[0.178s] DEBUG:colcon.colcon_installed_package_information.package_discovery:Found 275 installed packages in /opt/ros/humble
[0.179s] Level 1:colcon.colcon_core.package_discovery:discover_packages(prefix_path) using defaults
[0.199s] Level 5:colcon.colcon_core.verb:set package 'pdf_to_matrix' build argument 'cmake_args' from command line to 'None'
[0.199s] Level 5:colcon.colcon_core.verb:set package 'pdf_to_matrix' build argument 'cmake_target' from command line to 'None'
[0.199s] Level 5:colcon.colcon_core.verb:set package 'pdf_to_matrix' build argument 'cmake_target_skip_unavailable' from command line to 'False'
[0.199s] Level 5:colcon.colcon_core.verb:set package 'pdf_to_matrix' build argument 'cmake_clean_cache' from command line to 'False'
[0.199s] Level 5:colcon.colcon_core.verb:set package 'pdf_to_matrix' build argument 'cmake_clean_first' from command line to 'False'
[0.199s] Level 5:colcon.colcon_core.verb:set package 'pdf_to_matrix' build argument 'cmake_force_configure' from command line to 'False'
[0.199s] Level 5:colcon.colcon_core.verb:set package 'pdf_to_matrix' build argument 'ament_cmake_args' from command line to 'None'
[0.199s] Level 5:colcon.colcon_core.verb:set package 'pdf_to_matrix' build argument 'catkin_cmake_args' from command line to 'None'
[0.199s] Level 5:colcon.colcon_core.verb:set package 'pdf_to_matrix' build argument 'catkin_skip_building_tests' from command line to 'False'
[0.199s] DEBUG:colcon.colcon_core.verb:Building package 'pdf_to_matrix' with the following arguments: {'ament_cmake_args': None, 'build_base': '/home/usman/ros2_ws/build/pdf_to_matrix', 'catkin_cmake_args': None, 'catkin_skip_building_tests': False, 'cmake_args': None, 'cmake_clean_cache': False, 'cmake_clean_first': False, 'cmake_force_configure': False, 'cmake_target': None, 'cmake_target_skip_unavailable': False, 'install_base': '/home/usman/ros2_ws/install/pdf_to_matrix', 'merge_install': False, 'path': '/home/usman/ros2_ws/src/pdf_to_matrix', 'symlink_install': False, 'test_result_base': None}
[0.199s] Level 5:colcon.colcon_core.verb:set package 'rgbd_converter' build argument 'cmake_args' from command line to 'None'
[0.199s] Level 5:colcon.colcon_core.verb:set package 'rgbd_converter' build argument 'cmake_target' from command line to 'None'
[0.199s] Level 5:colcon.colcon_core.verb:set package 'rgbd_converter' build argument 'cmake_target_skip_unavailable' from command line to 'False'
[0.199s] Level 5:colcon.colcon_core.verb:set package 'rgbd_converter' build argument 'cmake_clean_cache' from command line to 'False'
[0.199s] Level 5:colcon.colcon_core.verb:set package 'rgbd_converter' build argument 'cmake_clean_first' from command line to 'False'
[0.199s] Level 5:colcon.colcon_core.verb:set package 'rgbd_converter' build argument 'cmake_force_configure' from command line to 'False'
[0.199s] Level 5:colcon.colcon_core.verb:set package 'rgbd_converter' build argument 'ament_cmake_args' from command line to 'None'
[0.199s] Level 5:colcon.colcon_core.verb:set package 'rgbd_converter' build argument 'catkin_cmake_args' from command line to 'None'
[0.199s] Level 5:colcon.colcon_core.verb:set package 'rgbd_converter' build argument 'catkin_skip_building_tests' from command line to 'False'
[0.199s] DEBUG:colcon.colcon_core.verb:Building package 'rgbd_converter' with the following arguments: {'ament_cmake_args': None, 'build_base': '/home/usman/ros2_ws/build/rgbd_converter', 'catkin_cmake_args': None, 'catkin_skip_building_tests': False, 'cmake_args': None, 'cmake_clean_cache': False, 'cmake_clean_first': False, 'cmake_force_configure': False, 'cmake_target': None, 'cmake_target_skip_unavailable': False, 'install_base': '/home/usman/ros2_ws/install/rgbd_converter', 'merge_install': False, 'path': '/home/usman/ros2_ws/src/rgbd_converter', 'symlink_install': False, 'test_result_base': None}
[0.200s] Level 5:colcon.colcon_core.verb:set package 'rgbd_pdf_exporter' build argument 'cmake_args' from command line to 'None'
[0.200s] Level 5:colcon.colcon_core.verb:set package 'rgbd_pdf_exporter' build argument 'cmake_target' from command line to 'None'
[0.200s] Level 5:colcon.colcon_core.verb:set package 'rgbd_pdf_exporter' build argument 'cmake_target_skip_unavailable' from command line to 'False'
[0.200s] Level 5:colcon.colcon_core.verb:set package 'rgbd_pdf_exporter' build argument 'cmake_clean_cache' from command line to 'False'
[0.200s] Level 5:colcon.colcon_core.verb:set package 'rgbd_pdf_exporter' build argument 'cmake_clean_first' from command line to 'False'
[0.200s] Level 5:colcon.colcon_core.verb:set package 'rgbd_pdf_exporter' build argument 'cmake_force_configure' from command line to 'False'
[0.200s] Level 5:colcon.colcon_core.verb:set package 'rgbd_pdf_exporter' build argument 'ament_cmake_args' from command line to 'None'
[0.200s] Level 5:colcon.colcon_core.verb:set package 'rgbd_pdf_exporter' build argument 'catkin_cmake_args' from command line to 'None'
[0.200s] Level 5:colcon.colcon_core.verb:set package 'rgbd_pdf_exporter' build argument 'catkin_skip_building_tests' from command line to 'False'
[0.200s] DEBUG:colcon.colcon_core.verb:Building package 'rgbd_pdf_exporter' with the following arguments: {'ament_cmake_args': None, 'build_base': '/home/usman/ros2_ws/build/rgbd_pdf_exporter', 'catkin_cmake_args': None, 'catkin_skip_building_tests': False, 'cmake_args': None, 'cmake_clean_cache': False, 'cmake_clean_first': False, 'cmake_force_configure': False, 'cmake_target': None, 'cmake_target_skip_unavailable': False, 'install_base': '/home/usman/ros2_ws/install/rgbd_pdf_exporter', 'merge_install': False, 'path': '/home/usman/ros2_ws/src/rgbd_pdf_exporter', 'symlink_install': False, 'test_result_base': None}
[0.200s] Level 5:colcon.colcon_core.verb:set package 'zed_interfaces' build argument 'cmake_args' from command line to 'None'
[0.200s] Level 5:colcon.colcon_core.verb:set package 'zed_interfaces' build argument 'cmake_target' from command line to 'None'
[0.200s] Level 5:colcon.colcon_core.verb:set package 'zed_interfaces' build argument 'cmake_target_skip_unavailable' from command line to 'False'
[0.200s] Level 5:colcon.colcon_core.verb:set package 'zed_interfaces' build argument 'cmake_clean_cache' from command line to 'False'
[0.200s] Level 5:colcon.colcon_core.verb:set package 'zed_interfaces' build argument 'cmake_clean_first' from command line to 'False'
[0.200s] Level 5:colcon.colcon_core.verb:set package 'zed_interfaces' build argument 'cmake_force_configure' from command line to 'False'
[0.200s] Level 5:colcon.colcon_core.verb:set package 'zed_interfaces' build argument 'ament_cmake_args' from command line to 'None'
[0.200s] Level 5:colcon.colcon_core.verb:set package 'zed_interfaces' build argument 'catkin_cmake_args' from command line to 'None'
[0.200s] Level 5:colcon.colcon_core.verb:set package 'zed_interfaces' build argument 'catkin_skip_building_tests' from command line to 'False'
[0.200s] DEBUG:colcon.colcon_core.verb:Building package 'zed_interfaces' with the following arguments: {'ament_cmake_args': None, 'build_base': '/home/usman/ros2_ws/build/zed_interfaces', 'catkin_cmake_args': None, 'catkin_skip_building_tests': False, 'cmake_args': None, 'cmake_clean_cache': False, 'cmake_clean_first': False, 'cmake_force_configure': False, 'cmake_target': None, 'cmake_target_skip_unavailable': False, 'install_base': '/home/usman/ros2_ws/install/zed_interfaces', 'merge_install': False, 'path': '/home/usman/ros2_ws/src/zed-ros2-wrapper/zed-ros2-interfaces', 'symlink_install': False, 'test_result_base': None}
[0.200s] Level 5:colcon.colcon_core.verb:set package 'zed_components' build argument 'cmake_args' from command line to 'None'
[0.200s] Level 5:colcon.colcon_core.verb:set package 'zed_components' build argument 'cmake_target' from command line to 'None'
[0.200s] Level 5:colcon.colcon_core.verb:set package 'zed_components' build argument 'cmake_target_skip_unavailable' from command line to 'False'
[0.200s] Level 5:colcon.colcon_core.verb:set package 'zed_components' build argument 'cmake_clean_cache' from command line to 'False'
[0.200s] Level 5:colcon.colcon_core.verb:set package 'zed_components' build argument 'cmake_clean_first' from command line to 'False'
[0.200s] Level 5:colcon.colcon_core.verb:set package 'zed_components' build argument 'cmake_force_configure' from command line to 'False'
[0.200s] Level 5:colcon.colcon_core.verb:set package 'zed_components' build argument 'ament_cmake_args' from command line to 'None'
[0.200s] Level 5:colcon.colcon_core.verb:set package 'zed_components' build argument 'catkin_cmake_args' from command line to 'None'
[0.200s] Level 5:colcon.colcon_core.verb:set package 'zed_components' build argument 'catkin_skip_building_tests' from command line to 'False'
[0.200s] DEBUG:colcon.colcon_core.verb:Building package 'zed_components' with the following arguments: {'ament_cmake_args': None, 'build_base': '/home/usman/ros2_ws/build/zed_components', 'catkin_cmake_args': None, 'catkin_skip_building_tests': False, 'cmake_args': None, 'cmake_clean_cache': False, 'cmake_clean_first': False, 'cmake_force_configure': False, 'cmake_target': None, 'cmake_target_skip_unavailable': False, 'install_base': '/home/usman/ros2_ws/install/zed_components', 'merge_install': False, 'path': '/home/usman/ros2_ws/src/zed-ros2-wrapper/zed_components', 'symlink_install': False, 'test_result_base': None}
[0.200s] Level 5:colcon.colcon_core.verb:set package 'zed_wrapper' build argument 'cmake_args' from command line to 'None'
[0.200s] Level 5:colcon.colcon_core.verb:set package 'zed_wrapper' build argument 'cmake_target' from command line to 'None'
[0.200s] Level 5:colcon.colcon_core.verb:set package 'zed_wrapper' build argument 'cmake_target_skip_unavailable' from command line to 'False'
[0.200s] Level 5:colcon.colcon_core.verb:set package 'zed_wrapper' build argument 'cmake_clean_cache' from command line to 'False'
[0.200s] Level 5:colcon.colcon_core.verb:set package 'zed_wrapper' build argument 'cmake_clean_first' from command line to 'False'
[0.201s] Level 5:colcon.colcon_core.verb:set package 'zed_wrapper' build argument 'cmake_force_configure' from command line to 'False'
[0.201s] Level 5:colcon.colcon_core.verb:set package 'zed_wrapper' build argument 'ament_cmake_args' from command line to 'None'
[0.201s] Level 5:colcon.colcon_core.verb:set package 'zed_wrapper' build argument 'catkin_cmake_args' from command line to 'None'
[0.201s] Level 5:colcon.colcon_core.verb:set package 'zed_wrapper' build argument 'catkin_skip_building_tests' from command line to 'False'
[0.201s] DEBUG:colcon.colcon_core.verb:Building package 'zed_wrapper' with the following arguments: {'ament_cmake_args': None, 'build_base': '/home/usman/ros2_ws/build/zed_wrapper', 'catkin_cmake_args': None, 'catkin_skip_building_tests': False, 'cmake_args': None, 'cmake_clean_cache': False, 'cmake_clean_first': False, 'cmake_force_configure': False, 'cmake_target': None, 'cmake_target_skip_unavailable': False, 'install_base': '/home/usman/ros2_ws/install/zed_wrapper', 'merge_install': False, 'path': '/home/usman/ros2_ws/src/zed-ros2-wrapper/zed_wrapper', 'symlink_install': False, 'test_result_base': None}
[0.201s] Level 5:colcon.colcon_core.verb:set package 'zed_ros2' build argument 'cmake_args' from command line to 'None'
[0.201s] Level 5:colcon.colcon_core.verb:set package 'zed_ros2' build argument 'cmake_target' from command line to 'None'
[0.201s] Level 5:colcon.colcon_core.verb:set package 'zed_ros2' build argument 'cmake_target_skip_unavailable' from command line to 'False'
[0.201s] Level 5:colcon.colcon_core.verb:set package 'zed_ros2' build argument 'cmake_clean_cache' from command line to 'False'
[0.201s] Level 5:colcon.colcon_core.verb:set package 'zed_ros2' build argument 'cmake_clean_first' from command line to 'False'
[0.201s] Level 5:colcon.colcon_core.verb:set package 'zed_ros2' build argument 'cmake_force_configure' from command line to 'False'
[0.201s] Level 5:colcon.colcon_core.verb:set package 'zed_ros2' build argument 'ament_cmake_args' from command line to 'None'
[0.201s] Level 5:colcon.colcon_core.verb:set package 'zed_ros2' build argument 'catkin_cmake_args' from command line to 'None'
[0.201s] Level 5:colcon.colcon_core.verb:set package 'zed_ros2' build argument 'catkin_skip_building_tests' from command line to 'False'
[0.201s] DEBUG:colcon.colcon_core.verb:Building package 'zed_ros2' with the following arguments: {'ament_cmake_args': None, 'build_base': '/home/usman/ros2_ws/build/zed_ros2', 'catkin_cmake_args': None, 'catkin_skip_building_tests': False, 'cmake_args': None, 'cmake_clean_cache': False, 'cmake_clean_first': False, 'cmake_force_configure': False, 'cmake_target': None, 'cmake_target_skip_unavailable': False, 'install_base': '/home/usman/ros2_ws/install/zed_ros2', 'merge_install': False, 'path': '/home/usman/ros2_ws/src/zed-ros2-wrapper/zed_ros2', 'symlink_install': False, 'test_result_base': None}
[0.201s] INFO:colcon.colcon_core.executor:Executing jobs using 'parallel' executor
[0.201s] DEBUG:colcon.colcon_parallel_executor.executor.parallel:run_until_complete
[0.202s] INFO:colcon.colcon_ros.task.ament_cmake.build:Building ROS package in '/home/usman/ros2_ws/src/zed-ros2-wrapper/zed-ros2-interfaces' with build type 'ament_cmake'
[0.202s] INFO:colcon.colcon_cmake.task.cmake.build:Building CMake package in '/home/usman/ros2_ws/src/zed-ros2-wrapper/zed-ros2-interfaces'
[0.203s] INFO:colcon.colcon_core.plugin_system:Skipping extension 'colcon_core.shell.bat': Not used on non-Windows systems
[0.203s] INFO:colcon.colcon_core.shell:Skip shell extension 'powershell' for command environment: Not usable outside of PowerShell
[0.203s] DEBUG:colcon.colcon_core.shell:Skip shell extension 'dsv' for command environment
[0.205s] INFO:colcon.colcon_ros.task.ament_python.build:Building ROS package in '/home/usman/ros2_ws/src/pdf_to_matrix' with build type 'ament_python'
[0.205s] Level 1:colcon.colcon_core.shell:create_environment_hook('pdf_to_matrix', 'ament_prefix_path')
[0.205s] INFO:colcon.colcon_core.shell:Creating environment hook '/home/usman/ros2_ws/install/pdf_to_matrix/share/pdf_to_matrix/hook/ament_prefix_path.ps1'
[0.205s] INFO:colcon.colcon_core.shell:Creating environment descriptor '/home/usman/ros2_ws/install/pdf_to_matrix/share/pdf_to_matrix/hook/ament_prefix_path.dsv'
[0.205s] INFO:colcon.colcon_core.shell:Creating environment hook '/home/usman/ros2_ws/install/pdf_to_matrix/share/pdf_to_matrix/hook/ament_prefix_path.sh'
[0.206s] INFO:colcon.colcon_core.shell:Skip shell extension 'powershell' for command environment: Not usable outside of PowerShell
[0.206s] DEBUG:colcon.colcon_core.shell:Skip shell extension 'dsv' for command environment
[0.208s] INFO:colcon.colcon_ros.task.ament_python.build:Building ROS package in '/home/usman/ros2_ws/src/rgbd_converter' with build type 'ament_python'
[0.208s] Level 1:colcon.colcon_core.shell:create_environment_hook('rgbd_converter', 'ament_prefix_path')
[0.208s] INFO:colcon.colcon_core.shell:Creating environment hook '/home/usman/ros2_ws/install/rgbd_converter/share/rgbd_converter/hook/ament_prefix_path.ps1'
[0.208s] INFO:colcon.colcon_core.shell:Creating environment descriptor '/home/usman/ros2_ws/install/rgbd_converter/share/rgbd_converter/hook/ament_prefix_path.dsv'
[0.208s] INFO:colcon.colcon_core.shell:Creating environment hook '/home/usman/ros2_ws/install/rgbd_converter/share/rgbd_converter/hook/ament_prefix_path.sh'
[0.209s] INFO:colcon.colcon_core.shell:Skip shell extension 'powershell' for command environment: Not usable outside of PowerShell
[0.209s] DEBUG:colcon.colcon_core.shell:Skip shell extension 'dsv' for command environment
[0.210s] INFO:colcon.colcon_ros.task.ament_python.build:Building ROS package in '/home/usman/ros2_ws/src/rgbd_pdf_exporter' with build type 'ament_python'
[0.210s] Level 1:colcon.colcon_core.shell:create_environment_hook('rgbd_pdf_exporter', 'ament_prefix_path')
[0.211s] INFO:colcon.colcon_core.shell:Creating environment hook '/home/usman/ros2_ws/install/rgbd_pdf_exporter/share/rgbd_pdf_exporter/hook/ament_prefix_path.ps1'
[0.211s] INFO:colcon.colcon_core.shell:Creating environment descriptor '/home/usman/ros2_ws/install/rgbd_pdf_exporter/share/rgbd_pdf_exporter/hook/ament_prefix_path.dsv'
[0.211s] INFO:colcon.colcon_core.shell:Creating environment hook '/home/usman/ros2_ws/install/rgbd_pdf_exporter/share/rgbd_pdf_exporter/hook/ament_prefix_path.sh'
[0.211s] INFO:colcon.colcon_core.shell:Skip shell extension 'powershell' for command environment: Not usable outside of PowerShell
[0.211s] DEBUG:colcon.colcon_core.shell:Skip shell extension 'dsv' for command environment
[0.216s] DEBUG:colcon.colcon_core.event_handler.log_command:Invoking command in '/home/usman/ros2_ws/build/zed_interfaces': CMAKE_PREFIX_PATH=${CMAKE_PREFIX_PATH}:/home/usman/ros2_ws/install/rgbd_pdf_exporter:/home/usman/ros2_ws/install/rgbd_converter:/home/usman/ros2_ws/install/pdf_to_matrix:/opt/ros/humble /usr/bin/cmake --build /home/usman/ros2_ws/build/zed_interfaces -- -j16 -l16
[0.358s] INFO:colcon.colcon_core.task.python.build:Building Python package in '/home/usman/ros2_ws/src/pdf_to_matrix'
[0.358s] INFO:colcon.colcon_core.shell:Skip shell extension 'powershell' for command environment: Not usable outside of PowerShell
[0.358s] DEBUG:colcon.colcon_core.shell:Skip shell extension 'dsv' for command environment
[0.499s] INFO:colcon.colcon_core.task.python.build:Building Python package in '/home/usman/ros2_ws/src/rgbd_converter'
[0.500s] INFO:colcon.colcon_core.shell:Skip shell extension 'powershell' for command environment: Not usable outside of PowerShell
[0.500s] DEBUG:colcon.colcon_core.shell:Skip shell extension 'dsv' for command environment
[0.638s] INFO:colcon.colcon_core.task.python.build:Building Python package in '/home/usman/ros2_ws/src/rgbd_pdf_exporter'
[0.638s] INFO:colcon.colcon_core.shell:Skip shell extension 'powershell' for command environment: Not usable outside of PowerShell
[0.638s] DEBUG:colcon.colcon_core.shell:Skip shell extension 'dsv' for command environment
[0.640s] DEBUG:colcon.colcon_core.event_handler.log_command:Invoked command in '/home/usman/ros2_ws/build/zed_interfaces' returned '0': CMAKE_PREFIX_PATH=${CMAKE_PREFIX_PATH}:/home/usman/ros2_ws/install/rgbd_pdf_exporter:/home/usman/ros2_ws/install/rgbd_converter:/home/usman/ros2_ws/install/pdf_to_matrix:/opt/ros/humble /usr/bin/cmake --build /home/usman/ros2_ws/build/zed_interfaces -- -j16 -l16
[0.860s] DEBUG:colcon.colcon_core.event_handler.log_command:Invoking command in '/home/usman/ros2_ws/src/rgbd_pdf_exporter': PYTHONPATH=/home/usman/ros2_ws/build/rgbd_pdf_exporter/prefix_override:/usr/lib/python3/dist-packages/colcon_core/task/python/colcon_distutils_commands:/home/usman/ros2_ws/install/rgbd_pdf_exporter/lib/python3.10/site-packages:${PYTHONPATH} /usr/bin/python3 -W ignore:setup.py install is deprecated setup.py egg_info --egg-base ../../build/rgbd_pdf_exporter build --build-base /home/usman/ros2_ws/build/rgbd_pdf_exporter/build install --record /home/usman/ros2_ws/build/rgbd_pdf_exporter/install.log --single-version-externally-managed install_data
[0.861s] DEBUG:colcon.colcon_core.event_handler.log_command:Invoking command in '/home/usman/ros2_ws/src/rgbd_converter': PYTHONPATH=/home/usman/ros2_ws/build/rgbd_converter/prefix_override:/usr/lib/python3/dist-packages/colcon_core/task/python/colcon_distutils_commands:/home/usman/ros2_ws/install/rgbd_converter/lib/python3.10/site-packages:${PYTHONPATH} /usr/bin/python3 -W ignore:setup.py install is deprecated setup.py egg_info --egg-base ../../build/rgbd_converter build --build-base /home/usman/ros2_ws/build/rgbd_converter/build install --record /home/usman/ros2_ws/build/rgbd_converter/install.log --single-version-externally-managed install_data
[0.904s] DEBUG:colcon.colcon_core.event_handler.log_command:Invoking command in '/home/usman/ros2_ws/src/pdf_to_matrix': PYTHONPATH=/home/usman/ros2_ws/build/pdf_to_matrix/prefix_override:/usr/lib/python3/dist-packages/colcon_core/task/python/colcon_distutils_commands:/home/usman/ros2_ws/install/pdf_to_matrix/lib/python3.10/site-packages:${PYTHONPATH} /usr/bin/python3 -W ignore:setup.py install is deprecated setup.py egg_info --egg-base ../../build/pdf_to_matrix build --build-base /home/usman/ros2_ws/build/pdf_to_matrix/build install --record /home/usman/ros2_ws/build/pdf_to_matrix/install.log --single-version-externally-managed install_data
[0.925s] DEBUG:colcon.colcon_core.event_handler.log_command:Invoking command in '/home/usman/ros2_ws/build/zed_interfaces': CMAKE_PREFIX_PATH=${CMAKE_PREFIX_PATH}:/home/usman/ros2_ws/install/rgbd_pdf_exporter:/home/usman/ros2_ws/install/rgbd_converter:/home/usman/ros2_ws/install/pdf_to_matrix:/opt/ros/humble /usr/bin/cmake --install /home/usman/ros2_ws/build/zed_interfaces
[0.996s] Level 1:colcon.colcon_core.environment:create_environment_scripts_only(zed_interfaces)
[0.997s] DEBUG:colcon.colcon_core.event_handler.log_command:Invoked command in '/home/usman/ros2_ws/build/zed_interfaces' returned '0': CMAKE_PREFIX_PATH=${CMAKE_PREFIX_PATH}:/home/usman/ros2_ws/install/rgbd_pdf_exporter:/home/usman/ros2_ws/install/rgbd_converter:/home/usman/ros2_ws/install/pdf_to_matrix:/opt/ros/humble /usr/bin/cmake --install /home/usman/ros2_ws/build/zed_interfaces
[0.999s] Level 1:colcon.colcon_core.environment:checking '/home/usman/ros2_ws/install/zed_interfaces' for CMake module files
[1.000s] Level 1:colcon.colcon_core.environment:checking '/home/usman/ros2_ws/install/zed_interfaces' for CMake config files
[1.001s] Level 1:colcon.colcon_core.shell:create_environment_hook('zed_interfaces', 'cmake_prefix_path')
[1.001s] INFO:colcon.colcon_core.shell:Creating environment hook '/home/usman/ros2_ws/install/zed_interfaces/share/zed_interfaces/hook/cmake_prefix_path.ps1'
[1.002s] INFO:colcon.colcon_core.shell:Creating environment descriptor '/home/usman/ros2_ws/install/zed_interfaces/share/zed_interfaces/hook/cmake_prefix_path.dsv'
[1.002s] INFO:colcon.colcon_core.shell:Creating environment hook '/home/usman/ros2_ws/install/zed_interfaces/share/zed_interfaces/hook/cmake_prefix_path.sh'
[1.002s] Level 1:colcon.colcon_core.environment:checking '/home/usman/ros2_ws/install/zed_interfaces/lib'
[1.003s] Level 1:colcon.colcon_core.shell:create_environment_hook('zed_interfaces', 'ld_library_path_lib')
[1.003s] INFO:colcon.colcon_core.shell:Creating environment hook '/home/usman/ros2_ws/install/zed_interfaces/share/zed_interfaces/hook/ld_library_path_lib.ps1'
[1.003s] INFO:colcon.colcon_core.shell:Creating environment descriptor '/home/usman/ros2_ws/install/zed_interfaces/share/zed_interfaces/hook/ld_library_path_lib.dsv'
[1.003s] INFO:colcon.colcon_core.shell:Creating environment hook '/home/usman/ros2_ws/install/zed_interfaces/share/zed_interfaces/hook/ld_library_path_lib.sh'
[1.003s] Level 1:colcon.colcon_core.environment:checking '/home/usman/ros2_ws/install/zed_interfaces/bin'
[1.003s] Level 1:colcon.colcon_core.environment:checking '/home/usman/ros2_ws/install/zed_interfaces/lib/pkgconfig/zed_interfaces.pc'
[1.004s] Level 1:colcon.colcon_core.environment:checking '/home/usman/ros2_ws/install/zed_interfaces/lib/python3.10/site-packages'
[1.004s] Level 1:colcon.colcon_core.environment:checking '/home/usman/ros2_ws/install/zed_interfaces/bin'
[1.004s] INFO:colcon.colcon_core.shell:Creating package script '/home/usman/ros2_ws/install/zed_interfaces/share/zed_interfaces/package.ps1'
[1.004s] INFO:colcon.colcon_core.shell:Creating package descriptor '/home/usman/ros2_ws/install/zed_interfaces/share/zed_interfaces/package.dsv'
[1.005s] INFO:colcon.colcon_core.shell:Creating package script '/home/usman/ros2_ws/install/zed_interfaces/share/zed_interfaces/package.sh'
[1.005s] INFO:colcon.colcon_core.shell:Creating package script '/home/usman/ros2_ws/install/zed_interfaces/share/zed_interfaces/package.bash'
[1.006s] INFO:colcon.colcon_core.shell:Creating package script '/home/usman/ros2_ws/install/zed_interfaces/share/zed_interfaces/package.zsh'
[1.006s] Level 1:colcon.colcon_core.environment:create_file_with_runtime_dependencies(/home/usman/ros2_ws/install/zed_interfaces/share/colcon-core/packages/zed_interfaces)
[1.026s] Level 1:colcon.colcon_core.environment:checking '/home/usman/ros2_ws/install/rgbd_converter' for CMake module files
[1.026s] DEBUG:colcon.colcon_core.event_handler.log_command:Invoked command in '/home/usman/ros2_ws/src/rgbd_converter' returned '0': PYTHONPATH=/home/usman/ros2_ws/build/rgbd_converter/prefix_override:/usr/lib/python3/dist-packages/colcon_core/task/python/colcon_distutils_commands:/home/usman/ros2_ws/install/rgbd_converter/lib/python3.10/site-packages:${PYTHONPATH} /usr/bin/python3 -W ignore:setup.py install is deprecated setup.py egg_info --egg-base ../../build/rgbd_converter build --build-base /home/usman/ros2_ws/build/rgbd_converter/build install --record /home/usman/ros2_ws/build/rgbd_converter/install.log --single-version-externally-managed install_data
[1.026s] Level 1:colcon.colcon_core.environment:checking '/home/usman/ros2_ws/install/rgbd_converter' for CMake config files
[1.027s] Level 1:colcon.colcon_core.environment:checking '/home/usman/ros2_ws/install/rgbd_converter/lib'
[1.027s] Level 1:colcon.colcon_core.environment:checking '/home/usman/ros2_ws/install/rgbd_converter/bin'
[1.027s] Level 1:colcon.colcon_core.environment:checking '/home/usman/ros2_ws/install/rgbd_converter/lib/pkgconfig/rgbd_converter.pc'
[1.027s] Level 1:colcon.colcon_core.environment:checking '/home/usman/ros2_ws/install/rgbd_converter/lib/python3.10/site-packages'
[1.027s] Level 1:colcon.colcon_core.shell:create_environment_hook('rgbd_converter', 'pythonpath')
[1.027s] INFO:colcon.colcon_core.shell:Creating environment hook '/home/usman/ros2_ws/install/rgbd_converter/share/rgbd_converter/hook/pythonpath.ps1'
[1.027s] INFO:colcon.colcon_core.shell:Creating environment descriptor '/home/usman/ros2_ws/install/rgbd_converter/share/rgbd_converter/hook/pythonpath.dsv'
[1.027s] INFO:colcon.colcon_core.shell:Creating environment hook '/home/usman/ros2_ws/install/rgbd_converter/share/rgbd_converter/hook/pythonpath.sh'
[1.028s] Level 1:colcon.colcon_core.environment:checking '/home/usman/ros2_ws/install/rgbd_converter/bin'
[1.028s] Level 1:colcon.colcon_core.environment:create_environment_scripts_only(rgbd_converter)
[1.028s] INFO:colcon.colcon_core.shell:Creating package script '/home/usman/ros2_ws/install/rgbd_converter/share/rgbd_converter/package.ps1'
[1.028s] INFO:colcon.colcon_core.shell:Creating package descriptor '/home/usman/ros2_ws/install/rgbd_converter/share/rgbd_converter/package.dsv'
[1.028s] INFO:colcon.colcon_core.shell:Creating package script '/home/usman/ros2_ws/install/rgbd_converter/share/rgbd_converter/package.sh'
[1.029s] INFO:colcon.colcon_core.shell:Creating package script '/home/usman/ros2_ws/install/rgbd_converter/share/rgbd_converter/package.bash'
[1.029s] INFO:colcon.colcon_core.shell:Creating package script '/home/usman/ros2_ws/install/rgbd_converter/share/rgbd_converter/package.zsh'
[1.029s] Level 1:colcon.colcon_core.environment:create_file_with_runtime_dependencies(/home/usman/ros2_ws/install/rgbd_converter/share/colcon-core/packages/rgbd_converter)
[1.030s] Level 1:colcon.colcon_core.environment:checking '/home/usman/ros2_ws/install/rgbd_pdf_exporter' for CMake module files
[1.030s] DEBUG:colcon.colcon_core.event_handler.log_command:Invoked command in '/home/usman/ros2_ws/src/rgbd_pdf_exporter' returned '0': PYTHONPATH=/home/usman/ros2_ws/build/rgbd_pdf_exporter/prefix_override:/usr/lib/python3/dist-packages/colcon_core/task/python/colcon_distutils_commands:/home/usman/ros2_ws/install/rgbd_pdf_exporter/lib/python3.10/site-packages:${PYTHONPATH} /usr/bin/python3 -W ignore:setup.py install is deprecated setup.py egg_info --egg-base ../../build/rgbd_pdf_exporter build --build-base /home/usman/ros2_ws/build/rgbd_pdf_exporter/build install --record /home/usman/ros2_ws/build/rgbd_pdf_exporter/install.log --single-version-externally-managed install_data
[1.030s] Level 1:colcon.colcon_core.environment:checking '/home/usman/ros2_ws/install/rgbd_pdf_exporter' for CMake config files
[1.031s] Level 1:colcon.colcon_core.environment:checking '/home/usman/ros2_ws/install/rgbd_pdf_exporter/lib'
[1.031s] Level 1:colcon.colcon_core.environment:checking '/home/usman/ros2_ws/install/rgbd_pdf_exporter/bin'
[1.031s] Level 1:colcon.colcon_core.environment:checking '/home/usman/ros2_ws/install/rgbd_pdf_exporter/lib/pkgconfig/rgbd_pdf_exporter.pc'
[1.031s] Level 1:colcon.colcon_core.environment:checking '/home/usman/ros2_ws/install/rgbd_pdf_exporter/lib/python3.10/site-packages'
[1.031s] Level 1:colcon.colcon_core.shell:create_environment_hook('rgbd_pdf_exporter', 'pythonpath')
[1.031s] INFO:colcon.colcon_core.shell:Creating environment hook '/home/usman/ros2_ws/install/rgbd_pdf_exporter/share/rgbd_pdf_exporter/hook/pythonpath.ps1'
[1.031s] INFO:colcon.colcon_core.shell:Creating environment descriptor '/home/usman/ros2_ws/install/rgbd_pdf_exporter/share/rgbd_pdf_exporter/hook/pythonpath.dsv'
[1.031s] INFO:colcon.colcon_core.shell:Creating environment hook '/home/usman/ros2_ws/install/rgbd_pdf_exporter/share/rgbd_pdf_exporter/hook/pythonpath.sh'
[1.032s] Level 1:colcon.colcon_core.environment:checking '/home/usman/ros2_ws/install/rgbd_pdf_exporter/bin'
[1.032s] Level 1:colcon.colcon_core.environment:create_environment_scripts_only(rgbd_pdf_exporter)
[1.032s] INFO:colcon.colcon_core.shell:Creating package script '/home/usman/ros2_ws/install/rgbd_pdf_exporter/share/rgbd_pdf_exporter/package.ps1'
[1.032s] INFO:colcon.colcon_core.shell:Creating package descriptor '/home/usman/ros2_ws/install/rgbd_pdf_exporter/share/rgbd_pdf_exporter/package.dsv'
[1.032s] INFO:colcon.colcon_core.shell:Creating package script '/home/usman/ros2_ws/install/rgbd_pdf_exporter/share/rgbd_pdf_exporter/package.sh'
[1.033s] INFO:colcon.colcon_core.shell:Creating package script '/home/usman/ros2_ws/install/rgbd_pdf_exporter/share/rgbd_pdf_exporter/package.bash'
[1.033s] INFO:colcon.colcon_core.shell:Creating package script '/home/usman/ros2_ws/install/rgbd_pdf_exporter/share/rgbd_pdf_exporter/package.zsh'
[1.033s] Level 1:colcon.colcon_core.environment:create_file_with_runtime_dependencies(/home/usman/ros2_ws/install/rgbd_pdf_exporter/share/colcon-core/packages/rgbd_pdf_exporter)
[1.068s] Level 1:colcon.colcon_core.environment:checking '/home/usman/ros2_ws/install/pdf_to_matrix' for CMake module files
[1.068s] DEBUG:colcon.colcon_core.event_handler.log_command:Invoked command in '/home/usman/ros2_ws/src/pdf_to_matrix' returned '0': PYTHONPATH=/home/usman/ros2_ws/build/pdf_to_matrix/prefix_override:/usr/lib/python3/dist-packages/colcon_core/task/python/colcon_distutils_commands:/home/usman/ros2_ws/install/pdf_to_matrix/lib/python3.10/site-packages:${PYTHONPATH} /usr/bin/python3 -W ignore:setup.py install is deprecated setup.py egg_info --egg-base ../../build/pdf_to_matrix build --build-base /home/usman/ros2_ws/build/pdf_to_matrix/build install --record /home/usman/ros2_ws/build/pdf_to_matrix/install.log --single-version-externally-managed install_data
[1.069s] Level 1:colcon.colcon_core.environment:checking '/home/usman/ros2_ws/install/pdf_to_matrix' for CMake config files
[1.069s] Level 1:colcon.colcon_core.environment:checking '/home/usman/ros2_ws/install/pdf_to_matrix/lib'
[1.069s] Level 1:colcon.colcon_core.environment:checking '/home/usman/ros2_ws/install/pdf_to_matrix/bin'
[1.069s] Level 1:colcon.colcon_core.environment:checking '/home/usman/ros2_ws/install/pdf_to_matrix/lib/pkgconfig/pdf_to_matrix.pc'
[1.069s] Level 1:colcon.colcon_core.environment:checking '/home/usman/ros2_ws/install/pdf_to_matrix/lib/python3.10/site-packages'
[1.069s] Level 1:colcon.colcon_core.shell:create_environment_hook('pdf_to_matrix', 'pythonpath')
[1.069s] INFO:colcon.colcon_core.shell:Creating environment hook '/home/usman/ros2_ws/install/pdf_to_matrix/share/pdf_to_matrix/hook/pythonpath.ps1'
[1.069s] INFO:colcon.colcon_core.shell:Creating environment descriptor '/home/usman/ros2_ws/install/pdf_to_matrix/share/pdf_to_matrix/hook/pythonpath.dsv'
[1.070s] INFO:colcon.colcon_core.shell:Creating environment hook '/home/usman/ros2_ws/install/pdf_to_matrix/share/pdf_to_matrix/hook/pythonpath.sh'
[1.070s] Level 1:colcon.colcon_core.environment:checking '/home/usman/ros2_ws/install/pdf_to_matrix/bin'
[1.070s] Level 1:colcon.colcon_core.environment:create_environment_scripts_only(pdf_to_matrix)
[1.070s] INFO:colcon.colcon_core.shell:Creating package script '/home/usman/ros2_ws/install/pdf_to_matrix/share/pdf_to_matrix/package.ps1'
[1.070s] INFO:colcon.colcon_core.shell:Creating package descriptor '/home/usman/ros2_ws/install/pdf_to_matrix/share/pdf_to_matrix/package.dsv'
[1.071s] INFO:colcon.colcon_core.shell:Creating package script '/home/usman/ros2_ws/install/pdf_to_matrix/share/pdf_to_matrix/package.sh'
[1.071s] INFO:colcon.colcon_core.shell:Creating package script '/home/usman/ros2_ws/install/pdf_to_matrix/share/pdf_to_matrix/package.bash'
[1.071s] INFO:colcon.colcon_core.shell:Creating package script '/home/usman/ros2_ws/install/pdf_to_matrix/share/pdf_to_matrix/package.zsh'
[1.071s] Level 1:colcon.colcon_core.environment:create_file_with_runtime_dependencies(/home/usman/ros2_ws/install/pdf_to_matrix/share/colcon-core/packages/pdf_to_matrix)
[1.285s] Level 1:colcon.colcon_core.environment:create_environment_scripts_only(zed_interfaces)
[1.285s] Level 1:colcon.colcon_core.environment:checking '/home/usman/ros2_ws/install/zed_interfaces' for CMake module files
[1.286s] Level 1:colcon.colcon_core.environment:checking '/home/usman/ros2_ws/install/zed_interfaces' for CMake config files
[1.287s] Level 1:colcon.colcon_core.shell:create_environment_hook('zed_interfaces', 'cmake_prefix_path')
[1.287s] INFO:colcon.colcon_core.shell:Creating environment hook '/home/usman/ros2_ws/install/zed_interfaces/share/zed_interfaces/hook/cmake_prefix_path.ps1'
[1.287s] INFO:colcon.colcon_core.shell:Creating environment descriptor '/home/usman/ros2_ws/install/zed_interfaces/share/zed_interfaces/hook/cmake_prefix_path.dsv'
[1.287s] INFO:colcon.colcon_core.shell:Creating environment hook '/home/usman/ros2_ws/install/zed_interfaces/share/zed_interfaces/hook/cmake_prefix_path.sh'
[1.288s] Level 1:colcon.colcon_core.environment:checking '/home/usman/ros2_ws/install/zed_interfaces/lib'
[1.288s] Level 1:colcon.colcon_core.shell:create_environment_hook('zed_interfaces', 'ld_library_path_lib')
[1.288s] INFO:colcon.colcon_core.shell:Creating environment hook '/home/usman/ros2_ws/install/zed_interfaces/share/zed_interfaces/hook/ld_library_path_lib.ps1'
[1.288s] INFO:colcon.colcon_core.shell:Creating environment descriptor '/home/usman/ros2_ws/install/zed_interfaces/share/zed_interfaces/hook/ld_library_path_lib.dsv'
[1.288s] INFO:colcon.colcon_core.shell:Creating environment hook '/home/usman/ros2_ws/install/zed_interfaces/share/zed_interfaces/hook/ld_library_path_lib.sh'
[1.289s] Level 1:colcon.colcon_core.environment:checking '/home/usman/ros2_ws/install/zed_interfaces/bin'
[1.289s] Level 1:colcon.colcon_core.environment:checking '/home/usman/ros2_ws/install/zed_interfaces/lib/pkgconfig/zed_interfaces.pc'
[1.289s] Level 1:colcon.colcon_core.environment:checking '/home/usman/ros2_ws/install/zed_interfaces/lib/python3.10/site-packages'
[1.289s] Level 1:colcon.colcon_core.environment:checking '/home/usman/ros2_ws/install/zed_interfaces/bin'
[1.289s] INFO:colcon.colcon_core.shell:Creating package script '/home/usman/ros2_ws/install/zed_interfaces/share/zed_interfaces/package.ps1'
[1.289s] INFO:colcon.colcon_core.shell:Creating package descriptor '/home/usman/ros2_ws/install/zed_interfaces/share/zed_interfaces/package.dsv'
[1.290s] INFO:colcon.colcon_core.shell:Creating package script '/home/usman/ros2_ws/install/zed_interfaces/share/zed_interfaces/package.sh'
[1.290s] INFO:colcon.colcon_core.shell:Creating package script '/home/usman/ros2_ws/install/zed_interfaces/share/zed_interfaces/package.bash'
[1.290s] INFO:colcon.colcon_core.shell:Creating package script '/home/usman/ros2_ws/install/zed_interfaces/share/zed_interfaces/package.zsh'
[1.291s] Level 1:colcon.colcon_core.environment:create_file_with_runtime_dependencies(/home/usman/ros2_ws/install/zed_interfaces/share/colcon-core/packages/zed_interfaces)
[1.291s] INFO:colcon.colcon_ros.task.ament_cmake.build:Building ROS package in '/home/usman/ros2_ws/src/zed-ros2-wrapper/zed_components' with build type 'ament_cmake'
[1.291s] INFO:colcon.colcon_cmake.task.cmake.build:Building CMake package in '/home/usman/ros2_ws/src/zed-ros2-wrapper/zed_components'
[1.291s] INFO:colcon.colcon_core.shell:Skip shell extension 'powershell' for command environment: Not usable outside of PowerShell
[1.291s] DEBUG:colcon.colcon_core.shell:Skip shell extension 'dsv' for command environment
[1.298s] DEBUG:colcon.colcon_core.event_handler.log_command:Invoking command in '/home/usman/ros2_ws/build/zed_components': CMAKE_PREFIX_PATH=/home/usman/ros2_ws/install/zed_interfaces:/home/usman/ros2_ws/install/zed_ros2:/home/usman/ros2_ws/install/zed_wrapper:/home/usman/ros2_ws/install/zed_components:/home/usman/ros2_ws/install/rgbd_pdf_exporter:/home/usman/ros2_ws/install/rgbd_converter:/home/usman/ros2_ws/install/pdf_to_matrix:/opt/ros/humble LD_LIBRARY_PATH=/home/usman/ros2_ws/install/zed_interfaces/lib:/home/usman/ros2_ws/install/zed_components/lib:/opt/ros/humble/opt/rviz_ogre_vendor/lib:/opt/ros/humble/lib/x86_64-linux-gnu:/opt/ros/humble/lib /usr/bin/cmake --build /home/usman/ros2_ws/build/zed_components -- -j16 -l16
[1.354s] DEBUG:colcon.colcon_core.event_handler.log_command:Invoked command in '/home/usman/ros2_ws/build/zed_components' returned '0': CMAKE_PREFIX_PATH=/home/usman/ros2_ws/install/zed_interfaces:/home/usman/ros2_ws/install/zed_ros2:/home/usman/ros2_ws/install/zed_wrapper:/home/usman/ros2_ws/install/zed_components:/home/usman/ros2_ws/install/rgbd_pdf_exporter:/home/usman/ros2_ws/install/rgbd_converter:/home/usman/ros2_ws/install/pdf_to_matrix:/opt/ros/humble LD_LIBRARY_PATH=/home/usman/ros2_ws/install/zed_interfaces/lib:/home/usman/ros2_ws/install/zed_components/lib:/opt/ros/humble/opt/rviz_ogre_vendor/lib:/opt/ros/humble/lib/x86_64-linux-gnu:/opt/ros/humble/lib /usr/bin/cmake --build /home/usman/ros2_ws/build/zed_components -- -j16 -l16
[1.377s] DEBUG:colcon.colcon_core.event_handler.log_command:Invoking command in '/home/usman/ros2_ws/build/zed_components': CMAKE_PREFIX_PATH=/home/usman/ros2_ws/install/zed_interfaces:/home/usman/ros2_ws/install/zed_ros2:/home/usman/ros2_ws/install/zed_wrapper:/home/usman/ros2_ws/install/zed_components:/home/usman/ros2_ws/install/rgbd_pdf_exporter:/home/usman/ros2_ws/install/rgbd_converter:/home/usman/ros2_ws/install/pdf_to_matrix:/opt/ros/humble LD_LIBRARY_PATH=/home/usman/ros2_ws/install/zed_interfaces/lib:/home/usman/ros2_ws/install/zed_components/lib:/opt/ros/humble/opt/rviz_ogre_vendor/lib:/opt/ros/humble/lib/x86_64-linux-gnu:/opt/ros/humble/lib /usr/bin/cmake --install /home/usman/ros2_ws/build/zed_components
[1.391s] Level 1:colcon.colcon_core.environment:create_environment_scripts_only(zed_components)
[1.391s] Level 1:colcon.colcon_core.environment:checking '/home/usman/ros2_ws/install/zed_components' for CMake module files
[1.391s] DEBUG:colcon.colcon_core.event_handler.log_command:Invoked command in '/home/usman/ros2_ws/build/zed_components' returned '0': CMAKE_PREFIX_PATH=/home/usman/ros2_ws/install/zed_interfaces:/home/usman/ros2_ws/install/zed_ros2:/home/usman/ros2_ws/install/zed_wrapper:/home/usman/ros2_ws/install/zed_components:/home/usman/ros2_ws/install/rgbd_pdf_exporter:/home/usman/ros2_ws/install/rgbd_converter:/home/usman/ros2_ws/install/pdf_to_matrix:/opt/ros/humble LD_LIBRARY_PATH=/home/usman/ros2_ws/install/zed_interfaces/lib:/home/usman/ros2_ws/install/zed_components/lib:/opt/ros/humble/opt/rviz_ogre_vendor/lib:/opt/ros/humble/lib/x86_64-linux-gnu:/opt/ros/humble/lib /usr/bin/cmake --install /home/usman/ros2_ws/build/zed_components
[1.392s] Level 1:colcon.colcon_core.environment:checking '/home/usman/ros2_ws/install/zed_components' for CMake config files
[1.392s] Level 1:colcon.colcon_core.shell:create_environment_hook('zed_components', 'cmake_prefix_path')
[1.392s] INFO:colcon.colcon_core.shell:Creating environment hook '/home/usman/ros2_ws/install/zed_components/share/zed_components/hook/cmake_prefix_path.ps1'
[1.393s] INFO:colcon.colcon_core.shell:Creating environment descriptor '/home/usman/ros2_ws/install/zed_components/share/zed_components/hook/cmake_prefix_path.dsv'
[1.393s] INFO:colcon.colcon_core.shell:Creating environment hook '/home/usman/ros2_ws/install/zed_components/share/zed_components/hook/cmake_prefix_path.sh'
[1.393s] Level 1:colcon.colcon_core.environment:checking '/home/usman/ros2_ws/install/zed_components/lib'
[1.393s] Level 1:colcon.colcon_core.shell:create_environment_hook('zed_components', 'ld_library_path_lib')
[1.393s] INFO:colcon.colcon_core.shell:Creating environment hook '/home/usman/ros2_ws/install/zed_components/share/zed_components/hook/ld_library_path_lib.ps1'
[1.394s] INFO:colcon.colcon_core.shell:Creating environment descriptor '/home/usman/ros2_ws/install/zed_components/share/zed_components/hook/ld_library_path_lib.dsv'
[1.394s] INFO:colcon.colcon_core.shell:Creating environment hook '/home/usman/ros2_ws/install/zed_components/share/zed_components/hook/ld_library_path_lib.sh'
[1.394s] Level 1:colcon.colcon_core.environment:checking '/home/usman/ros2_ws/install/zed_components/bin'
[1.394s] Level 1:colcon.colcon_core.environment:checking '/home/usman/ros2_ws/install/zed_components/lib/pkgconfig/zed_components.pc'
[1.394s] Level 1:colcon.colcon_core.environment:checking '/home/usman/ros2_ws/install/zed_components/lib/python3.10/site-packages'
[1.394s] Level 1:colcon.colcon_core.environment:checking '/home/usman/ros2_ws/install/zed_components/bin'
[1.395s] INFO:colcon.colcon_core.shell:Creating package script '/home/usman/ros2_ws/install/zed_components/share/zed_components/package.ps1'
[1.395s] INFO:colcon.colcon_core.shell:Creating package descriptor '/home/usman/ros2_ws/install/zed_components/share/zed_components/package.dsv'
[1.395s] INFO:colcon.colcon_core.shell:Creating package script '/home/usman/ros2_ws/install/zed_components/share/zed_components/package.sh'
[1.396s] INFO:colcon.colcon_core.shell:Creating package script '/home/usman/ros2_ws/install/zed_components/share/zed_components/package.bash'
[1.396s] INFO:colcon.colcon_core.shell:Creating package script '/home/usman/ros2_ws/install/zed_components/share/zed_components/package.zsh'
[1.396s] Level 1:colcon.colcon_core.environment:create_file_with_runtime_dependencies(/home/usman/ros2_ws/install/zed_components/share/colcon-core/packages/zed_components)
[1.418s] Level 1:colcon.colcon_core.environment:create_environment_scripts_only(zed_components)
[1.418s] Level 1:colcon.colcon_core.environment:checking '/home/usman/ros2_ws/install/zed_components' for CMake module files
[1.419s] Level 1:colcon.colcon_core.environment:checking '/home/usman/ros2_ws/install/zed_components' for CMake config files
[1.419s] Level 1:colcon.colcon_core.shell:create_environment_hook('zed_components', 'cmake_prefix_path')
[1.419s] INFO:colcon.colcon_core.shell:Creating environment hook '/home/usman/ros2_ws/install/zed_components/share/zed_components/hook/cmake_prefix_path.ps1'
[1.419s] INFO:colcon.colcon_core.shell:Creating environment descriptor '/home/usman/ros2_ws/install/zed_components/share/zed_components/hook/cmake_prefix_path.dsv'
[1.419s] INFO:colcon.colcon_core.shell:Creating environment hook '/home/usman/ros2_ws/install/zed_components/share/zed_components/hook/cmake_prefix_path.sh'
[1.420s] Level 1:colcon.colcon_core.environment:checking '/home/usman/ros2_ws/install/zed_components/lib'
[1.420s] Level 1:colcon.colcon_core.shell:create_environment_hook('zed_components', 'ld_library_path_lib')
[1.420s] INFO:colcon.colcon_core.shell:Creating environment hook '/home/usman/ros2_ws/install/zed_components/share/zed_components/hook/ld_library_path_lib.ps1'
[1.420s] INFO:colcon.colcon_core.shell:Creating environment descriptor '/home/usman/ros2_ws/install/zed_components/share/zed_components/hook/ld_library_path_lib.dsv'
[1.420s] INFO:colcon.colcon_core.shell:Creating environment hook '/home/usman/ros2_ws/install/zed_components/share/zed_components/hook/ld_library_path_lib.sh'
[1.421s] Level 1:colcon.colcon_core.environment:checking '/home/usman/ros2_ws/install/zed_components/bin'
[1.421s] Level 1:colcon.colcon_core.environment:checking '/home/usman/ros2_ws/install/zed_components/lib/pkgconfig/zed_components.pc'
[1.421s] Level 1:colcon.colcon_core.environment:checking '/home/usman/ros2_ws/install/zed_components/lib/python3.10/site-packages'
[1.421s] Level 1:colcon.colcon_core.environment:checking '/home/usman/ros2_ws/install/zed_components/bin'
[1.421s] INFO:colcon.colcon_core.shell:Creating package script '/home/usman/ros2_ws/install/zed_components/share/zed_components/package.ps1'
[1.421s] INFO:colcon.colcon_core.shell:Creating package descriptor '/home/usman/ros2_ws/install/zed_components/share/zed_components/package.dsv'
[1.422s] INFO:colcon.colcon_core.shell:Creating package script '/home/usman/ros2_ws/install/zed_components/share/zed_components/package.sh'
[1.422s] INFO:colcon.colcon_core.shell:Creating package script '/home/usman/ros2_ws/install/zed_components/share/zed_components/package.bash'
[1.422s] INFO:colcon.colcon_core.shell:Creating package script '/home/usman/ros2_ws/install/zed_components/share/zed_components/package.zsh'
[1.422s] Level 1:colcon.colcon_core.environment:create_file_with_runtime_dependencies(/home/usman/ros2_ws/install/zed_components/share/colcon-core/packages/zed_components)
[1.422s] INFO:colcon.colcon_ros.task.ament_cmake.build:Building ROS package in '/home/usman/ros2_ws/src/zed-ros2-wrapper/zed_wrapper' with build type 'ament_cmake'
[1.422s] INFO:colcon.colcon_cmake.task.cmake.build:Building CMake package in '/home/usman/ros2_ws/src/zed-ros2-wrapper/zed_wrapper'
[1.423s] INFO:colcon.colcon_core.shell:Skip shell extension 'powershell' for command environment: Not usable outside of PowerShell
[1.423s] DEBUG:colcon.colcon_core.shell:Skip shell extension 'dsv' for command environment
[1.430s] DEBUG:colcon.colcon_core.event_handler.log_command:Invoking command in '/home/usman/ros2_ws/build/zed_wrapper': CMAKE_PREFIX_PATH=/home/usman/ros2_ws/install/zed_components:/home/usman/ros2_ws/install/zed_interfaces:/home/usman/ros2_ws/install/zed_ros2:/home/usman/ros2_ws/install/zed_wrapper:/home/usman/ros2_ws/install/rgbd_pdf_exporter:/home/usman/ros2_ws/install/rgbd_converter:/home/usman/ros2_ws/install/pdf_to_matrix:/opt/ros/humble /usr/bin/cmake --build /home/usman/ros2_ws/build/zed_wrapper -- -j16 -l16
[1.482s] DEBUG:colcon.colcon_core.event_handler.log_command:Invoked command in '/home/usman/ros2_ws/build/zed_wrapper' returned '0': CMAKE_PREFIX_PATH=/home/usman/ros2_ws/install/zed_components:/home/usman/ros2_ws/install/zed_interfaces:/home/usman/ros2_ws/install/zed_ros2:/home/usman/ros2_ws/install/zed_wrapper:/home/usman/ros2_ws/install/rgbd_pdf_exporter:/home/usman/ros2_ws/install/rgbd_converter:/home/usman/ros2_ws/install/pdf_to_matrix:/opt/ros/humble /usr/bin/cmake --build /home/usman/ros2_ws/build/zed_wrapper -- -j16 -l16
[1.499s] DEBUG:colcon.colcon_core.event_handler.log_command:Invoking command in '/home/usman/ros2_ws/build/zed_wrapper': CMAKE_PREFIX_PATH=/home/usman/ros2_ws/install/zed_components:/home/usman/ros2_ws/install/zed_interfaces:/home/usman/ros2_ws/install/zed_ros2:/home/usman/ros2_ws/install/zed_wrapper:/home/usman/ros2_ws/install/rgbd_pdf_exporter:/home/usman/ros2_ws/install/rgbd_converter:/home/usman/ros2_ws/install/pdf_to_matrix:/opt/ros/humble /usr/bin/cmake --install /home/usman/ros2_ws/build/zed_wrapper
[1.513s] Level 1:colcon.colcon_core.environment:create_environment_scripts_only(zed_wrapper)
[1.513s] DEBUG:colcon.colcon_core.event_handler.log_command:Invoked command in '/home/usman/ros2_ws/build/zed_wrapper' returned '0': CMAKE_PREFIX_PATH=/home/usman/ros2_ws/install/zed_components:/home/usman/ros2_ws/install/zed_interfaces:/home/usman/ros2_ws/install/zed_ros2:/home/usman/ros2_ws/install/zed_wrapper:/home/usman/ros2_ws/install/rgbd_pdf_exporter:/home/usman/ros2_ws/install/rgbd_converter:/home/usman/ros2_ws/install/pdf_to_matrix:/opt/ros/humble /usr/bin/cmake --install /home/usman/ros2_ws/build/zed_wrapper
[1.513s] Level 1:colcon.colcon_core.environment:checking '/home/usman/ros2_ws/install/zed_wrapper' for CMake module files
[1.514s] Level 1:colcon.colcon_core.environment:checking '/home/usman/ros2_ws/install/zed_wrapper' for CMake config files
[1.514s] Level 1:colcon.colcon_core.shell:create_environment_hook('zed_wrapper', 'cmake_prefix_path')
[1.514s] INFO:colcon.colcon_core.shell:Creating environment hook '/home/usman/ros2_ws/install/zed_wrapper/share/zed_wrapper/hook/cmake_prefix_path.ps1'
[1.515s] INFO:colcon.colcon_core.shell:Creating environment descriptor '/home/usman/ros2_ws/install/zed_wrapper/share/zed_wrapper/hook/cmake_prefix_path.dsv'
[1.515s] INFO:colcon.colcon_core.shell:Creating environment hook '/home/usman/ros2_ws/install/zed_wrapper/share/zed_wrapper/hook/cmake_prefix_path.sh'
[1.515s] Level 1:colcon.colcon_core.environment:checking '/home/usman/ros2_ws/install/zed_wrapper/lib'
[1.515s] Level 1:colcon.colcon_core.environment:checking '/home/usman/ros2_ws/install/zed_wrapper/bin'
[1.515s] Level 1:colcon.colcon_core.environment:checking '/home/usman/ros2_ws/install/zed_wrapper/lib/pkgconfig/zed_wrapper.pc'
[1.515s] Level 1:colcon.colcon_core.environment:checking '/home/usman/ros2_ws/install/zed_wrapper/lib/python3.10/site-packages'
[1.516s] Level 1:colcon.colcon_core.environment:checking '/home/usman/ros2_ws/install/zed_wrapper/bin'
[1.516s] INFO:colcon.colcon_core.shell:Creating package script '/home/usman/ros2_ws/install/zed_wrapper/share/zed_wrapper/package.ps1'
[1.516s] INFO:colcon.colcon_core.shell:Creating package descriptor '/home/usman/ros2_ws/install/zed_wrapper/share/zed_wrapper/package.dsv'
[1.516s] INFO:colcon.colcon_core.shell:Creating package script '/home/usman/ros2_ws/install/zed_wrapper/share/zed_wrapper/package.sh'
[1.517s] INFO:colcon.colcon_core.shell:Creating package script '/home/usman/ros2_ws/install/zed_wrapper/share/zed_wrapper/package.bash'
[1.517s] INFO:colcon.colcon_core.shell:Creating package script '/home/usman/ros2_ws/install/zed_wrapper/share/zed_wrapper/package.zsh'
[1.517s] Level 1:colcon.colcon_core.environment:create_file_with_runtime_dependencies(/home/usman/ros2_ws/install/zed_wrapper/share/colcon-core/packages/zed_wrapper)
[1.534s] Level 1:colcon.colcon_core.environment:create_environment_scripts_only(zed_wrapper)
[1.534s] Level 1:colcon.colcon_core.environment:checking '/home/usman/ros2_ws/install/zed_wrapper' for CMake module files
[1.534s] Level 1:colcon.colcon_core.environment:checking '/home/usman/ros2_ws/install/zed_wrapper' for CMake config files
[1.535s] Level 1:colcon.colcon_core.shell:create_environment_hook('zed_wrapper', 'cmake_prefix_path')
[1.535s] INFO:colcon.colcon_core.shell:Creating environment hook '/home/usman/ros2_ws/install/zed_wrapper/share/zed_wrapper/hook/cmake_prefix_path.ps1'
[1.535s] INFO:colcon.colcon_core.shell:Creating environment descriptor '/home/usman/ros2_ws/install/zed_wrapper/share/zed_wrapper/hook/cmake_prefix_path.dsv'
[1.535s] INFO:colcon.colcon_core.shell:Creating environment hook '/home/usman/ros2_ws/install/zed_wrapper/share/zed_wrapper/hook/cmake_prefix_path.sh'
[1.536s] Level 1:colcon.colcon_core.environment:checking '/home/usman/ros2_ws/install/zed_wrapper/lib'
[1.536s] Level 1:colcon.colcon_core.environment:checking '/home/usman/ros2_ws/install/zed_wrapper/bin'
[1.536s] Level 1:colcon.colcon_core.environment:checking '/home/usman/ros2_ws/install/zed_wrapper/lib/pkgconfig/zed_wrapper.pc'
[1.536s] Level 1:colcon.colcon_core.environment:checking '/home/usman/ros2_ws/install/zed_wrapper/lib/python3.10/site-packages'
[1.536s] Level 1:colcon.colcon_core.environment:checking '/home/usman/ros2_ws/install/zed_wrapper/bin'
[1.536s] INFO:colcon.colcon_core.shell:Creating package script '/home/usman/ros2_ws/install/zed_wrapper/share/zed_wrapper/package.ps1'
[1.537s] INFO:colcon.colcon_core.shell:Creating package descriptor '/home/usman/ros2_ws/install/zed_wrapper/share/zed_wrapper/package.dsv'
[1.537s] INFO:colcon.colcon_core.shell:Creating package script '/home/usman/ros2_ws/install/zed_wrapper/share/zed_wrapper/package.sh'
[1.537s] INFO:colcon.colcon_core.shell:Creating package script '/home/usman/ros2_ws/install/zed_wrapper/share/zed_wrapper/package.bash'
[1.537s] INFO:colcon.colcon_core.shell:Creating package script '/home/usman/ros2_ws/install/zed_wrapper/share/zed_wrapper/package.zsh'
[1.538s] Level 1:colcon.colcon_core.environment:create_file_with_runtime_dependencies(/home/usman/ros2_ws/install/zed_wrapper/share/colcon-core/packages/zed_wrapper)
[1.538s] INFO:colcon.colcon_ros.task.ament_cmake.build:Building ROS package in '/home/usman/ros2_ws/src/zed-ros2-wrapper/zed_ros2' with build type 'ament_cmake'
[1.538s] INFO:colcon.colcon_cmake.task.cmake.build:Building CMake package in '/home/usman/ros2_ws/src/zed-ros2-wrapper/zed_ros2'
[1.538s] INFO:colcon.colcon_core.shell:Skip shell extension 'powershell' for command environment: Not usable outside of PowerShell
[1.538s] DEBUG:colcon.colcon_core.shell:Skip shell extension 'dsv' for command environment
[1.546s] DEBUG:colcon.colcon_core.event_handler.log_command:Invoking command in '/home/usman/ros2_ws/build/zed_ros2': CMAKE_PREFIX_PATH=/home/usman/ros2_ws/install/zed_wrapper:/home/usman/ros2_ws/install/zed_components:/home/usman/ros2_ws/install/zed_interfaces:/home/usman/ros2_ws/install/zed_ros2:/home/usman/ros2_ws/install/rgbd_pdf_exporter:/home/usman/ros2_ws/install/rgbd_converter:/home/usman/ros2_ws/install/pdf_to_matrix:/opt/ros/humble /usr/bin/cmake --build /home/usman/ros2_ws/build/zed_ros2 -- -j16 -l16
[1.569s] DEBUG:colcon.colcon_core.event_handler.log_command:Invoked command in '/home/usman/ros2_ws/build/zed_ros2' returned '0': CMAKE_PREFIX_PATH=/home/usman/ros2_ws/install/zed_wrapper:/home/usman/ros2_ws/install/zed_components:/home/usman/ros2_ws/install/zed_interfaces:/home/usman/ros2_ws/install/zed_ros2:/home/usman/ros2_ws/install/rgbd_pdf_exporter:/home/usman/ros2_ws/install/rgbd_converter:/home/usman/ros2_ws/install/pdf_to_matrix:/opt/ros/humble /usr/bin/cmake --build /home/usman/ros2_ws/build/zed_ros2 -- -j16 -l16
[1.583s] DEBUG:colcon.colcon_core.event_handler.log_command:Invoking command in '/home/usman/ros2_ws/build/zed_ros2': CMAKE_PREFIX_PATH=/home/usman/ros2_ws/install/zed_wrapper:/home/usman/ros2_ws/install/zed_components:/home/usman/ros2_ws/install/zed_interfaces:/home/usman/ros2_ws/install/zed_ros2:/home/usman/ros2_ws/install/rgbd_pdf_exporter:/home/usman/ros2_ws/install/rgbd_converter:/home/usman/ros2_ws/install/pdf_to_matrix:/opt/ros/humble /usr/bin/cmake --install /home/usman/ros2_ws/build/zed_ros2
[1.596s] Level 1:colcon.colcon_core.environment:create_environment_scripts_only(zed_ros2)
[1.596s] Level 1:colcon.colcon_core.environment:checking '/home/usman/ros2_ws/install/zed_ros2' for CMake module files
[1.596s] DEBUG:colcon.colcon_core.event_handler.log_command:Invoked command in '/home/usman/ros2_ws/build/zed_ros2' returned '0': CMAKE_PREFIX_PATH=/home/usman/ros2_ws/install/zed_wrapper:/home/usman/ros2_ws/install/zed_components:/home/usman/ros2_ws/install/zed_interfaces:/home/usman/ros2_ws/install/zed_ros2:/home/usman/ros2_ws/install/rgbd_pdf_exporter:/home/usman/ros2_ws/install/rgbd_converter:/home/usman/ros2_ws/install/pdf_to_matrix:/opt/ros/humble /usr/bin/cmake --install /home/usman/ros2_ws/build/zed_ros2
[1.596s] Level 1:colcon.colcon_core.environment:checking '/home/usman/ros2_ws/install/zed_ros2' for CMake config files
[1.597s] Level 1:colcon.colcon_core.shell:create_environment_hook('zed_ros2', 'cmake_prefix_path')
[1.597s] INFO:colcon.colcon_core.shell:Creating environment hook '/home/usman/ros2_ws/install/zed_ros2/share/zed_ros2/hook/cmake_prefix_path.ps1'
[1.597s] INFO:colcon.colcon_core.shell:Creating environment descriptor '/home/usman/ros2_ws/install/zed_ros2/share/zed_ros2/hook/cmake_prefix_path.dsv'
[1.597s] INFO:colcon.colcon_core.shell:Creating environment hook '/home/usman/ros2_ws/install/zed_ros2/share/zed_ros2/hook/cmake_prefix_path.sh'
[1.598s] Level 1:colcon.colcon_core.environment:checking '/home/usman/ros2_ws/install/zed_ros2/bin'
[1.598s] Level 1:colcon.colcon_core.environment:checking '/home/usman/ros2_ws/install/zed_ros2/lib/pkgconfig/zed_ros2.pc'
[1.598s] Level 1:colcon.colcon_core.environment:checking '/home/usman/ros2_ws/install/zed_ros2/lib/python3.10/site-packages'
[1.598s] Level 1:colcon.colcon_core.environment:checking '/home/usman/ros2_ws/install/zed_ros2/bin'
[1.598s] INFO:colcon.colcon_core.shell:Creating package script '/home/usman/ros2_ws/install/zed_ros2/share/zed_ros2/package.ps1'
[1.598s] INFO:colcon.colcon_core.shell:Creating package descriptor '/home/usman/ros2_ws/install/zed_ros2/share/zed_ros2/package.dsv'
[1.599s] INFO:colcon.colcon_core.shell:Creating package script '/home/usman/ros2_ws/install/zed_ros2/share/zed_ros2/package.sh'
[1.599s] INFO:colcon.colcon_core.shell:Creating package script '/home/usman/ros2_ws/install/zed_ros2/share/zed_ros2/package.bash'
[1.599s] INFO:colcon.colcon_core.shell:Creating package script '/home/usman/ros2_ws/install/zed_ros2/share/zed_ros2/package.zsh'
[1.599s] Level 1:colcon.colcon_core.environment:create_file_with_runtime_dependencies(/home/usman/ros2_ws/install/zed_ros2/share/colcon-core/packages/zed_ros2)
[1.613s] Level 1:colcon.colcon_core.environment:create_environment_scripts_only(zed_ros2)
[1.613s] Level 1:colcon.colcon_core.environment:checking '/home/usman/ros2_ws/install/zed_ros2' for CMake module files
[1.614s] Level 1:colcon.colcon_core.environment:checking '/home/usman/ros2_ws/install/zed_ros2' for CMake config files
[1.614s] Level 1:colcon.colcon_core.shell:create_environment_hook('zed_ros2', 'cmake_prefix_path')
[1.614s] INFO:colcon.colcon_core.shell:Creating environment hook '/home/usman/ros2_ws/install/zed_ros2/share/zed_ros2/hook/cmake_prefix_path.ps1'
[1.614s] INFO:colcon.colcon_core.shell:Creating environment descriptor '/home/usman/ros2_ws/install/zed_ros2/share/zed_ros2/hook/cmake_prefix_path.dsv'
[1.615s] INFO:colcon.colcon_core.shell:Creating environment hook '/home/usman/ros2_ws/install/zed_ros2/share/zed_ros2/hook/cmake_prefix_path.sh'
[1.615s] Level 1:colcon.colcon_core.environment:checking '/home/usman/ros2_ws/install/zed_ros2/bin'
[1.615s] Level 1:colcon.colcon_core.environment:checking '/home/usman/ros2_ws/install/zed_ros2/lib/pkgconfig/zed_ros2.pc'
[1.615s] Level 1:colcon.colcon_core.environment:checking '/home/usman/ros2_ws/install/zed_ros2/lib/python3.10/site-packages'
[1.615s] Level 1:colcon.colcon_core.environment:checking '/home/usman/ros2_ws/install/zed_ros2/bin'
[1.615s] INFO:colcon.colcon_core.shell:Creating package script '/home/usman/ros2_ws/install/zed_ros2/share/zed_ros2/package.ps1'
[1.616s] INFO:colcon.colcon_core.shell:Creating package descriptor '/home/usman/ros2_ws/install/zed_ros2/share/zed_ros2/package.dsv'
[1.616s] INFO:colcon.colcon_core.shell:Creating package script '/home/usman/ros2_ws/install/zed_ros2/share/zed_ros2/package.sh'
[1.616s] INFO:colcon.colcon_core.shell:Creating package script '/home/usman/ros2_ws/install/zed_ros2/share/zed_ros2/package.bash'
[1.617s] INFO:colcon.colcon_core.shell:Creating package script '/home/usman/ros2_ws/install/zed_ros2/share/zed_ros2/package.zsh'
[1.617s] Level 1:colcon.colcon_core.environment:create_file_with_runtime_dependencies(/home/usman/ros2_ws/install/zed_ros2/share/colcon-core/packages/zed_ros2)
[1.617s] DEBUG:colcon.colcon_parallel_executor.executor.parallel:closing loop
[1.617s] DEBUG:colcon.colcon_parallel_executor.executor.parallel:loop closed
[1.617s] DEBUG:colcon.colcon_parallel_executor.executor.parallel:run_until_complete finished with '0'
[1.617s] DEBUG:colcon.colcon_core.event_reactor:joining thread
[1.620s] INFO:colcon.colcon_core.plugin_system:Skipping extension 'colcon_notification.desktop_notification.terminal_notifier': Not used on non-Darwin systems
[1.620s] INFO:colcon.colcon_core.plugin_system:Skipping extension 'colcon_notification.desktop_notification.win32': Not used on non-Windows systems
[1.620s] INFO:colcon.colcon_notification.desktop_notification:Sending desktop notification using 'notify2'
[1.627s] DEBUG:colcon.colcon_core.event_reactor:joined thread
[1.627s] INFO:colcon.colcon_core.shell:Creating prefix script '/home/usman/ros2_ws/install/local_setup.ps1'
[1.628s] INFO:colcon.colcon_core.shell:Creating prefix util module '/home/usman/ros2_ws/install/_local_setup_util_ps1.py'
[1.629s] INFO:colcon.colcon_core.shell:Creating prefix chain script '/home/usman/ros2_ws/install/setup.ps1'
[1.629s] INFO:colcon.colcon_core.shell:Creating prefix script '/home/usman/ros2_ws/install/local_setup.sh'
[1.630s] INFO:colcon.colcon_core.shell:Creating prefix util module '/home/usman/ros2_ws/install/_local_setup_util_sh.py'
[1.630s] INFO:colcon.colcon_core.shell:Creating prefix chain script '/home/usman/ros2_ws/install/setup.sh'
[1.631s] INFO:colcon.colcon_core.shell:Creating prefix script '/home/usman/ros2_ws/install/local_setup.bash'
[1.631s] INFO:colcon.colcon_core.shell:Creating prefix chain script '/home/usman/ros2_ws/install/setup.bash'
[1.632s] INFO:colcon.colcon_core.shell:Creating prefix script '/home/usman/ros2_ws/install/local_setup.zsh'
[1.632s] INFO:colcon.colcon_core.shell:Creating prefix chain script '/home/usman/ros2_ws/install/setup.zsh'
