[0.007s] Invoking command in '/home/usman/ros2_ws/build/zed_wrapper': CMAKE_PREFIX_PATH=/home/usman/ros2_ws/install/zed_components:/home/usman/ros2_ws/install/zed_interfaces:/home/usman/ros2_ws/install/zed_ros2:/home/usman/ros2_ws/install/zed_wrapper:/opt/ros/humble /usr/bin/cmake /home/usman/ros2_ws/src/zed-ros2-wrapper/zed_wrapper -DCMAKE_INSTALL_PREFIX=/home/usman/ros2_ws/install/zed_wrapper
[0.039s] -- Found CUDA: /usr/local/cuda (found suitable version "12.1", minimum required is "12") 
[0.069s] -- Found CUDA: /usr/local/cuda (found version "12.1") 
[0.070s] -- Found ament_cmake_auto: 1.3.9 (/opt/ros/humble/share/ament_cmake_auto/cmake)
[0.138s] -- Override CMake install command with custom implementation using symlinks instead of copying resources
[0.192s] -- Found rosidl_generator_c: 3.1.5 (/opt/ros/humble/share/rosidl_generator_c/cmake)
[0.193s] -- Found rosidl_adapter: 3.1.5 (/opt/ros/humble/share/rosidl_adapter/cmake)
[0.197s] -- Found rosidl_generator_cpp: 3.1.5 (/opt/ros/humble/share/rosidl_generator_cpp/cmake)
[0.203s] -- Using all available rosidl_typesupport_c: rosidl_typesupport_fastrtps_c;rosidl_typesupport_introspection_c
[0.212s] -- Using all available rosidl_typesupport_cpp: rosidl_typesupport_fastrtps_cpp;rosidl_typesupport_introspection_cpp
[0.245s] -- Found rmw_implementation_cmake: 6.1.2 (/opt/ros/humble/share/rmw_implementation_cmake/cmake)
[0.246s] -- Found rmw_fastrtps_cpp: 6.2.6 (/opt/ros/humble/share/rmw_fastrtps_cpp/cmake)
[0.321s] -- Using RMW implementation 'rmw_fastrtps_cpp' as default
[0.723s] -- Found eigen3_cmake_module: 0.1.1 (/opt/ros/humble/share/eigen3_cmake_module/cmake)
[0.724s] -- Ensuring Eigen3 include directory is part of orocos-kdl CMake target
[1.276s] -- Found ament_lint_auto: 0.12.11 (/opt/ros/humble/share/ament_lint_auto/cmake)
[1.649s] -- Added test 'copyright' to check source files copyright and LICENSE
[1.650s] -- Added test 'cppcheck' to perform static code analysis on C / C++ code
[1.650s] -- Configured cppcheck include dirs: /home/usman/ros2_ws/src/zed-ros2-wrapper/zed_wrapper/src
[1.650s] -- Configured cppcheck exclude dirs and/or files: 
[1.650s] -- Added test 'lint_cmake' to check CMake code style
[1.651s] -- Added test 'pep257' to check Python code against some of the docstring style conventions in PEP 257
[1.652s] -- Added test 'uncrustify' to check C / C++ code style
[1.652s] -- Configured uncrustify additional arguments: 
[1.652s] -- Added test 'xmllint' to check XML markup files
[1.652s] -- Configuring done
[1.717s] -- Generating done
[1.718s] -- Build files have been written to: /home/usman/ros2_ws/build/zed_wrapper
[1.726s] Invoked command in '/home/usman/ros2_ws/build/zed_wrapper' returned '0': CMAKE_PREFIX_PATH=/home/usman/ros2_ws/install/zed_components:/home/usman/ros2_ws/install/zed_interfaces:/home/usman/ros2_ws/install/zed_ros2:/home/usman/ros2_ws/install/zed_wrapper:/opt/ros/humble /usr/bin/cmake /home/usman/ros2_ws/src/zed-ros2-wrapper/zed_wrapper -DCMAKE_INSTALL_PREFIX=/home/usman/ros2_ws/install/zed_wrapper
[1.727s] Invoking command in '/home/usman/ros2_ws/build/zed_wrapper': CMAKE_PREFIX_PATH=/home/usman/ros2_ws/install/zed_components:/home/usman/ros2_ws/install/zed_interfaces:/home/usman/ros2_ws/install/zed_ros2:/home/usman/ros2_ws/install/zed_wrapper:/opt/ros/humble /usr/bin/cmake --build /home/usman/ros2_ws/build/zed_wrapper -- -j16 -l16
[1.755s] [35m[1mConsolidate compiler generated dependencies of target zed_wrapper[0m
[1.770s] [100%] Built target zed_wrapper
[1.777s] Invoked command in '/home/usman/ros2_ws/build/zed_wrapper' returned '0': CMAKE_PREFIX_PATH=/home/usman/ros2_ws/install/zed_components:/home/usman/ros2_ws/install/zed_interfaces:/home/usman/ros2_ws/install/zed_ros2:/home/usman/ros2_ws/install/zed_wrapper:/opt/ros/humble /usr/bin/cmake --build /home/usman/ros2_ws/build/zed_wrapper -- -j16 -l16
[1.795s] Invoking command in '/home/usman/ros2_ws/build/zed_wrapper': CMAKE_PREFIX_PATH=/home/usman/ros2_ws/install/zed_components:/home/usman/ros2_ws/install/zed_interfaces:/home/usman/ros2_ws/install/zed_ros2:/home/usman/ros2_ws/install/zed_wrapper:/opt/ros/humble /usr/bin/cmake --install /home/usman/ros2_ws/build/zed_wrapper
[1.799s] -- Install configuration: "Release"
[1.799s] -- Execute custom install script
[1.799s] -- Up-to-date symlink: /home/usman/ros2_ws/install/zed_wrapper/lib/zed_wrapper/zed_wrapper
[1.800s] -- Up-to-date symlink: /home/usman/ros2_ws/install/zed_wrapper/share/zed_wrapper/config/common.yaml
[1.800s] -- Up-to-date symlink: /home/usman/ros2_ws/install/zed_wrapper/share/zed_wrapper/config/virtual.yaml
[1.800s] -- Up-to-date symlink: /home/usman/ros2_ws/install/zed_wrapper/share/zed_wrapper/config/zed.yaml
[1.800s] -- Up-to-date symlink: /home/usman/ros2_ws/install/zed_wrapper/share/zed_wrapper/config/zed2.yaml
[1.800s] -- Up-to-date symlink: /home/usman/ros2_ws/install/zed_wrapper/share/zed_wrapper/config/zed2i.yaml
[1.800s] -- Up-to-date symlink: /home/usman/ros2_ws/install/zed_wrapper/share/zed_wrapper/config/zedm.yaml
[1.800s] -- Up-to-date symlink: /home/usman/ros2_ws/install/zed_wrapper/share/zed_wrapper/config/zedx.yaml
[1.800s] -- Up-to-date symlink: /home/usman/ros2_ws/install/zed_wrapper/share/zed_wrapper/config/zedxm.yaml
[1.800s] -- Up-to-date symlink: /home/usman/ros2_ws/install/zed_wrapper/share/zed_wrapper/urdf/include/materials.urdf.xacro
[1.800s] -- Up-to-date symlink: /home/usman/ros2_ws/install/zed_wrapper/share/zed_wrapper/urdf/zed_descr.urdf.xacro
[1.800s] -- Up-to-date symlink: /home/usman/ros2_ws/install/zed_wrapper/share/zed_wrapper/urdf/zed_macro.urdf.xacro
[1.801s] -- Up-to-date symlink: /home/usman/ros2_ws/install/zed_wrapper/share/zed_wrapper/launch/zed_camera.launch.py
[1.801s] -- Up-to-date symlink: /home/usman/ros2_ws/install/zed_wrapper/share/ament_index/resource_index/package_run_dependencies/zed_wrapper
[1.801s] -- Up-to-date symlink: /home/usman/ros2_ws/install/zed_wrapper/share/ament_index/resource_index/parent_prefix_path/zed_wrapper
[1.801s] -- Up-to-date symlink: /home/usman/ros2_ws/install/zed_wrapper/share/zed_wrapper/environment/ament_prefix_path.sh
[1.801s] -- Up-to-date symlink: /home/usman/ros2_ws/install/zed_wrapper/share/zed_wrapper/environment/ament_prefix_path.dsv
[1.801s] -- Up-to-date symlink: /home/usman/ros2_ws/install/zed_wrapper/share/zed_wrapper/environment/path.sh
[1.801s] -- Up-to-date symlink: /home/usman/ros2_ws/install/zed_wrapper/share/zed_wrapper/environment/path.dsv
[1.801s] -- Up-to-date symlink: /home/usman/ros2_ws/install/zed_wrapper/share/zed_wrapper/local_setup.bash
[1.801s] -- Up-to-date symlink: /home/usman/ros2_ws/install/zed_wrapper/share/zed_wrapper/local_setup.sh
[1.801s] -- Up-to-date symlink: /home/usman/ros2_ws/install/zed_wrapper/share/zed_wrapper/local_setup.zsh
[1.801s] -- Up-to-date symlink: /home/usman/ros2_ws/install/zed_wrapper/share/zed_wrapper/local_setup.dsv
[1.801s] -- Symlinking: /home/usman/ros2_ws/install/zed_wrapper/share/zed_wrapper/package.dsv
[1.807s] -- Up-to-date symlink: /home/usman/ros2_ws/install/zed_wrapper/share/ament_index/resource_index/packages/zed_wrapper
[1.807s] -- Up-to-date symlink: /home/usman/ros2_ws/install/zed_wrapper/share/zed_wrapper/cmake/zed_wrapperConfig.cmake
[1.807s] -- Up-to-date symlink: /home/usman/ros2_ws/install/zed_wrapper/share/zed_wrapper/cmake/zed_wrapperConfig-version.cmake
[1.807s] -- Up-to-date symlink: /home/usman/ros2_ws/install/zed_wrapper/share/zed_wrapper/package.xml
[1.809s] Invoked command in '/home/usman/ros2_ws/build/zed_wrapper' returned '0': CMAKE_PREFIX_PATH=/home/usman/ros2_ws/install/zed_components:/home/usman/ros2_ws/install/zed_interfaces:/home/usman/ros2_ws/install/zed_ros2:/home/usman/ros2_ws/install/zed_wrapper:/opt/ros/humble /usr/bin/cmake --install /home/usman/ros2_ws/build/zed_wrapper
